RUN	EmployeeAcceptOrder	employeeacceptorder	1549219525591	 	3.0.3
USER	EmployeeAcceptOrder	1	START	1549219526996	1549219526996
REQUEST	1		request_0	1549219527019	1549219527050	OK	 
REQUEST	1		request_0 Redirect 1	1549219527060	1549219527065	OK	 
USER	EmployeeAcceptOrder	2	START	1549219527529	1549219527529
REQUEST	2		request_0	1549219527530	1549219527545	OK	 
REQUEST	2		request_0 Redirect 1	1549219527546	1549219527549	OK	 
USER	EmployeeAcceptOrder	3	START	1549219528028	1549219528028
REQUEST	3		request_0	1549219528029	1549219528044	OK	 
REQUEST	3		request_0 Redirect 1	1549219528045	1549219528047	OK	 
USER	EmployeeAcceptOrder	4	START	1549219528528	1549219528528
REQUEST	4		request_0	1549219528529	1549219528545	OK	 
REQUEST	4		request_0 Redirect 1	1549219528546	1549219528548	OK	 
USER	EmployeeAcceptOrder	5	START	1549219529028	1549219529028
REQUEST	5		request_0	1549219529029	1549219529044	OK	 
REQUEST	5		request_0 Redirect 1	1549219529045	1549219529047	OK	 
USER	EmployeeAcceptOrder	6	START	1549219530007	1549219530007
REQUEST	6		request_0	1549219530009	1549219530023	OK	 
REQUEST	6		request_0 Redirect 1	1549219530024	1549219530026	OK	 
USER	EmployeeAcceptOrder	7	START	1549219530508	1549219530508
REQUEST	7		request_0	1549219530509	1549219530524	OK	 
REQUEST	7		request_0 Redirect 1	1549219530525	1549219530527	OK	 
USER	EmployeeAcceptOrder	8	START	1549219531008	1549219531008
REQUEST	8		request_0	1549219531009	1549219531024	OK	 
REQUEST	8		request_0 Redirect 1	1549219531025	1549219531027	OK	 
USER	EmployeeAcceptOrder	9	START	1549219531508	1549219531508
REQUEST	9		request_0	1549219531509	1549219531513	OK	 
REQUEST	9		request_0 Redirect 1	1549219531514	1549219531518	OK	 
USER	EmployeeAcceptOrder	10	START	1549219532008	1549219532008
REQUEST	10		request_0	1549219532009	1549219532013	OK	 
REQUEST	10		request_0 Redirect 1	1549219532014	1549219532017	OK	 
REQUEST	1		request_1	1549219532094	1549219532704	OK	 
USER	EmployeeAcceptOrder	11	START	1549219533008	1549219533008
REQUEST	11		request_0	1549219533009	1549219533013	OK	 
REQUEST	11		request_0 Redirect 1	1549219533014	1549219533018	OK	 
REQUEST	2		request_1	1549219532568	1549219533179	OK	 
USER	EmployeeAcceptOrder	12	START	1549219533508	1549219533508
REQUEST	12		request_0	1549219533509	1549219533513	OK	 
REQUEST	12		request_0 Redirect 1	1549219533514	1549219533517	OK	 
REQUEST	3		request_1	1549219533068	1549219533679	OK	 
USER	EmployeeAcceptOrder	13	START	1549219534008	1549219534008
REQUEST	13		request_0	1549219534009	1549219534014	OK	 
REQUEST	13		request_0 Redirect 1	1549219534014	1549219534018	OK	 
REQUEST	4		request_1	1549219533557	1549219534166	OK	 
USER	EmployeeAcceptOrder	14	START	1549219534509	1549219534509
REQUEST	14		request_0	1549219534509	1549219534514	OK	 
REQUEST	14		request_0 Redirect 1	1549219534515	1549219534518	OK	 
REQUEST	5		request_1	1549219534068	1549219534674	OK	 
REQUEST	1		request_2	1549219534712	1549219534715	OK	 
REQUEST	1		request_3	1549219534732	1549219534745	OK	 
USER	EmployeeAcceptOrder	15	START	1549219535008	1549219535008
REQUEST	15		request_0	1549219535008	1549219535013	OK	 
REQUEST	15		request_0 Redirect 1	1549219535014	1549219535017	OK	 
REQUEST	2		request_2	1549219535179	1549219535181	OK	 
REQUEST	2		request_3	1549219535183	1549219535195	OK	 
REQUEST	6		request_1	1549219535039	1549219535649	OK	 
REQUEST	3		request_2	1549219535677	1549219535680	OK	 
REQUEST	3		request_3	1549219535681	1549219535692	OK	 
USER	EmployeeAcceptOrder	16	START	1549219536007	1549219536007
REQUEST	16		request_0	1549219536007	1549219536010	OK	 
REQUEST	16		request_0 Redirect 1	1549219536010	1549219536013	OK	 
REQUEST	7		request_1	1549219535549	1549219536160	OK	 
REQUEST	4		request_2	1549219536178	1549219536181	OK	 
REQUEST	4		request_3	1549219536182	1549219536194	OK	 
USER	EmployeeAcceptOrder	17	START	1549219536508	1549219536508
REQUEST	17		request_0	1549219536509	1549219536512	OK	 
REQUEST	17		request_0 Redirect 1	1549219536513	1549219536516	OK	 
REQUEST	8		request_1	1549219536049	1549219536656	OK	 
REQUEST	5		request_2	1549219536667	1549219536670	OK	 
REQUEST	5		request_3	1549219536671	1549219536683	OK	 
REQUEST	1		request_4	1549219536737	1549219536742	OK	 
REQUEST	1		request_5	1549219536744	1549219536747	OK	 
REQUEST	1		request_6	1549219536744	1549219536749	OK	 
REQUEST	1		request_7	1549219536745	1549219536751	OK	 
USER	EmployeeAcceptOrder	18	START	1549219537008	1549219537008
REQUEST	18		request_0	1549219537009	1549219537012	OK	 
REQUEST	18		request_0 Redirect 1	1549219537013	1549219537016	OK	 
REQUEST	9		request_1	1549219536539	1549219537149	OK	 
REQUEST	2		request_4	1549219537199	1549219537204	OK	 
REQUEST	2		request_5	1549219537205	1549219537210	OK	 
REQUEST	2		request_6	1549219537206	1549219537211	OK	 
REQUEST	2		request_7	1549219537207	1549219537212	OK	 
USER	EmployeeAcceptOrder	19	START	1549219537509	1549219537509
REQUEST	19		request_0	1549219537509	1549219537513	OK	 
REQUEST	19		request_0 Redirect 1	1549219537513	1549219537516	OK	 
REQUEST	10		request_1	1549219537037	1549219537644	OK	 
REQUEST	6		request_2	1549219537659	1549219537662	OK	 
REQUEST	6		request_3	1549219537663	1549219537676	OK	 
REQUEST	3		request_4	1549219537699	1549219537703	OK	 
REQUEST	3		request_5	1549219537705	1549219537709	OK	 
REQUEST	3		request_6	1549219537706	1549219537710	OK	 
REQUEST	3		request_7	1549219537706	1549219537712	OK	 
USER	EmployeeAcceptOrder	20	START	1549219538007	1549219538007
REQUEST	20		request_0	1549219538008	1549219538025	OK	 
REQUEST	20		request_0 Redirect 1	1549219538025	1549219538028	OK	 
REQUEST	7		request_2	1549219538159	1549219538161	OK	 
REQUEST	7		request_3	1549219538163	1549219538174	OK	 
REQUEST	4		request_4	1549219538199	1549219538204	OK	 
REQUEST	4		request_5	1549219538205	1549219538209	OK	 
REQUEST	4		request_6	1549219538206	1549219538210	OK	 
REQUEST	4		request_7	1549219538206	1549219538212	OK	 
REQUEST	11		request_1	1549219538038	1549219538647	OK	 
REQUEST	8		request_2	1549219538659	1549219538662	OK	 
REQUEST	8		request_3	1549219538663	1549219538675	OK	 
REQUEST	5		request_4	1549219538687	1549219538690	OK	 
REQUEST	5		request_5	1549219538691	1549219538694	OK	 
REQUEST	5		request_6	1549219538692	1549219538696	OK	 
REQUEST	5		request_7	1549219538692	1549219538697	OK	 
USER	EmployeeAcceptOrder	21	START	1549219539008	1549219539008
REQUEST	21		request_0	1549219539009	1549219539011	OK	 
REQUEST	21		request_0 Redirect 1	1549219539012	1549219539015	OK	 
REQUEST	12		request_1	1549219538539	1549219539149	OK	 
REQUEST	9		request_2	1549219539148	1549219539150	OK	 
REQUEST	9		request_3	1549219539151	1549219539163	OK	 
USER	EmployeeAcceptOrder	22	START	1549219539507	1549219539507
REQUEST	22		request_0	1549219539508	1549219539513	OK	 
REQUEST	22		request_0 Redirect 1	1549219539514	1549219539517	OK	 
REQUEST	10		request_2	1549219539637	1549219539639	OK	 
REQUEST	13		request_1	1549219539037	1549219539642	OK	 
REQUEST	10		request_3	1549219539641	1549219539652	OK	 
REQUEST	6		request_4	1549219539669	1549219539673	OK	 
REQUEST	6		request_5	1549219539675	1549219539678	OK	 
REQUEST	6		request_6	1549219539675	1549219539680	OK	 
REQUEST	6		request_7	1549219539676	1549219539681	OK	 
USER	EmployeeAcceptOrder	23	START	1549219540007	1549219540007
REQUEST	23		request_0	1549219540007	1549219540010	OK	 
REQUEST	23		request_0 Redirect 1	1549219540011	1549219540014	OK	 
REQUEST	14		request_1	1549219539537	1549219540142	OK	 
REQUEST	7		request_4	1549219540179	1549219540183	OK	 
REQUEST	7		request_5	1549219540185	1549219540188	OK	 
REQUEST	7		request_6	1549219540185	1549219540190	OK	 
REQUEST	7		request_7	1549219540186	1549219540191	OK	 
USER	EmployeeAcceptOrder	24	START	1549219540507	1549219540507
REQUEST	24		request_0	1549219540508	1549219540511	OK	 
REQUEST	24		request_0 Redirect 1	1549219540512	1549219540515	OK	 
REQUEST	15		request_1	1549219540037	1549219540643	OK	 
REQUEST	11		request_2	1549219540647	1549219540649	OK	 
REQUEST	11		request_3	1549219540650	1549219540661	OK	 
REQUEST	8		request_4	1549219540669	1549219540673	OK	 
REQUEST	8		request_5	1549219540675	1549219540678	OK	 
REQUEST	8		request_6	1549219540676	1549219540680	OK	 
REQUEST	8		request_7	1549219540676	1549219540682	OK	 
USER	EmployeeAcceptOrder	25	START	1549219541008	1549219541008
REQUEST	25		request_0	1549219541009	1549219541012	OK	 
REQUEST	25		request_0 Redirect 1	1549219541013	1549219541016	OK	 
REQUEST	12		request_2	1549219541148	1549219541151	OK	 
REQUEST	12		request_3	1549219541152	1549219541162	OK	 
REQUEST	9		request_4	1549219541166	1549219541169	OK	 
REQUEST	9		request_5	1549219541170	1549219541173	OK	 
REQUEST	9		request_6	1549219541171	1549219541175	OK	 
REQUEST	9		request_7	1549219541171	1549219541175	OK	 
REQUEST	16		request_1	1549219541027	1549219541634	OK	 
REQUEST	13		request_2	1549219541649	1549219541652	OK	 
REQUEST	10		request_4	1549219541657	1549219541660	OK	 
REQUEST	10		request_5	1549219541661	1549219541663	OK	 
REQUEST	10		request_6	1549219541661	1549219541665	OK	 
REQUEST	13		request_3	1549219541653	1549219541666	OK	 
REQUEST	10		request_7	1549219541662	1549219541666	OK	 
USER	EmployeeAcceptOrder	26	START	1549219542008	1549219542008
REQUEST	26		request_0	1549219542009	1549219542012	OK	 
REQUEST	26		request_0 Redirect 1	1549219542012	1549219542015	OK	 
REQUEST	17		request_1	1549219541528	1549219542135	OK	 
REQUEST	14		request_2	1549219542149	1549219542151	OK	 
REQUEST	14		request_3	1549219542152	1549219542164	OK	 
USER	EmployeeAcceptOrder	27	START	1549219542508	1549219542508
REQUEST	27		request_0	1549219542509	1549219542512	OK	 
REQUEST	27		request_0 Redirect 1	1549219542513	1549219542516	OK	 
REQUEST	18		request_1	1549219542028	1549219542632	OK	 
REQUEST	15		request_2	1549219542648	1549219542651	OK	 
REQUEST	15		request_3	1549219542652	1549219542664	OK	 
REQUEST	11		request_4	1549219542668	1549219542672	OK	 
REQUEST	11		request_5	1549219542674	1549219542677	OK	 
REQUEST	11		request_6	1549219542674	1549219542678	OK	 
REQUEST	11		request_7	1549219542675	1549219542679	OK	 
USER	EmployeeAcceptOrder	28	START	1549219543008	1549219543008
REQUEST	28		request_0	1549219543008	1549219543011	OK	 
REQUEST	28		request_0 Redirect 1	1549219543012	1549219543014	OK	 
REQUEST	19		request_1	1549219542538	1549219543145	OK	 
REQUEST	12		request_4	1549219543159	1549219543164	OK	 
REQUEST	12		request_5	1549219543165	1549219543168	OK	 
REQUEST	12		request_6	1549219543166	1549219543170	OK	 
REQUEST	12		request_7	1549219543167	1549219543171	OK	 
USER	EmployeeAcceptOrder	29	START	1549219543509	1549219543509
REQUEST	29		request_0	1549219543509	1549219543512	OK	 
REQUEST	29		request_0 Redirect 1	1549219543513	1549219543515	OK	 
REQUEST	16		request_2	1549219543637	1549219543640	OK	 
REQUEST	16		request_3	1549219543641	1549219543652	OK	 
REQUEST	20		request_1	1549219543048	1549219543654	OK	 
REQUEST	13		request_4	1549219543658	1549219543662	OK	 
REQUEST	13		request_5	1549219543663	1549219543666	OK	 
REQUEST	13		request_6	1549219543664	1549219543668	OK	 
REQUEST	13		request_7	1549219543664	1549219543669	OK	 
REQUEST	1		request_8	1549219543762	1549219543771	OK	 
REQUEST	1		request_9	1549219543772	1549219543774	OK	 
REQUEST	1		request_10	1549219543772	1549219543782	OK	 
USER	EmployeeAcceptOrder	30	START	1549219544008	1549219544008
REQUEST	30		request_0	1549219544009	1549219544012	OK	 
REQUEST	30		request_0 Redirect 1	1549219544012	1549219544015	OK	 
REQUEST	17		request_2	1549219544138	1549219544140	OK	 
REQUEST	17		request_3	1549219544141	1549219544151	OK	 
REQUEST	14		request_4	1549219544159	1549219544162	OK	 
REQUEST	14		request_5	1549219544163	1549219544165	OK	 
REQUEST	14		request_6	1549219544163	1549219544167	OK	 
REQUEST	14		request_7	1549219544164	1549219544168	OK	 
REQUEST	2		request_8	1549219544209	1549219544216	OK	 
REQUEST	2		request_9	1549219544217	1549219544219	OK	 
REQUEST	2		request_10	1549219544217	1549219544227	OK	 
REQUEST	21		request_1	1549219544029	1549219544638	OK	 
REQUEST	18		request_2	1549219544638	1549219544641	OK	 
REQUEST	18		request_3	1549219544642	1549219544652	OK	 
REQUEST	15		request_4	1549219544658	1549219544660	OK	 
REQUEST	15		request_5	1549219544661	1549219544664	OK	 
REQUEST	15		request_6	1549219544662	1549219544665	OK	 
REQUEST	15		request_7	1549219544662	1549219544666	OK	 
REQUEST	3		request_8	1549219544708	1549219544715	OK	 
REQUEST	3		request_9	1549219544716	1549219544718	OK	 
REQUEST	3		request_10	1549219544716	1549219544726	OK	 
USER	EmployeeAcceptOrder	31	START	1549219545008	1549219545008
REQUEST	31		request_0	1549219545009	1549219545012	OK	 
REQUEST	31		request_0 Redirect 1	1549219545012	1549219545015	OK	 
REQUEST	19		request_2	1549219545138	1549219545140	OK	 
REQUEST	22		request_1	1549219544538	1549219545142	OK	 
REQUEST	19		request_3	1549219545141	1549219545153	OK	 
REQUEST	4		request_8	1549219545208	1549219545217	OK	 
REQUEST	4		request_9	1549219545218	1549219545220	OK	 
REQUEST	4		request_10	1549219545218	1549219545229	OK	 
USER	EmployeeAcceptOrder	32	START	1549219545508	1549219545508
REQUEST	32		request_0	1549219545508	1549219545513	OK	 
REQUEST	32		request_0 Redirect 1	1549219545514	1549219545516	OK	 
REQUEST	23		request_1	1549219545029	1549219545633	OK	 
REQUEST	20		request_2	1549219545648	1549219545650	OK	 
REQUEST	16		request_4	1549219545657	1549219545660	OK	 
REQUEST	20		request_3	1549219545651	1549219545661	OK	 
REQUEST	16		request_5	1549219545661	1549219545664	OK	 
REQUEST	16		request_6	1549219545661	1549219545666	OK	 
REQUEST	16		request_7	1549219545662	1549219545667	OK	 
REQUEST	5		request_8	1549219545709	1549219545715	OK	 
REQUEST	5		request_9	1549219545716	1549219545717	OK	 
REQUEST	5		request_10	1549219545716	1549219545724	OK	 
USER	EmployeeAcceptOrder	33	START	1549219546007	1549219546007
REQUEST	33		request_0	1549219546007	1549219546011	OK	 
REQUEST	33		request_0 Redirect 1	1549219546011	1549219546014	OK	 
REQUEST	24		request_1	1549219545528	1549219546136	OK	 
REQUEST	17		request_4	1549219546158	1549219546162	OK	 
REQUEST	17		request_5	1549219546163	1549219546166	OK	 
REQUEST	17		request_6	1549219546164	1549219546168	OK	 
REQUEST	17		request_7	1549219546164	1549219546168	OK	 
USER	EmployeeAcceptOrder	34	START	1549219546508	1549219546508
REQUEST	34		request_0	1549219546509	1549219546512	OK	 
REQUEST	34		request_0 Redirect 1	1549219546512	1549219546515	OK	 
REQUEST	25		request_1	1549219546029	1549219546633	OK	 
REQUEST	21		request_2	1549219546647	1549219546649	OK	 
REQUEST	18		request_4	1549219546657	1549219546660	OK	 
REQUEST	21		request_3	1549219546650	1549219546663	OK	 
REQUEST	18		request_5	1549219546661	1549219546663	OK	 
REQUEST	18		request_6	1549219546661	1549219546665	OK	 
REQUEST	18		request_7	1549219546662	1549219546667	OK	 
REQUEST	6		request_8	1549219546688	1549219546695	OK	 
REQUEST	6		request_9	1549219546696	1549219546698	OK	 
REQUEST	6		request_10	1549219546697	1549219546707	OK	 
USER	EmployeeAcceptOrder	35	START	1549219547006	1549219547006
REQUEST	35		request_0	1549219547007	1549219547010	OK	 
REQUEST	35		request_0 Redirect 1	1549219547010	1549219547013	OK	 
REQUEST	22		request_2	1549219547139	1549219547142	OK	 
REQUEST	22		request_3	1549219547143	1549219547155	OK	 
REQUEST	19		request_4	1549219547159	1549219547161	OK	 
REQUEST	19		request_5	1549219547162	1549219547164	OK	 
REQUEST	19		request_6	1549219547162	1549219547166	OK	 
REQUEST	19		request_7	1549219547162	1549219547167	OK	 
REQUEST	7		request_8	1549219547188	1549219547194	OK	 
REQUEST	7		request_9	1549219547195	1549219547197	OK	 
REQUEST	7		request_10	1549219547196	1549219547206	OK	 
REQUEST	26		request_1	1549219547029	1549219547636	OK	 
REQUEST	23		request_2	1549219547637	1549219547639	OK	 
REQUEST	23		request_3	1549219547640	1549219547651	OK	 
REQUEST	20		request_4	1549219547667	1549219547671	OK	 
REQUEST	20		request_5	1549219547672	1549219547675	OK	 
REQUEST	20		request_6	1549219547672	1549219547678	OK	 
REQUEST	20		request_7	1549219547673	1549219547679	OK	 
REQUEST	8		request_8	1549219547688	1549219547694	OK	 
REQUEST	8		request_9	1549219547695	1549219547696	OK	 
REQUEST	8		request_10	1549219547695	1549219547705	OK	 
USER	EmployeeAcceptOrder	36	START	1549219548009	1549219548009
REQUEST	36		request_0	1549219548009	1549219548012	OK	 
REQUEST	36		request_0 Redirect 1	1549219548012	1549219548015	OK	 
REQUEST	27		request_1	1549219547537	1549219548148	OK	 
REQUEST	24		request_2	1549219548148	1549219548150	OK	 
REQUEST	24		request_3	1549219548151	1549219548163	OK	 
REQUEST	9		request_8	1549219548167	1549219548172	OK	 
REQUEST	9		request_9	1549219548173	1549219548175	OK	 
REQUEST	9		request_10	1549219548173	1549219548184	OK	 
USER	EmployeeAcceptOrder	37	START	1549219548506	1549219548506
REQUEST	37		request_0	1549219548507	1549219548510	OK	 
REQUEST	37		request_0 Redirect 1	1549219548510	1549219548514	OK	 
REQUEST	28		request_1	1549219548029	1549219548636	OK	 
REQUEST	25		request_2	1549219548638	1549219548640	OK	 
REQUEST	25		request_3	1549219548641	1549219548653	OK	 
REQUEST	21		request_4	1549219548659	1549219548663	OK	 
REQUEST	21		request_5	1549219548664	1549219548666	OK	 
REQUEST	21		request_6	1549219548664	1549219548668	OK	 
REQUEST	21		request_7	1549219548665	1549219548669	OK	 
REQUEST	10		request_8	1549219548666	1549219548673	OK	 
REQUEST	10		request_9	1549219548674	1549219548675	OK	 
REQUEST	10		request_10	1549219548674	1549219548685	OK	 
REQUEST	1		request_11	1549219548777	1549219548779	OK	 
REQUEST	1		request_11 Redirect 1	1549219548779	1549219548781	OK	 
REQUEST	1		request_11 Redirect 2	1549219548781	1549219548784	OK	 
USER	EmployeeAcceptOrder	1	END	1549219526996	1549219548787
USER	EmployeeAcceptOrder	38	START	1549219549007	1549219549007
REQUEST	38		request_0	1549219549008	1549219549011	OK	 
REQUEST	38		request_0 Redirect 1	1549219549011	1549219549014	OK	 
REQUEST	29		request_1	1549219548528	1549219549132	OK	 
REQUEST	22		request_4	1549219549158	1549219549163	OK	 
REQUEST	22		request_5	1549219549164	1549219549167	OK	 
REQUEST	22		request_6	1549219549164	1549219549169	OK	 
REQUEST	22		request_7	1549219549165	1549219549170	OK	 
REQUEST	2		request_11	1549219549236	1549219549241	OK	 
REQUEST	2		request_11 Redirect 1	1549219549241	1549219549243	OK	 
REQUEST	2		request_11 Redirect 2	1549219549243	1549219549247	OK	 
USER	EmployeeAcceptOrder	2	END	1549219527529	1549219549247
USER	EmployeeAcceptOrder	39	START	1549219549508	1549219549508
REQUEST	39		request_0	1549219549509	1549219549512	OK	 
REQUEST	39		request_0 Redirect 1	1549219549512	1549219549516	OK	 
REQUEST	30		request_1	1549219549029	1549219549636	OK	 
REQUEST	26		request_2	1549219549638	1549219549641	OK	 
REQUEST	26		request_3	1549219549642	1549219549653	OK	 
REQUEST	23		request_4	1549219549659	1549219549664	OK	 
REQUEST	23		request_5	1549219549666	1549219549669	OK	 
REQUEST	23		request_6	1549219549666	1549219549671	OK	 
REQUEST	23		request_7	1549219549667	1549219549672	OK	 
REQUEST	11		request_8	1549219549678	1549219549686	OK	 
REQUEST	11		request_9	1549219549687	1549219549689	OK	 
REQUEST	11		request_10	1549219549688	1549219549697	OK	 
REQUEST	3		request_11	1549219549738	1549219549740	OK	 
REQUEST	3		request_11 Redirect 1	1549219549740	1549219549742	OK	 
REQUEST	3		request_11 Redirect 2	1549219549742	1549219549745	OK	 
USER	EmployeeAcceptOrder	3	END	1549219528028	1549219549746
USER	EmployeeAcceptOrder	40	START	1549219550008	1549219550008
REQUEST	40		request_0	1549219550009	1549219550012	OK	 
REQUEST	40		request_0 Redirect 1	1549219550012	1549219550015	OK	 
REQUEST	27		request_2	1549219550148	1549219550151	OK	 
REQUEST	24		request_4	1549219550156	1549219550159	OK	 
REQUEST	24		request_5	1549219550161	1549219550163	OK	 
REQUEST	27		request_3	1549219550152	1549219550163	OK	 
REQUEST	24		request_6	1549219550161	1549219550164	OK	 
REQUEST	24		request_7	1549219550162	1549219550165	OK	 
REQUEST	12		request_8	1549219550177	1549219550184	OK	 
REQUEST	12		request_9	1549219550185	1549219550187	OK	 
REQUEST	12		request_10	1549219550186	1549219550194	OK	 
REQUEST	4		request_11	1549219550238	1549219550240	OK	 
REQUEST	4		request_11 Redirect 1	1549219550240	1549219550241	OK	 
REQUEST	4		request_11 Redirect 2	1549219550242	1549219550245	OK	 
USER	EmployeeAcceptOrder	4	END	1549219528528	1549219550245
REQUEST	31		request_1	1549219550026	1549219550632	OK	 
REQUEST	28		request_2	1549219550638	1549219550640	OK	 
REQUEST	28		request_3	1549219550641	1549219550651	OK	 
REQUEST	25		request_4	1549219550657	1549219550660	OK	 
REQUEST	25		request_5	1549219550661	1549219550665	OK	 
REQUEST	25		request_6	1549219550662	1549219550667	OK	 
REQUEST	25		request_7	1549219550663	1549219550668	OK	 
REQUEST	13		request_8	1549219550678	1549219550683	OK	 
REQUEST	13		request_9	1549219550684	1549219550685	OK	 
REQUEST	13		request_10	1549219550684	1549219550692	OK	 
REQUEST	5		request_11	1549219550717	1549219550718	OK	 
REQUEST	5		request_11 Redirect 1	1549219550719	1549219550720	OK	 
REQUEST	5		request_11 Redirect 2	1549219550720	1549219550722	OK	 
USER	EmployeeAcceptOrder	5	END	1549219529028	1549219550722
USER	EmployeeAcceptOrder	41	START	1549219551008	1549219551008
REQUEST	41		request_0	1549219551009	1549219551011	OK	 
REQUEST	41		request_0 Redirect 1	1549219551012	1549219551014	OK	 
REQUEST	29		request_2	1549219551138	1549219551140	OK	 
REQUEST	32		request_1	1549219550538	1549219551145	OK	 
REQUEST	29		request_3	1549219551141	1549219551153	OK	 
REQUEST	14		request_8	1549219551178	1549219551184	OK	 
REQUEST	14		request_9	1549219551185	1549219551187	OK	 
REQUEST	14		request_10	1549219551185	1549219551194	OK	 
USER	EmployeeAcceptOrder	42	START	1549219551509	1549219551509
REQUEST	42		request_0	1549219551509	1549219551512	OK	 
REQUEST	42		request_0 Redirect 1	1549219551512	1549219551515	OK	 
REQUEST	33		request_1	1549219551029	1549219551637	OK	 
REQUEST	30		request_2	1549219551637	1549219551639	OK	 
REQUEST	30		request_3	1549219551640	1549219551649	OK	 
REQUEST	26		request_4	1549219551659	1549219551663	OK	 
REQUEST	26		request_5	1549219551664	1549219551667	OK	 
REQUEST	26		request_6	1549219551664	1549219551668	OK	 
REQUEST	26		request_7	1549219551665	1549219551669	OK	 
REQUEST	15		request_8	1549219551677	1549219551681	OK	 
REQUEST	15		request_9	1549219551682	1549219551683	OK	 
REQUEST	15		request_10	1549219551682	1549219551692	OK	 
REQUEST	6		request_11	1549219551717	1549219551719	OK	 
REQUEST	6		request_11 Redirect 1	1549219551719	1549219551721	OK	 
REQUEST	6		request_11 Redirect 2	1549219551721	1549219551723	OK	 
USER	EmployeeAcceptOrder	6	END	1549219530007	1549219551724
USER	EmployeeAcceptOrder	43	START	1549219552008	1549219552008
REQUEST	43		request_0	1549219552009	1549219552012	OK	 
REQUEST	43		request_0 Redirect 1	1549219552012	1549219552015	OK	 
REQUEST	34		request_1	1549219551528	1549219552137	OK	 
REQUEST	27		request_4	1549219552159	1549219552162	OK	 
REQUEST	27		request_5	1549219552163	1549219552166	OK	 
REQUEST	27		request_6	1549219552164	1549219552168	OK	 
REQUEST	27		request_7	1549219552164	1549219552169	OK	 
REQUEST	7		request_11	1549219552219	1549219552220	OK	 
REQUEST	7		request_11 Redirect 1	1549219552221	1549219552222	OK	 
REQUEST	7		request_11 Redirect 2	1549219552223	1549219552225	OK	 
USER	EmployeeAcceptOrder	7	END	1549219530508	1549219552226
USER	EmployeeAcceptOrder	44	START	1549219552509	1549219552509
REQUEST	44		request_0	1549219552510	1549219552512	OK	 
REQUEST	44		request_0 Redirect 1	1549219552513	1549219552516	OK	 
REQUEST	35		request_1	1549219552028	1549219552636	OK	 
REQUEST	31		request_2	1549219552636	1549219552638	OK	 
REQUEST	31		request_3	1549219552639	1549219552651	OK	 
REQUEST	28		request_4	1549219552657	1549219552661	OK	 
REQUEST	28		request_5	1549219552662	1549219552665	OK	 
REQUEST	28		request_6	1549219552662	1549219552666	OK	 
REQUEST	28		request_7	1549219552662	1549219552667	OK	 
REQUEST	16		request_8	1549219552678	1549219552683	OK	 
REQUEST	16		request_9	1549219552684	1549219552685	OK	 
REQUEST	16		request_10	1549219552684	1549219552696	OK	 
REQUEST	8		request_11	1549219552698	1549219552699	OK	 
REQUEST	8		request_11 Redirect 1	1549219552699	1549219552700	OK	 
REQUEST	8		request_11 Redirect 2	1549219552700	1549219552703	OK	 
USER	EmployeeAcceptOrder	8	END	1549219531008	1549219552703
USER	EmployeeAcceptOrder	45	START	1549219553008	1549219553008
REQUEST	45		request_0	1549219553009	1549219553012	OK	 
REQUEST	45		request_0 Redirect 1	1549219553012	1549219553015	OK	 
REQUEST	32		request_2	1549219553139	1549219553141	OK	 
REQUEST	32		request_3	1549219553142	1549219553154	OK	 
REQUEST	29		request_4	1549219553158	1549219553161	OK	 
REQUEST	29		request_5	1549219553162	1549219553165	OK	 
REQUEST	29		request_6	1549219553163	1549219553166	OK	 
REQUEST	29		request_7	1549219553163	1549219553167	OK	 
REQUEST	17		request_8	1549219553167	1549219553172	OK	 
REQUEST	17		request_9	1549219553172	1549219553174	OK	 
REQUEST	17		request_10	1549219553173	1549219553182	OK	 
REQUEST	9		request_11	1549219553189	1549219553190	OK	 
REQUEST	9		request_11 Redirect 1	1549219553190	1549219553191	OK	 
REQUEST	9		request_11 Redirect 2	1549219553191	1549219553194	OK	 
USER	EmployeeAcceptOrder	9	END	1549219531508	1549219553194
REQUEST	36		request_1	1549219553029	1549219553639	OK	 
REQUEST	33		request_2	1549219553649	1549219553651	OK	 
REQUEST	30		request_4	1549219553657	1549219553660	OK	 
REQUEST	30		request_5	1549219553661	1549219553663	OK	 
REQUEST	30		request_6	1549219553661	1549219553664	OK	 
REQUEST	33		request_3	1549219553652	1549219553664	OK	 
REQUEST	30		request_7	1549219553662	1549219553666	OK	 
REQUEST	18		request_8	1549219553669	1549219553674	OK	 
REQUEST	18		request_9	1549219553675	1549219553677	OK	 
REQUEST	18		request_10	1549219553675	1549219553686	OK	 
REQUEST	10		request_11	1549219553686	1549219553687	OK	 
REQUEST	10		request_11 Redirect 1	1549219553687	1549219553688	OK	 
REQUEST	10		request_11 Redirect 2	1549219553688	1549219553690	OK	 
USER	EmployeeAcceptOrder	10	END	1549219532008	1549219553690
USER	EmployeeAcceptOrder	46	START	1549219554009	1549219554009
REQUEST	46		request_0	1549219554009	1549219554012	OK	 
REQUEST	46		request_0 Redirect 1	1549219554012	1549219554015	OK	 
REQUEST	37		request_1	1549219553528	1549219554138	OK	 
REQUEST	34		request_2	1549219554147	1549219554149	OK	 
REQUEST	34		request_3	1549219554150	1549219554160	OK	 
REQUEST	19		request_8	1549219554178	1549219554186	OK	 
REQUEST	19		request_9	1549219554186	1549219554188	OK	 
REQUEST	19		request_10	1549219554187	1549219554198	OK	 
USER	EmployeeAcceptOrder	47	START	1549219554509	1549219554509
REQUEST	47		request_0	1549219554509	1549219554512	OK	 
REQUEST	47		request_0 Redirect 1	1549219554512	1549219554515	OK	 
REQUEST	38		request_1	1549219554028	1549219554637	OK	 
REQUEST	35		request_2	1549219554649	1549219554651	OK	 
REQUEST	31		request_4	1549219554657	1549219554660	OK	 
REQUEST	31		request_5	1549219554661	1549219554663	OK	 
REQUEST	31		request_6	1549219554661	1549219554664	OK	 
REQUEST	35		request_3	1549219554652	1549219554664	OK	 
REQUEST	31		request_7	1549219554661	1549219554665	OK	 
REQUEST	20		request_8	1549219554688	1549219554693	OK	 
REQUEST	20		request_9	1549219554694	1549219554695	OK	 
REQUEST	11		request_11	1549219554696	1549219554697	OK	 
REQUEST	11		request_11 Redirect 1	1549219554697	1549219554698	OK	 
REQUEST	11		request_11 Redirect 2	1549219554699	1549219554701	OK	 
USER	EmployeeAcceptOrder	11	END	1549219533008	1549219554701
REQUEST	20		request_10	1549219554694	1549219554705	OK	 
USER	EmployeeAcceptOrder	48	START	1549219555009	1549219555009
REQUEST	48		request_0	1549219555009	1549219555012	OK	 
REQUEST	48		request_0 Redirect 1	1549219555012	1549219555015	OK	 
REQUEST	39		request_1	1549219554529	1549219555138	OK	 
REQUEST	32		request_4	1549219555159	1549219555163	OK	 
REQUEST	32		request_5	1549219555164	1549219555166	OK	 
REQUEST	32		request_6	1549219555164	1549219555168	OK	 
REQUEST	32		request_7	1549219555164	1549219555169	OK	 
REQUEST	12		request_11	1549219555189	1549219555190	OK	 
REQUEST	12		request_11 Redirect 1	1549219555191	1549219555192	OK	 
REQUEST	12		request_11 Redirect 2	1549219555192	1549219555195	OK	 
USER	EmployeeAcceptOrder	12	END	1549219533508	1549219555196
USER	EmployeeAcceptOrder	49	START	1549219555509	1549219555509
REQUEST	49		request_0	1549219555509	1549219555512	OK	 
REQUEST	49		request_0 Redirect 1	1549219555512	1549219555515	OK	 
REQUEST	40		request_1	1549219555028	1549219555637	OK	 
REQUEST	36		request_2	1549219555649	1549219555651	OK	 
REQUEST	33		request_4	1549219555656	1549219555659	OK	 
REQUEST	33		request_5	1549219555660	1549219555662	OK	 
REQUEST	33		request_6	1549219555660	1549219555664	OK	 
REQUEST	33		request_7	1549219555661	1549219555665	OK	 
REQUEST	36		request_3	1549219555652	1549219555666	OK	 
REQUEST	21		request_8	1549219555678	1549219555684	OK	 
REQUEST	21		request_9	1549219555685	1549219555686	OK	 
REQUEST	13		request_11	1549219555686	1549219555687	OK	 
REQUEST	13		request_11 Redirect 1	1549219555687	1549219555688	OK	 
REQUEST	13		request_11 Redirect 2	1549219555688	1549219555690	OK	 
USER	EmployeeAcceptOrder	13	END	1549219534008	1549219555691
REQUEST	21		request_10	1549219555685	1549219555695	OK	 
USER	EmployeeAcceptOrder	50	START	1549219556008	1549219556008
REQUEST	50		request_0	1549219556009	1549219556011	OK	 
REQUEST	50		request_0 Redirect 1	1549219556012	1549219556015	OK	 
REQUEST	37		request_2	1549219556146	1549219556149	OK	 
REQUEST	34		request_4	1549219556157	1549219556159	OK	 
REQUEST	37		request_3	1549219556149	1549219556162	OK	 
REQUEST	34		request_5	1549219556160	1549219556162	OK	 
REQUEST	34		request_6	1549219556161	1549219556164	OK	 
REQUEST	34		request_7	1549219556161	1549219556165	OK	 
REQUEST	22		request_8	1549219556166	1549219556170	OK	 
REQUEST	22		request_9	1549219556171	1549219556172	OK	 
REQUEST	22		request_10	1549219556171	1549219556182	OK	 
REQUEST	14		request_11	1549219556186	1549219556187	OK	 
REQUEST	14		request_11 Redirect 1	1549219556187	1549219556188	OK	 
REQUEST	14		request_11 Redirect 2	1549219556189	1549219556191	OK	 
USER	EmployeeAcceptOrder	14	END	1549219534509	1549219556191
REQUEST	41		request_1	1549219556029	1549219556634	OK	 
REQUEST	38		request_2	1549219556649	1549219556652	OK	 
REQUEST	35		request_4	1549219556656	1549219556659	OK	 
REQUEST	35		request_5	1549219556660	1549219556662	OK	 
REQUEST	35		request_6	1549219556660	1549219556664	OK	 
REQUEST	35		request_7	1549219556661	1549219556665	OK	 
REQUEST	38		request_3	1549219556652	1549219556666	OK	 
REQUEST	23		request_8	1549219556669	1549219556673	OK	 
REQUEST	23		request_9	1549219556674	1549219556675	OK	 
REQUEST	23		request_10	1549219556674	1549219556684	OK	 
REQUEST	15		request_11	1549219556686	1549219556687	OK	 
REQUEST	15		request_11 Redirect 1	1549219556687	1549219556688	OK	 
REQUEST	15		request_11 Redirect 2	1549219556688	1549219556691	OK	 
USER	EmployeeAcceptOrder	15	END	1549219535008	1549219556691
USER	EmployeeAcceptOrder	51	START	1549219557008	1549219557008
REQUEST	51		request_0	1549219557009	1549219557012	OK	 
REQUEST	51		request_0 Redirect 1	1549219557012	1549219557015	OK	 
REQUEST	42		request_1	1549219556529	1549219557134	OK	 
REQUEST	39		request_2	1549219557147	1549219557149	OK	 
REQUEST	39		request_3	1549219557150	1549219557163	OK	 
REQUEST	24		request_8	1549219557169	1549219557176	OK	 
REQUEST	24		request_9	1549219557177	1549219557179	OK	 
REQUEST	24		request_10	1549219557177	1549219557188	OK	 
USER	EmployeeAcceptOrder	52	START	1549219557506	1549219557506
REQUEST	52		request_0	1549219557508	1549219557512	OK	 
REQUEST	52		request_0 Redirect 1	1549219557513	1549219557516	OK	 
REQUEST	43		request_1	1549219557028	1549219557632	OK	 
REQUEST	40		request_2	1549219557647	1549219557651	OK	 
REQUEST	40		request_3	1549219557651	1549219557661	OK	 
REQUEST	36		request_4	1549219557668	1549219557670	OK	 
REQUEST	25		request_8	1549219557668	1549219557673	OK	 
REQUEST	36		request_5	1549219557671	1549219557674	OK	 
REQUEST	25		request_9	1549219557673	1549219557675	OK	 
REQUEST	36		request_6	1549219557672	1549219557676	OK	 
REQUEST	36		request_7	1549219557672	1549219557677	OK	 
REQUEST	25		request_10	1549219557674	1549219557685	OK	 
REQUEST	16		request_11	1549219557686	1549219557687	OK	 
REQUEST	16		request_11 Redirect 1	1549219557687	1549219557688	OK	 
REQUEST	16		request_11 Redirect 2	1549219557688	1549219557690	OK	 
USER	EmployeeAcceptOrder	16	END	1549219536007	1549219557690
USER	EmployeeAcceptOrder	53	START	1549219558008	1549219558008
REQUEST	53		request_0	1549219558009	1549219558011	OK	 
REQUEST	53		request_0 Redirect 1	1549219558012	1549219558015	OK	 
REQUEST	44		request_1	1549219557527	1549219558134	OK	 
REQUEST	37		request_4	1549219558158	1549219558163	OK	 
REQUEST	37		request_5	1549219558164	1549219558168	OK	 
REQUEST	37		request_6	1549219558164	1549219558170	OK	 
REQUEST	37		request_7	1549219558165	1549219558171	OK	 
REQUEST	17		request_11	1549219558188	1549219558189	OK	 
REQUEST	17		request_11 Redirect 1	1549219558190	1549219558191	OK	 
REQUEST	17		request_11 Redirect 2	1549219558192	1549219558195	OK	 
USER	EmployeeAcceptOrder	17	END	1549219536508	1549219558196
USER	EmployeeAcceptOrder	54	START	1549219558506	1549219558506
REQUEST	54		request_0	1549219558507	1549219558510	OK	 
REQUEST	54		request_0 Redirect 1	1549219558510	1549219558513	OK	 
REQUEST	45		request_1	1549219558028	1549219558633	OK	 
REQUEST	41		request_2	1549219558637	1549219558640	OK	 
REQUEST	41		request_3	1549219558640	1549219558652	OK	 
REQUEST	38		request_4	1549219558659	1549219558661	OK	 
REQUEST	38		request_5	1549219558662	1549219558664	OK	 
REQUEST	38		request_6	1549219558662	1549219558667	OK	 
REQUEST	38		request_7	1549219558663	1549219558668	OK	 
REQUEST	26		request_8	1549219558667	1549219558673	OK	 
REQUEST	26		request_9	1549219558673	1549219558674	OK	 
REQUEST	26		request_10	1549219558673	1549219558685	OK	 
REQUEST	18		request_11	1549219558688	1549219558689	OK	 
REQUEST	18		request_11 Redirect 1	1549219558689	1549219558690	OK	 
REQUEST	18		request_11 Redirect 2	1549219558690	1549219558692	OK	 
USER	EmployeeAcceptOrder	18	END	1549219537008	1549219558692
USER	EmployeeAcceptOrder	55	START	1549219559008	1549219559008
REQUEST	55		request_0	1549219559009	1549219559011	OK	 
REQUEST	55		request_0 Redirect 1	1549219559012	1549219559015	OK	 
REQUEST	42		request_2	1549219559138	1549219559140	OK	 
REQUEST	42		request_3	1549219559141	1549219559153	OK	 
REQUEST	39		request_4	1549219559157	1549219559160	OK	 
REQUEST	39		request_5	1549219559161	1549219559164	OK	 
REQUEST	39		request_6	1549219559161	1549219559165	OK	 
REQUEST	39		request_7	1549219559162	1549219559166	OK	 
REQUEST	27		request_8	1549219559178	1549219559183	OK	 
REQUEST	27		request_9	1549219559184	1549219559185	OK	 
REQUEST	27		request_10	1549219559184	1549219559195	OK	 
REQUEST	19		request_11	1549219559196	1549219559197	OK	 
REQUEST	19		request_11 Redirect 1	1549219559197	1549219559198	OK	 
REQUEST	19		request_11 Redirect 2	1549219559198	1549219559200	OK	 
USER	EmployeeAcceptOrder	19	END	1549219537509	1549219559200
REQUEST	46		request_1	1549219559029	1549219559637	OK	 
REQUEST	43		request_2	1549219559637	1549219559639	OK	 
REQUEST	43		request_3	1549219559640	1549219559651	OK	 
REQUEST	40		request_4	1549219559658	1549219559661	OK	 
REQUEST	40		request_5	1549219559661	1549219559664	OK	 
REQUEST	40		request_6	1549219559662	1549219559665	OK	 
REQUEST	40		request_7	1549219559662	1549219559666	OK	 
REQUEST	28		request_8	1549219559667	1549219559671	OK	 
REQUEST	28		request_9	1549219559671	1549219559673	OK	 
REQUEST	28		request_10	1549219559672	1549219559681	OK	 
REQUEST	20		request_11	1549219559697	1549219559698	OK	 
REQUEST	20		request_11 Redirect 1	1549219559698	1549219559700	OK	 
REQUEST	20		request_11 Redirect 2	1549219559700	1549219559703	OK	 
USER	EmployeeAcceptOrder	20	END	1549219538007	1549219559704
USER	EmployeeAcceptOrder	56	START	1549219560009	1549219560009
REQUEST	56		request_0	1549219560010	1549219560012	OK	 
REQUEST	56		request_0 Redirect 1	1549219560013	1549219560016	OK	 
REQUEST	47		request_1	1549219559527	1549219560134	OK	 
REQUEST	44		request_2	1549219560138	1549219560140	OK	 
REQUEST	44		request_3	1549219560141	1549219560153	OK	 
REQUEST	29		request_8	1549219560166	1549219560173	OK	 
REQUEST	29		request_9	1549219560173	1549219560175	OK	 
REQUEST	29		request_10	1549219560174	1549219560183	OK	 
USER	EmployeeAcceptOrder	57	START	1549219560509	1549219560509
REQUEST	57		request_0	1549219560509	1549219560512	OK	 
REQUEST	57		request_0 Redirect 1	1549219560512	1549219560516	OK	 
REQUEST	48		request_1	1549219560027	1549219560634	OK	 
REQUEST	45		request_2	1549219560639	1549219560641	OK	 
REQUEST	45		request_3	1549219560642	1549219560655	OK	 
REQUEST	41		request_4	1549219560657	1549219560661	OK	 
REQUEST	30		request_8	1549219560657	1549219560664	OK	 
REQUEST	41		request_5	1549219560662	1549219560664	OK	 
REQUEST	30		request_9	1549219560665	1549219560666	OK	 
REQUEST	41		request_6	1549219560662	1549219560666	OK	 
REQUEST	41		request_7	1549219560663	1549219560668	OK	 
REQUEST	30		request_10	1549219560665	1549219560675	OK	 
REQUEST	21		request_11	1549219560688	1549219560690	OK	 
REQUEST	21		request_11 Redirect 1	1549219560690	1549219560691	OK	 
REQUEST	21		request_11 Redirect 2	1549219560692	1549219560694	OK	 
USER	EmployeeAcceptOrder	21	END	1549219539008	1549219560695
USER	EmployeeAcceptOrder	58	START	1549219561008	1549219561008
REQUEST	58		request_0	1549219561008	1549219561011	OK	 
REQUEST	58		request_0 Redirect 1	1549219561011	1549219561014	OK	 
REQUEST	49		request_1	1549219560528	1549219561137	OK	 
REQUEST	42		request_4	1549219561158	1549219561162	OK	 
REQUEST	42		request_5	1549219561163	1549219561166	OK	 
REQUEST	42		request_6	1549219561163	1549219561168	OK	 
REQUEST	42		request_7	1549219561164	1549219561169	OK	 
REQUEST	22		request_11	1549219561187	1549219561188	OK	 
REQUEST	22		request_11 Redirect 1	1549219561189	1549219561190	OK	 
REQUEST	22		request_11 Redirect 2	1549219561191	1549219561194	OK	 
USER	EmployeeAcceptOrder	22	END	1549219539507	1549219561194
USER	EmployeeAcceptOrder	59	START	1549219561508	1549219561508
REQUEST	59		request_0	1549219561509	1549219561512	OK	 
REQUEST	59		request_0 Redirect 1	1549219561512	1549219561515	OK	 
REQUEST	50		request_1	1549219561027	1549219561631	OK	 
REQUEST	46		request_2	1549219561649	1549219561651	OK	 
REQUEST	43		request_4	1549219561657	1549219561660	OK	 
REQUEST	31		request_8	1549219561657	1549219561662	OK	 
REQUEST	43		request_5	1549219561661	1549219561663	OK	 
REQUEST	31		request_9	1549219561663	1549219561665	OK	 
REQUEST	43		request_6	1549219561661	1549219561665	OK	 
REQUEST	46		request_3	1549219561652	1549219561666	OK	 
REQUEST	43		request_7	1549219561662	1549219561666	OK	 
REQUEST	31		request_10	1549219561663	1549219561674	OK	 
REQUEST	23		request_11	1549219561678	1549219561679	OK	 
REQUEST	23		request_11 Redirect 1	1549219561679	1549219561680	OK	 
REQUEST	23		request_11 Redirect 2	1549219561681	1549219561683	OK	 
USER	EmployeeAcceptOrder	23	END	1549219540007	1549219561684
USER	EmployeeAcceptOrder	60	START	1549219562008	1549219562008
REQUEST	60		request_0	1549219562009	1549219562011	OK	 
REQUEST	60		request_0 Redirect 1	1549219562011	1549219562014	OK	 
REQUEST	47		request_2	1549219562136	1549219562139	OK	 
REQUEST	47		request_3	1549219562139	1549219562151	OK	 
REQUEST	44		request_4	1549219562158	1549219562161	OK	 
REQUEST	44		request_5	1549219562161	1549219562164	OK	 
REQUEST	44		request_6	1549219562162	1549219562165	OK	 
REQUEST	44		request_7	1549219562162	1549219562166	OK	 
REQUEST	32		request_8	1549219562179	1549219562184	OK	 
REQUEST	32		request_9	1549219562184	1549219562186	OK	 
REQUEST	32		request_10	1549219562185	1549219562195	OK	 
REQUEST	24		request_11	1549219562199	1549219562200	OK	 
REQUEST	24		request_11 Redirect 1	1549219562200	1549219562201	OK	 
REQUEST	24		request_11 Redirect 2	1549219562201	1549219562204	OK	 
USER	EmployeeAcceptOrder	24	END	1549219540507	1549219562204
REQUEST	51		request_1	1549219562029	1549219562636	OK	 
REQUEST	48		request_2	1549219562637	1549219562639	OK	 
REQUEST	48		request_3	1549219562639	1549219562651	OK	 
REQUEST	45		request_4	1549219562657	1549219562660	OK	 
REQUEST	45		request_5	1549219562661	1549219562663	OK	 
REQUEST	45		request_6	1549219562661	1549219562664	OK	 
REQUEST	45		request_7	1549219562662	1549219562665	OK	 
REQUEST	33		request_8	1549219562669	1549219562674	OK	 
REQUEST	33		request_9	1549219562674	1549219562676	OK	 
REQUEST	25		request_11	1549219562676	1549219562677	OK	 
REQUEST	25		request_11 Redirect 1	1549219562677	1549219562678	OK	 
REQUEST	25		request_11 Redirect 2	1549219562678	1549219562680	OK	 
USER	EmployeeAcceptOrder	25	END	1549219541008	1549219562681
REQUEST	33		request_10	1549219562675	1549219562685	OK	 
USER	EmployeeAcceptOrder	61	START	1549219563007	1549219563007
REQUEST	61		request_0	1549219563007	1549219563010	OK	 
REQUEST	61		request_0 Redirect 1	1549219563010	1549219563013	OK	 
REQUEST	52		request_1	1549219562528	1549219563133	OK	 
REQUEST	49		request_2	1549219563148	1549219563149	OK	 
REQUEST	49		request_3	1549219563150	1549219563160	OK	 
REQUEST	34		request_8	1549219563168	1549219563173	OK	 
REQUEST	34		request_9	1549219563174	1549219563175	OK	 
REQUEST	34		request_10	1549219563174	1549219563185	OK	 
USER	EmployeeAcceptOrder	62	START	1549219563509	1549219563509
REQUEST	62		request_0	1549219563509	1549219563512	OK	 
REQUEST	62		request_0 Redirect 1	1549219563512	1549219563516	OK	 
REQUEST	53		request_1	1549219563029	1549219563635	OK	 
REQUEST	50		request_2	1549219563639	1549219563641	OK	 
REQUEST	50		request_3	1549219563642	1549219563654	OK	 
REQUEST	46		request_4	1549219563657	1549219563659	OK	 
REQUEST	46		request_5	1549219563660	1549219563662	OK	 
REQUEST	46		request_6	1549219563660	1549219563664	OK	 
REQUEST	46		request_7	1549219563661	1549219563665	OK	 
REQUEST	35		request_8	1549219563668	1549219563673	OK	 
REQUEST	35		request_9	1549219563674	1549219563675	OK	 
REQUEST	35		request_10	1549219563674	1549219563684	OK	 
REQUEST	26		request_11	1549219563689	1549219563689	OK	 
REQUEST	26		request_11 Redirect 1	1549219563690	1549219563690	OK	 
REQUEST	26		request_11 Redirect 2	1549219563691	1549219563692	OK	 
USER	EmployeeAcceptOrder	26	END	1549219542008	1549219563693
USER	EmployeeAcceptOrder	63	START	1549219564006	1549219564006
REQUEST	63		request_0	1549219564006	1549219564008	OK	 
REQUEST	63		request_0 Redirect 1	1549219564008	1549219564010	OK	 
REQUEST	54		request_1	1549219563528	1549219564137	OK	 
REQUEST	47		request_4	1549219564158	1549219564163	OK	 
REQUEST	47		request_5	1549219564163	1549219564165	OK	 
REQUEST	47		request_6	1549219564163	1549219564167	OK	 
REQUEST	47		request_7	1549219564164	1549219564169	OK	 
REQUEST	27		request_11	1549219564187	1549219564189	OK	 
REQUEST	27		request_11 Redirect 1	1549219564189	1549219564191	OK	 
REQUEST	27		request_11 Redirect 2	1549219564192	1549219564194	OK	 
USER	EmployeeAcceptOrder	27	END	1549219542508	1549219564195
USER	EmployeeAcceptOrder	64	START	1549219564506	1549219564506
REQUEST	64		request_0	1549219564507	1549219564509	OK	 
REQUEST	64		request_0 Redirect 1	1549219564509	1549219564511	OK	 
REQUEST	55		request_1	1549219564029	1549219564636	OK	 
REQUEST	51		request_2	1549219564636	1549219564638	OK	 
REQUEST	51		request_3	1549219564638	1549219564649	OK	 
REQUEST	48		request_4	1549219564659	1549219564661	OK	 
REQUEST	48		request_5	1549219564662	1549219564664	OK	 
REQUEST	48		request_6	1549219564662	1549219564665	OK	 
REQUEST	48		request_7	1549219564662	1549219564666	OK	 
REQUEST	28		request_11	1549219564677	1549219564678	OK	 
REQUEST	28		request_11 Redirect 1	1549219564678	1549219564679	OK	 
REQUEST	36		request_8	1549219564677	1549219564682	OK	 
REQUEST	28		request_11 Redirect 2	1549219564679	1549219564681	OK	 
USER	EmployeeAcceptOrder	28	END	1549219543008	1549219564682
REQUEST	36		request_9	1549219564682	1549219564683	OK	 
REQUEST	36		request_10	1549219564682	1549219564691	OK	 
USER	EmployeeAcceptOrder	65	START	1549219565008	1549219565008
REQUEST	65		request_0	1549219565008	1549219565011	OK	 
REQUEST	65		request_0 Redirect 1	1549219565011	1549219565014	OK	 
REQUEST	52		request_2	1549219565138	1549219565140	OK	 
REQUEST	52		request_3	1549219565141	1549219565152	OK	 
REQUEST	49		request_4	1549219565159	1549219565162	OK	 
REQUEST	49		request_5	1549219565163	1549219565166	OK	 
REQUEST	49		request_6	1549219565164	1549219565167	OK	 
REQUEST	49		request_7	1549219565164	1549219565169	OK	 
REQUEST	29		request_11	1549219565177	1549219565178	OK	 
REQUEST	29		request_11 Redirect 1	1549219565178	1549219565179	OK	 
REQUEST	29		request_11 Redirect 2	1549219565179	1549219565181	OK	 
USER	EmployeeAcceptOrder	29	END	1549219543509	1549219565181
REQUEST	37		request_8	1549219565177	1549219565182	OK	 
REQUEST	37		request_9	1549219565183	1549219565184	OK	 
REQUEST	37		request_10	1549219565183	1549219565192	OK	 
REQUEST	56		request_1	1549219565028	1549219565634	OK	 
REQUEST	53		request_2	1549219565637	1549219565639	OK	 
REQUEST	50		request_4	1549219565646	1549219565649	OK	 
REQUEST	50		request_5	1549219565649	1549219565652	OK	 
REQUEST	53		request_3	1549219565640	1549219565652	OK	 
REQUEST	50		request_6	1549219565649	1549219565652	OK	 
REQUEST	50		request_7	1549219565650	1549219565654	OK	 
REQUEST	30		request_11	1549219565679	1549219565679	OK	 
REQUEST	30		request_11 Redirect 1	1549219565680	1549219565680	OK	 
REQUEST	30		request_11 Redirect 2	1549219565680	1549219565683	OK	 
USER	EmployeeAcceptOrder	30	END	1549219544008	1549219565683
REQUEST	38		request_8	1549219565679	1549219565683	OK	 
REQUEST	38		request_9	1549219565683	1549219565684	OK	 
REQUEST	38		request_10	1549219565684	1549219565693	OK	 
USER	EmployeeAcceptOrder	66	START	1549219566008	1549219566008
REQUEST	66		request_0	1549219566008	1549219566011	OK	 
REQUEST	66		request_0 Redirect 1	1549219566011	1549219566013	OK	 
REQUEST	57		request_1	1549219565537	1549219566145	OK	 
REQUEST	54		request_2	1549219566147	1549219566148	OK	 
REQUEST	54		request_3	1549219566149	1549219566160	OK	 
REQUEST	39		request_8	1549219566167	1549219566174	OK	 
REQUEST	39		request_9	1549219566175	1549219566176	OK	 
REQUEST	39		request_10	1549219566175	1549219566185	OK	 
USER	EmployeeAcceptOrder	67	START	1549219566509	1549219566509
REQUEST	67		request_0	1549219566510	1549219566512	OK	 
REQUEST	67		request_0 Redirect 1	1549219566512	1549219566515	OK	 
REQUEST	58		request_1	1549219566029	1549219566634	OK	 
REQUEST	55		request_2	1549219566638	1549219566640	OK	 
REQUEST	55		request_3	1549219566640	1549219566652	OK	 
REQUEST	51		request_4	1549219566659	1549219566663	OK	 
REQUEST	51		request_5	1549219566663	1549219566666	OK	 
REQUEST	51		request_6	1549219566664	1549219566668	OK	 
REQUEST	51		request_7	1549219566664	1549219566669	OK	 
REQUEST	31		request_11	1549219566678	1549219566679	OK	 
REQUEST	31		request_11 Redirect 1	1549219566679	1549219566680	OK	 
REQUEST	31		request_11 Redirect 2	1549219566680	1549219566682	OK	 
USER	EmployeeAcceptOrder	31	END	1549219545008	1549219566683
REQUEST	40		request_8	1549219566678	1549219566683	OK	 
REQUEST	40		request_9	1549219566683	1549219566685	OK	 
REQUEST	40		request_10	1549219566684	1549219566694	OK	 
USER	EmployeeAcceptOrder	68	START	1549219567009	1549219567009
REQUEST	68		request_0	1549219567010	1549219567012	OK	 
REQUEST	68		request_0 Redirect 1	1549219567013	1549219567015	OK	 
REQUEST	59		request_1	1549219566528	1549219567137	OK	 
REQUEST	52		request_4	1549219567156	1549219567160	OK	 
REQUEST	52		request_5	1549219567161	1549219567164	OK	 
REQUEST	52		request_6	1549219567161	1549219567165	OK	 
REQUEST	52		request_7	1549219567162	1549219567166	OK	 
REQUEST	32		request_11	1549219567188	1549219567189	OK	 
REQUEST	32		request_11 Redirect 1	1549219567190	1549219567191	OK	 
REQUEST	32		request_11 Redirect 2	1549219567191	1549219567194	OK	 
USER	EmployeeAcceptOrder	32	END	1549219545508	1549219567194
USER	EmployeeAcceptOrder	69	START	1549219567508	1549219567508
REQUEST	69		request_0	1549219567508	1549219567511	OK	 
REQUEST	69		request_0 Redirect 1	1549219567511	1549219567514	OK	 
REQUEST	60		request_1	1549219567028	1549219567637	OK	 
REQUEST	56		request_2	1549219567637	1549219567639	OK	 
REQUEST	56		request_3	1549219567640	1549219567650	OK	 
REQUEST	53		request_4	1549219567659	1549219567662	OK	 
REQUEST	53		request_5	1549219567663	1549219567666	OK	 
REQUEST	53		request_6	1549219567663	1549219567667	OK	 
REQUEST	53		request_7	1549219567664	1549219567669	OK	 
REQUEST	41		request_8	1549219567666	1549219567671	OK	 
REQUEST	41		request_9	1549219567672	1549219567673	OK	 
REQUEST	41		request_10	1549219567672	1549219567681	OK	 
REQUEST	33		request_11	1549219567689	1549219567690	OK	 
REQUEST	33		request_11 Redirect 1	1549219567690	1549219567692	OK	 
REQUEST	33		request_11 Redirect 2	1549219567692	1549219567694	OK	 
USER	EmployeeAcceptOrder	33	END	1549219546007	1549219567695
USER	EmployeeAcceptOrder	70	START	1549219568008	1549219568008
REQUEST	70		request_0	1549219568009	1549219568011	OK	 
REQUEST	70		request_0 Redirect 1	1549219568012	1549219568014	OK	 
REQUEST	57		request_2	1549219568138	1549219568140	OK	 
REQUEST	57		request_3	1549219568141	1549219568151	OK	 
REQUEST	54		request_4	1549219568156	1549219568159	OK	 
REQUEST	54		request_5	1549219568159	1549219568161	OK	 
REQUEST	54		request_6	1549219568159	1549219568162	OK	 
REQUEST	54		request_7	1549219568160	1549219568163	OK	 
REQUEST	34		request_11	1549219568179	1549219568179	OK	 
REQUEST	34		request_11 Redirect 1	1549219568180	1549219568182	OK	 
REQUEST	34		request_11 Redirect 2	1549219568182	1549219568184	OK	 
USER	EmployeeAcceptOrder	34	END	1549219546508	1549219568184
REQUEST	42		request_8	1549219568168	1549219568185	OK	 
REQUEST	42		request_9	1549219568185	1549219568186	OK	 
REQUEST	42		request_10	1549219568185	1549219568192	OK	 
REQUEST	61		request_1	1549219568028	1549219568636	OK	 
REQUEST	58		request_2	1549219568637	1549219568638	OK	 
REQUEST	58		request_3	1549219568639	1549219568649	OK	 
REQUEST	55		request_4	1549219568657	1549219568660	OK	 
REQUEST	55		request_5	1549219568660	1549219568662	OK	 
REQUEST	55		request_6	1549219568660	1549219568663	OK	 
REQUEST	55		request_7	1549219568661	1549219568664	OK	 
REQUEST	43		request_8	1549219568668	1549219568673	OK	 
REQUEST	43		request_9	1549219568674	1549219568675	OK	 
REQUEST	35		request_11	1549219568676	1549219568677	OK	 
REQUEST	35		request_11 Redirect 1	1549219568677	1549219568678	OK	 
REQUEST	35		request_11 Redirect 2	1549219568678	1549219568680	OK	 
USER	EmployeeAcceptOrder	35	END	1549219547006	1549219568680
REQUEST	43		request_10	1549219568674	1549219568682	OK	 
USER	EmployeeAcceptOrder	71	START	1549219569008	1549219569008
REQUEST	71		request_0	1549219569008	1549219569010	OK	 
REQUEST	71		request_0 Redirect 1	1549219569011	1549219569013	OK	 
REQUEST	62		request_1	1549219568529	1549219569136	OK	 
REQUEST	59		request_2	1549219569147	1549219569149	OK	 
REQUEST	59		request_3	1549219569150	1549219569159	OK	 
REQUEST	44		request_8	1549219569178	1549219569183	OK	 
REQUEST	44		request_9	1549219569184	1549219569185	OK	 
REQUEST	44		request_10	1549219569184	1549219569192	OK	 
USER	EmployeeAcceptOrder	72	START	1549219569507	1549219569507
REQUEST	72		request_0	1549219569508	1549219569510	OK	 
REQUEST	72		request_0 Redirect 1	1549219569511	1549219569513	OK	 
REQUEST	63		request_1	1549219569028	1549219569637	OK	 
REQUEST	60		request_2	1549219569649	1549219569651	OK	 
REQUEST	56		request_4	1549219569656	1549219569658	OK	 
REQUEST	45		request_8	1549219569656	1549219569660	OK	 
REQUEST	56		request_5	1549219569659	1549219569661	OK	 
REQUEST	45		request_9	1549219569661	1549219569661	OK	 
REQUEST	60		request_3	1549219569652	1549219569662	OK	 
REQUEST	56		request_6	1549219569659	1549219569662	OK	 
REQUEST	56		request_7	1549219569660	1549219569663	OK	 
REQUEST	45		request_10	1549219569661	1549219569668	OK	 
REQUEST	36		request_11	1549219569689	1549219569690	OK	 
REQUEST	36		request_11 Redirect 1	1549219569690	1549219569691	OK	 
REQUEST	36		request_11 Redirect 2	1549219569691	1549219569692	OK	 
USER	EmployeeAcceptOrder	36	END	1549219548009	1549219569693
USER	EmployeeAcceptOrder	73	START	1549219570008	1549219570008
REQUEST	73		request_0	1549219570008	1549219570009	OK	 
REQUEST	73		request_0 Redirect 1	1549219570010	1549219570011	OK	 
REQUEST	64		request_1	1549219569528	1549219570136	OK	 
REQUEST	57		request_4	1549219570158	1549219570160	OK	 
REQUEST	57		request_5	1549219570161	1549219570163	OK	 
REQUEST	57		request_6	1549219570161	1549219570164	OK	 
REQUEST	57		request_7	1549219570161	1549219570164	OK	 
REQUEST	37		request_11	1549219570188	1549219570189	OK	 
REQUEST	37		request_11 Redirect 1	1549219570189	1549219570190	OK	 
REQUEST	37		request_11 Redirect 2	1549219570190	1549219570192	OK	 
USER	EmployeeAcceptOrder	37	END	1549219548506	1549219570192
USER	EmployeeAcceptOrder	74	START	1549219570509	1549219570509
REQUEST	74		request_0	1549219570509	1549219570511	OK	 
REQUEST	74		request_0 Redirect 1	1549219570511	1549219570513	OK	 
REQUEST	65		request_1	1549219570028	1549219570633	OK	 
REQUEST	61		request_2	1549219570648	1549219570650	OK	 
REQUEST	58		request_4	1549219570656	1549219570668	OK	 
REQUEST	58		request_5	1549219570669	1549219570672	OK	 
REQUEST	61		request_3	1549219570651	1549219570672	OK	 
REQUEST	58		request_6	1549219570669	1549219570673	OK	 
REQUEST	46		request_8	1549219570667	1549219570673	OK	 
REQUEST	58		request_7	1549219570670	1549219570674	OK	 
REQUEST	46		request_9	1549219570674	1549219570675	OK	 
REQUEST	46		request_10	1549219570674	1549219570682	OK	 
REQUEST	38		request_11	1549219570686	1549219570687	OK	 
REQUEST	38		request_11 Redirect 1	1549219570687	1549219570688	OK	 
REQUEST	38		request_11 Redirect 2	1549219570688	1549219570689	OK	 
USER	EmployeeAcceptOrder	38	END	1549219549007	1549219570689
USER	EmployeeAcceptOrder	75	START	1549219571006	1549219571006
REQUEST	75		request_0	1549219571007	1549219571009	OK	 
REQUEST	75		request_0 Redirect 1	1549219571009	1549219571011	OK	 
REQUEST	62		request_2	1549219571137	1549219571139	OK	 
REQUEST	62		request_3	1549219571140	1549219571149	OK	 
REQUEST	59		request_4	1549219571159	1549219571163	OK	 
REQUEST	59		request_5	1549219571163	1549219571166	OK	 
REQUEST	59		request_6	1549219571163	1549219571167	OK	 
REQUEST	59		request_7	1549219571164	1549219571168	OK	 
REQUEST	47		request_8	1549219571166	1549219571170	OK	 
REQUEST	47		request_9	1549219571171	1549219571172	OK	 
REQUEST	47		request_10	1549219571171	1549219571178	OK	 
REQUEST	39		request_11	1549219571189	1549219571190	OK	 
REQUEST	39		request_11 Redirect 1	1549219571190	1549219571191	OK	 
REQUEST	39		request_11 Redirect 2	1549219571191	1549219571193	OK	 
USER	EmployeeAcceptOrder	39	END	1549219549508	1549219571193
REQUEST	66		request_1	1549219571026	1549219571633	OK	 
REQUEST	63		request_2	1549219571648	1549219571650	OK	 
REQUEST	60		request_4	1549219571656	1549219571658	OK	 
REQUEST	63		request_3	1549219571650	1549219571660	OK	 
REQUEST	60		request_5	1549219571659	1549219571661	OK	 
REQUEST	60		request_6	1549219571659	1549219571662	OK	 
REQUEST	60		request_7	1549219571659	1549219571662	OK	 
REQUEST	48		request_8	1549219571666	1549219571670	OK	 
REQUEST	48		request_9	1549219571670	1549219571671	OK	 
REQUEST	48		request_10	1549219571670	1549219571677	OK	 
REQUEST	40		request_11	1549219571689	1549219571690	OK	 
REQUEST	40		request_11 Redirect 1	1549219571690	1549219571691	OK	 
REQUEST	40		request_11 Redirect 2	1549219571691	1549219571693	OK	 
USER	EmployeeAcceptOrder	40	END	1549219550008	1549219571693
USER	EmployeeAcceptOrder	76	START	1549219572007	1549219572007
REQUEST	76		request_0	1549219572007	1549219572010	OK	 
REQUEST	76		request_0 Redirect 1	1549219572010	1549219572012	OK	 
REQUEST	67		request_1	1549219571529	1549219572137	OK	 
REQUEST	64		request_2	1549219572138	1549219572139	OK	 
REQUEST	64		request_3	1549219572140	1549219572149	OK	 
REQUEST	49		request_8	1549219572168	1549219572174	OK	 
REQUEST	49		request_9	1549219572174	1549219572176	OK	 
REQUEST	49		request_10	1549219572175	1549219572183	OK	 
USER	EmployeeAcceptOrder	77	START	1549219572507	1549219572507
REQUEST	77		request_0	1549219572508	1549219572510	OK	 
REQUEST	77		request_0 Redirect 1	1549219572510	1549219572512	OK	 
REQUEST	68		request_1	1549219572029	1549219572638	OK	 
REQUEST	65		request_2	1549219572638	1549219572639	OK	 
REQUEST	65		request_3	1549219572640	1549219572649	OK	 
REQUEST	50		request_8	1549219572659	1549219572665	OK	 
REQUEST	50		request_9	1549219572665	1549219572667	OK	 
REQUEST	61		request_4	1549219572666	1549219572668	OK	 
REQUEST	61		request_5	1549219572669	1549219572670	OK	 
REQUEST	61		request_6	1549219572669	1549219572671	OK	 
REQUEST	61		request_7	1549219572669	1549219572672	OK	 
REQUEST	50		request_10	1549219572665	1549219572675	OK	 
REQUEST	41		request_11	1549219572678	1549219572679	OK	 
REQUEST	41		request_11 Redirect 1	1549219572679	1549219572680	OK	 
REQUEST	41		request_11 Redirect 2	1549219572680	1549219572681	OK	 
USER	EmployeeAcceptOrder	41	END	1549219551008	1549219572682
USER	EmployeeAcceptOrder	78	START	1549219573007	1549219573007
REQUEST	78		request_0	1549219573007	1549219573010	OK	 
REQUEST	78		request_0 Redirect 1	1549219573010	1549219573012	OK	 
REQUEST	69		request_1	1549219572527	1549219573130	OK	 
REQUEST	62		request_4	1549219573159	1549219573162	OK	 
REQUEST	62		request_5	1549219573162	1549219573165	OK	 
REQUEST	62		request_6	1549219573163	1549219573166	OK	 
REQUEST	62		request_7	1549219573163	1549219573167	OK	 
REQUEST	42		request_11	1549219573189	1549219573190	OK	 
REQUEST	42		request_11 Redirect 1	1549219573190	1549219573191	OK	 
REQUEST	42		request_11 Redirect 2	1549219573192	1549219573194	OK	 
USER	EmployeeAcceptOrder	42	END	1549219551509	1549219573194
USER	EmployeeAcceptOrder	79	START	1549219573507	1549219573507
REQUEST	79		request_0	1549219573508	1549219573510	OK	 
REQUEST	79		request_0 Redirect 1	1549219573510	1549219573512	OK	 
REQUEST	70		request_1	1549219573028	1549219573637	OK	 
REQUEST	66		request_2	1549219573637	1549219573638	OK	 
REQUEST	66		request_3	1549219573639	1549219573648	OK	 
REQUEST	63		request_4	1549219573659	1549219573662	OK	 
REQUEST	63		request_5	1549219573663	1549219573665	OK	 
REQUEST	63		request_6	1549219573663	1549219573667	OK	 
REQUEST	63		request_7	1549219573664	1549219573668	OK	 
REQUEST	51		request_8	1549219573666	1549219573670	OK	 
REQUEST	51		request_9	1549219573671	1549219573672	OK	 
REQUEST	43		request_11	1549219573676	1549219573677	OK	 
REQUEST	43		request_11 Redirect 1	1549219573677	1549219573677	OK	 
REQUEST	51		request_10	1549219573671	1549219573679	OK	 
REQUEST	43		request_11 Redirect 2	1549219573678	1549219573679	OK	 
USER	EmployeeAcceptOrder	43	END	1549219552008	1549219573679
USER	EmployeeAcceptOrder	80	START	1549219574007	1549219574007
REQUEST	80		request_0	1549219574008	1549219574010	OK	 
REQUEST	80		request_0 Redirect 1	1549219574010	1549219574012	OK	 
REQUEST	67		request_2	1549219574138	1549219574140	OK	 
REQUEST	67		request_3	1549219574140	1549219574150	OK	 
REQUEST	64		request_4	1549219574159	1549219574162	OK	 
REQUEST	64		request_5	1549219574163	1549219574165	OK	 
REQUEST	64		request_6	1549219574163	1549219574167	OK	 
REQUEST	64		request_7	1549219574163	1549219574168	OK	 
REQUEST	52		request_8	1549219574167	1549219574171	OK	 
REQUEST	52		request_9	1549219574171	1549219574172	OK	 
REQUEST	44		request_11	1549219574176	1549219574176	OK	 
REQUEST	44		request_11 Redirect 1	1549219574177	1549219574177	OK	 
REQUEST	52		request_10	1549219574171	1549219574179	OK	 
REQUEST	44		request_11 Redirect 2	1549219574177	1549219574179	OK	 
USER	EmployeeAcceptOrder	44	END	1549219552509	1549219574179
REQUEST	71		request_1	1549219574029	1549219574638	OK	 
REQUEST	68		request_2	1549219574649	1549219574651	OK	 
REQUEST	65		request_4	1549219574656	1549219574658	OK	 
REQUEST	65		request_5	1549219574659	1549219574661	OK	 
REQUEST	68		request_3	1549219574651	1549219574662	OK	 
REQUEST	65		request_6	1549219574659	1549219574662	OK	 
REQUEST	65		request_7	1549219574659	1549219574663	OK	 
REQUEST	53		request_8	1549219574669	1549219574672	OK	 
REQUEST	53		request_9	1549219574672	1549219574673	OK	 
REQUEST	45		request_11	1549219574677	1549219574677	OK	 
REQUEST	45		request_11 Redirect 1	1549219574677	1549219574678	OK	 
REQUEST	45		request_11 Redirect 2	1549219574678	1549219574680	OK	 
REQUEST	53		request_10	1549219574672	1549219574680	OK	 
USER	EmployeeAcceptOrder	45	END	1549219553008	1549219574680
USER	EmployeeAcceptOrder	81	START	1549219575007	1549219575007
REQUEST	81		request_0	1549219575008	1549219575010	OK	 
REQUEST	81		request_0 Redirect 1	1549219575010	1549219575012	OK	 
REQUEST	72		request_1	1549219574529	1549219575137	OK	 
REQUEST	69		request_2	1549219575138	1549219575139	OK	 
REQUEST	69		request_3	1549219575140	1549219575149	OK	 
REQUEST	54		request_8	1549219575158	1549219575163	OK	 
REQUEST	54		request_9	1549219575163	1549219575164	OK	 
REQUEST	54		request_10	1549219575164	1549219575171	OK	 
USER	EmployeeAcceptOrder	82	START	1549219575506	1549219575506
REQUEST	82		request_0	1549219575507	1549219575509	OK	 
REQUEST	82		request_0 Redirect 1	1549219575509	1549219575511	OK	 
REQUEST	73		request_1	1549219575028	1549219575633	OK	 
REQUEST	70		request_2	1549219575649	1549219575651	OK	 
REQUEST	66		request_4	1549219575656	1549219575659	OK	 
REQUEST	66		request_5	1549219575659	1549219575661	OK	 
REQUEST	55		request_8	1549219575656	1549219575661	OK	 
REQUEST	55		request_9	1549219575662	1549219575663	OK	 
REQUEST	70		request_3	1549219575651	1549219575663	OK	 
REQUEST	66		request_6	1549219575660	1549219575663	OK	 
REQUEST	66		request_7	1549219575660	1549219575664	OK	 
REQUEST	55		request_10	1549219575662	1549219575670	OK	 
REQUEST	46		request_11	1549219575686	1549219575687	OK	 
REQUEST	46		request_11 Redirect 1	1549219575687	1549219575688	OK	 
REQUEST	46		request_11 Redirect 2	1549219575688	1549219575689	OK	 
USER	EmployeeAcceptOrder	46	END	1549219554009	1549219575690
USER	EmployeeAcceptOrder	83	START	1549219576008	1549219576008
REQUEST	83		request_0	1549219576008	1549219576010	OK	 
REQUEST	83		request_0 Redirect 1	1549219576010	1549219576011	OK	 
REQUEST	74		request_1	1549219575528	1549219576135	OK	 
REQUEST	67		request_4	1549219576157	1549219576159	OK	 
REQUEST	67		request_5	1549219576160	1549219576162	OK	 
REQUEST	67		request_6	1549219576160	1549219576164	OK	 
REQUEST	67		request_7	1549219576161	1549219576165	OK	 
REQUEST	47		request_11	1549219576188	1549219576189	OK	 
REQUEST	47		request_11 Redirect 1	1549219576189	1549219576190	OK	 
REQUEST	47		request_11 Redirect 2	1549219576190	1549219576192	OK	 
USER	EmployeeAcceptOrder	47	END	1549219554509	1549219576193
USER	EmployeeAcceptOrder	84	START	1549219576508	1549219576508
REQUEST	84		request_0	1549219576509	1549219576511	OK	 
REQUEST	84		request_0 Redirect 1	1549219576511	1549219576513	OK	 
REQUEST	75		request_1	1549219576026	1549219576634	OK	 
REQUEST	71		request_2	1549219576648	1549219576650	OK	 
REQUEST	71		request_3	1549219576651	1549219576661	OK	 
REQUEST	68		request_4	1549219576658	1549219576661	OK	 
REQUEST	56		request_8	1549219576658	1549219576663	OK	 
REQUEST	68		request_5	1549219576661	1549219576663	OK	 
REQUEST	68		request_6	1549219576661	1549219576664	OK	 
REQUEST	56		request_9	1549219576663	1549219576664	OK	 
REQUEST	68		request_7	1549219576662	1549219576665	OK	 
REQUEST	56		request_10	1549219576663	1549219576670	OK	 
REQUEST	48		request_11	1549219576676	1549219576677	OK	 
REQUEST	48		request_11 Redirect 1	1549219576677	1549219576678	OK	 
REQUEST	48		request_11 Redirect 2	1549219576678	1549219576679	OK	 
USER	EmployeeAcceptOrder	48	END	1549219555009	1549219576680
USER	EmployeeAcceptOrder	85	START	1549219577008	1549219577008
REQUEST	85		request_0	1549219577009	1549219577011	OK	 
REQUEST	85		request_0 Redirect 1	1549219577011	1549219577013	OK	 
REQUEST	72		request_2	1549219577136	1549219577138	OK	 
REQUEST	72		request_3	1549219577139	1549219577148	OK	 
REQUEST	69		request_4	1549219577147	1549219577148	OK	 
REQUEST	69		request_5	1549219577149	1549219577151	OK	 
REQUEST	69		request_6	1549219577149	1549219577152	OK	 
REQUEST	69		request_7	1549219577149	1549219577152	OK	 
REQUEST	57		request_8	1549219577159	1549219577164	OK	 
REQUEST	57		request_9	1549219577165	1549219577166	OK	 
REQUEST	57		request_10	1549219577165	1549219577173	OK	 
REQUEST	49		request_11	1549219577178	1549219577178	OK	 
REQUEST	49		request_11 Redirect 1	1549219577179	1549219577179	OK	 
REQUEST	49		request_11 Redirect 2	1549219577179	1549219577180	OK	 
USER	EmployeeAcceptOrder	49	END	1549219555509	1549219577181
REQUEST	76		request_1	1549219577029	1549219577636	OK	 
REQUEST	73		request_2	1549219577639	1549219577640	OK	 
REQUEST	73		request_3	1549219577641	1549219577650	OK	 
REQUEST	70		request_4	1549219577658	1549219577661	OK	 
REQUEST	70		request_5	1549219577662	1549219577664	OK	 
REQUEST	70		request_6	1549219577662	1549219577666	OK	 
REQUEST	70		request_7	1549219577663	1549219577667	OK	 
REQUEST	58		request_8	1549219577667	1549219577671	OK	 
REQUEST	58		request_9	1549219577671	1549219577672	OK	 
REQUEST	50		request_11	1549219577676	1549219577676	OK	 
REQUEST	50		request_11 Redirect 1	1549219577676	1549219577677	OK	 
REQUEST	50		request_11 Redirect 2	1549219577677	1549219577678	OK	 
REQUEST	58		request_10	1549219577671	1549219577678	OK	 
USER	EmployeeAcceptOrder	50	END	1549219556008	1549219577679
USER	EmployeeAcceptOrder	86	START	1549219578008	1549219578008
REQUEST	86		request_0	1549219578008	1549219578010	OK	 
REQUEST	86		request_0 Redirect 1	1549219578010	1549219578012	OK	 
REQUEST	77		request_1	1549219577528	1549219578133	OK	 
REQUEST	74		request_2	1549219578138	1549219578140	OK	 
REQUEST	74		request_3	1549219578140	1549219578150	OK	 
REQUEST	59		request_8	1549219578168	1549219578174	OK	 
REQUEST	59		request_9	1549219578174	1549219578175	OK	 
REQUEST	59		request_10	1549219578174	1549219578182	OK	 
USER	EmployeeAcceptOrder	87	START	1549219578508	1549219578508
REQUEST	87		request_0	1549219578509	1549219578512	OK	 
REQUEST	87		request_0 Redirect 1	1549219578513	1549219578515	OK	 
REQUEST	78		request_1	1549219578028	1549219578635	OK	 
REQUEST	75		request_2	1549219578638	1549219578640	OK	 
REQUEST	75		request_3	1549219578640	1549219578650	OK	 
REQUEST	71		request_4	1549219578657	1549219578660	OK	 
REQUEST	71		request_5	1549219578660	1549219578663	OK	 
REQUEST	60		request_8	1549219578657	1549219578663	OK	 
REQUEST	71		request_6	1549219578661	1549219578664	OK	 
REQUEST	60		request_9	1549219578663	1549219578665	OK	 
REQUEST	71		request_7	1549219578661	1549219578665	OK	 
REQUEST	60		request_10	1549219578664	1549219578672	OK	 
REQUEST	51		request_11	1549219578687	1549219578689	OK	 
REQUEST	51		request_11 Redirect 1	1549219578690	1549219578691	OK	 
REQUEST	51		request_11 Redirect 2	1549219578691	1549219578693	OK	 
USER	EmployeeAcceptOrder	51	END	1549219557008	1549219578693
USER	EmployeeAcceptOrder	88	START	1549219579008	1549219579008
REQUEST	88		request_0	1549219579009	1549219579011	OK	 
REQUEST	88		request_0 Redirect 1	1549219579011	1549219579013	OK	 
REQUEST	79		request_1	1549219578528	1549219579135	OK	 
REQUEST	72		request_4	1549219579158	1549219579162	OK	 
REQUEST	72		request_5	1549219579162	1549219579164	OK	 
REQUEST	72		request_6	1549219579162	1549219579166	OK	 
REQUEST	72		request_7	1549219579163	1549219579167	OK	 
REQUEST	52		request_11	1549219579178	1549219579179	OK	 
REQUEST	52		request_11 Redirect 1	1549219579179	1549219579180	OK	 
REQUEST	52		request_11 Redirect 2	1549219579180	1549219579181	OK	 
USER	EmployeeAcceptOrder	52	END	1549219557506	1549219579182
USER	EmployeeAcceptOrder	89	START	1549219579508	1549219579508
REQUEST	89		request_0	1549219579509	1549219579511	OK	 
REQUEST	89		request_0 Redirect 1	1549219579511	1549219579513	OK	 
REQUEST	80		request_1	1549219579029	1549219579636	OK	 
REQUEST	76		request_2	1549219579638	1549219579640	OK	 
REQUEST	73		request_4	1549219579647	1549219579649	OK	 
REQUEST	76		request_3	1549219579640	1549219579649	OK	 
REQUEST	73		request_5	1549219579649	1549219579650	OK	 
REQUEST	73		request_6	1549219579649	1549219579651	OK	 
REQUEST	73		request_7	1549219579649	1549219579652	OK	 
REQUEST	61		request_8	1549219579669	1549219579673	OK	 
REQUEST	61		request_9	1549219579674	1549219579675	OK	 
REQUEST	53		request_11	1549219579677	1549219579677	OK	 
REQUEST	53		request_11 Redirect 1	1549219579677	1549219579678	OK	 
REQUEST	53		request_11 Redirect 2	1549219579678	1549219579680	OK	 
USER	EmployeeAcceptOrder	53	END	1549219558008	1549219579680
REQUEST	61		request_10	1549219579674	1549219579682	OK	 
USER	EmployeeAcceptOrder	90	START	1549219580006	1549219580006
REQUEST	90		request_0	1549219580006	1549219580008	OK	 
REQUEST	90		request_0 Redirect 1	1549219580009	1549219580011	OK	 
REQUEST	77		request_2	1549219580139	1549219580140	OK	 
REQUEST	77		request_3	1549219580141	1549219580150	OK	 
REQUEST	74		request_4	1549219580156	1549219580158	OK	 
REQUEST	74		request_5	1549219580159	1549219580160	OK	 
REQUEST	74		request_6	1549219580159	1549219580161	OK	 
REQUEST	74		request_7	1549219580159	1549219580162	OK	 
REQUEST	62		request_8	1549219580167	1549219580170	OK	 
REQUEST	62		request_9	1549219580170	1549219580171	OK	 
REQUEST	62		request_10	1549219580171	1549219580176	OK	 
REQUEST	54		request_11	1549219580176	1549219580177	OK	 
REQUEST	54		request_11 Redirect 1	1549219580177	1549219580178	OK	 
REQUEST	54		request_11 Redirect 2	1549219580178	1549219580179	OK	 
USER	EmployeeAcceptOrder	54	END	1549219558506	1549219580179
REQUEST	78		request_2	1549219580636	1549219580637	OK	 
REQUEST	81		request_1	1549219580029	1549219580637	OK	 
REQUEST	78		request_3	1549219580638	1549219580647	OK	 
REQUEST	75		request_4	1549219580658	1549219580661	OK	 
REQUEST	75		request_5	1549219580662	1549219580664	OK	 
REQUEST	75		request_6	1549219580662	1549219580665	OK	 
REQUEST	75		request_7	1549219580663	1549219580667	OK	 
REQUEST	63		request_8	1549219580667	1549219580670	OK	 
REQUEST	63		request_9	1549219580671	1549219580672	OK	 
REQUEST	55		request_11	1549219580676	1549219580677	OK	 
REQUEST	55		request_11 Redirect 1	1549219580677	1549219580678	OK	 
REQUEST	63		request_10	1549219580671	1549219580679	OK	 
REQUEST	55		request_11 Redirect 2	1549219580678	1549219580679	OK	 
USER	EmployeeAcceptOrder	55	END	1549219559008	1549219580679
USER	EmployeeAcceptOrder	91	START	1549219581009	1549219581009
REQUEST	91		request_0	1549219581009	1549219581011	OK	 
REQUEST	91		request_0 Redirect 1	1549219581011	1549219581013	OK	 
REQUEST	82		request_1	1549219580529	1549219581133	OK	 
REQUEST	79		request_2	1549219581139	1549219581141	OK	 
REQUEST	79		request_3	1549219581141	1549219581151	OK	 
REQUEST	64		request_8	1549219581168	1549219581173	OK	 
REQUEST	64		request_9	1549219581174	1549219581175	OK	 
REQUEST	64		request_10	1549219581174	1549219581183	OK	 
USER	EmployeeAcceptOrder	92	START	1549219581508	1549219581508
REQUEST	92		request_0	1549219581508	1549219581510	OK	 
REQUEST	92		request_0 Redirect 1	1549219581511	1549219581513	OK	 
REQUEST	83		request_1	1549219581029	1549219581635	OK	 
REQUEST	80		request_2	1549219581638	1549219581639	OK	 
REQUEST	80		request_3	1549219581640	1549219581648	OK	 
REQUEST	76		request_4	1549219581659	1549219581662	OK	 
REQUEST	65		request_8	1549219581659	1549219581665	OK	 
REQUEST	76		request_5	1549219581662	1549219581665	OK	 
REQUEST	76		request_6	1549219581663	1549219581666	OK	 
REQUEST	65		request_9	1549219581665	1549219581667	OK	 
REQUEST	76		request_7	1549219581663	1549219581668	OK	 
REQUEST	65		request_10	1549219581666	1549219581673	OK	 
REQUEST	56		request_11	1549219581678	1549219581679	OK	 
REQUEST	56		request_11 Redirect 1	1549219581679	1549219581680	OK	 
REQUEST	56		request_11 Redirect 2	1549219581680	1549219581682	OK	 
USER	EmployeeAcceptOrder	56	END	1549219560009	1549219581682
USER	EmployeeAcceptOrder	93	START	1549219582006	1549219582006
REQUEST	93		request_0	1549219582006	1549219582008	OK	 
REQUEST	93		request_0 Redirect 1	1549219582008	1549219582010	OK	 
REQUEST	84		request_1	1549219581527	1549219582131	OK	 
REQUEST	77		request_4	1549219582148	1549219582151	OK	 
REQUEST	77		request_5	1549219582151	1549219582154	OK	 
REQUEST	77		request_6	1549219582152	1549219582155	OK	 
REQUEST	77		request_7	1549219582152	1549219582156	OK	 
REQUEST	57		request_11	1549219582178	1549219582179	OK	 
REQUEST	57		request_11 Redirect 1	1549219582180	1549219582181	OK	 
REQUEST	57		request_11 Redirect 2	1549219582181	1549219582183	OK	 
USER	EmployeeAcceptOrder	57	END	1549219560509	1549219582183
USER	EmployeeAcceptOrder	94	START	1549219582509	1549219582509
REQUEST	94		request_0	1549219582510	1549219582512	OK	 
REQUEST	94		request_0 Redirect 1	1549219582512	1549219582514	OK	 
REQUEST	85		request_1	1549219582028	1549219582636	OK	 
REQUEST	81		request_2	1549219582649	1549219582650	OK	 
REQUEST	78		request_4	1549219582656	1549219582658	OK	 
REQUEST	66		request_8	1549219582656	1549219582660	OK	 
REQUEST	78		request_5	1549219582658	1549219582660	OK	 
REQUEST	81		request_3	1549219582651	1549219582661	OK	 
REQUEST	66		request_9	1549219582660	1549219582661	OK	 
REQUEST	78		request_6	1549219582659	1549219582661	OK	 
REQUEST	78		request_7	1549219582659	1549219582662	OK	 
REQUEST	66		request_10	1549219582661	1549219582668	OK	 
REQUEST	58		request_11	1549219582688	1549219582689	OK	 
REQUEST	58		request_11 Redirect 1	1549219582689	1549219582690	OK	 
REQUEST	58		request_11 Redirect 2	1549219582690	1549219582692	OK	 
USER	EmployeeAcceptOrder	58	END	1549219561008	1549219582692
USER	EmployeeAcceptOrder	95	START	1549219583006	1549219583006
REQUEST	95		request_0	1549219583007	1549219583009	OK	 
REQUEST	95		request_0 Redirect 1	1549219583009	1549219583011	OK	 
REQUEST	82		request_2	1549219583137	1549219583139	OK	 
REQUEST	82		request_3	1549219583139	1549219583149	OK	 
REQUEST	79		request_4	1549219583157	1549219583159	OK	 
REQUEST	67		request_8	1549219583157	1549219583161	OK	 
REQUEST	79		request_5	1549219583160	1549219583161	OK	 
REQUEST	67		request_9	1549219583161	1549219583162	OK	 
REQUEST	79		request_6	1549219583160	1549219583162	OK	 
REQUEST	79		request_7	1549219583160	1549219583163	OK	 
REQUEST	67		request_10	1549219583161	1549219583168	OK	 
REQUEST	59		request_11	1549219583178	1549219583179	OK	 
REQUEST	59		request_11 Redirect 1	1549219583179	1549219583180	OK	 
REQUEST	59		request_11 Redirect 2	1549219583180	1549219583182	OK	 
USER	EmployeeAcceptOrder	59	END	1549219561508	1549219583182
REQUEST	86		request_1	1549219583029	1549219583637	OK	 
REQUEST	83		request_2	1549219583636	1549219583638	OK	 
REQUEST	83		request_3	1549219583638	1549219583647	OK	 
REQUEST	80		request_4	1549219583658	1549219583660	OK	 
REQUEST	68		request_8	1549219583658	1549219583662	OK	 
REQUEST	80		request_5	1549219583661	1549219583662	OK	 
REQUEST	68		request_9	1549219583662	1549219583663	OK	 
REQUEST	80		request_6	1549219583661	1549219583664	OK	 
REQUEST	80		request_7	1549219583662	1549219583665	OK	 
REQUEST	68		request_10	1549219583662	1549219583670	OK	 
REQUEST	60		request_11	1549219583678	1549219583679	OK	 
REQUEST	60		request_11 Redirect 1	1549219583679	1549219583680	OK	 
REQUEST	60		request_11 Redirect 2	1549219583681	1549219583682	OK	 
USER	EmployeeAcceptOrder	60	END	1549219562008	1549219583683
USER	EmployeeAcceptOrder	96	START	1549219584009	1549219584009
REQUEST	96		request_0	1549219584009	1549219584011	OK	 
REQUEST	96		request_0 Redirect 1	1549219584012	1549219584014	OK	 
REQUEST	87		request_1	1549219583529	1549219584138	OK	 
REQUEST	84		request_2	1549219584138	1549219584139	OK	 
REQUEST	84		request_3	1549219584140	1549219584149	OK	 
REQUEST	69		request_8	1549219584159	1549219584163	OK	 
REQUEST	69		request_9	1549219584163	1549219584164	OK	 
REQUEST	69		request_10	1549219584163	1549219584170	OK	 
USER	EmployeeAcceptOrder	97	START	1549219584506	1549219584506
REQUEST	97		request_0	1549219584507	1549219584509	OK	 
REQUEST	97		request_0 Redirect 1	1549219584509	1549219584512	OK	 
REQUEST	88		request_1	1549219584029	1549219584637	OK	 
REQUEST	85		request_2	1549219584649	1549219584650	OK	 
REQUEST	81		request_4	1549219584656	1549219584658	OK	 
REQUEST	81		request_5	1549219584659	1549219584660	OK	 
REQUEST	85		request_3	1549219584651	1549219584661	OK	 
REQUEST	81		request_6	1549219584659	1549219584662	OK	 
REQUEST	81		request_7	1549219584659	1549219584662	OK	 
REQUEST	70		request_8	1549219584669	1549219584674	OK	 
REQUEST	70		request_9	1549219584674	1549219584676	OK	 
REQUEST	70		request_10	1549219584675	1549219584683	OK	 
REQUEST	61		request_11	1549219584688	1549219584689	OK	 
REQUEST	61		request_11 Redirect 1	1549219584689	1549219584690	OK	 
REQUEST	61		request_11 Redirect 2	1549219584690	1549219584691	OK	 
USER	EmployeeAcceptOrder	61	END	1549219563007	1549219584692
USER	EmployeeAcceptOrder	98	START	1549219585007	1549219585007
REQUEST	98		request_0	1549219585007	1549219585009	OK	 
REQUEST	98		request_0 Redirect 1	1549219585009	1549219585011	OK	 
REQUEST	89		request_1	1549219584528	1549219585134	OK	 
REQUEST	82		request_4	1549219585149	1549219585152	OK	 
REQUEST	82		request_5	1549219585152	1549219585155	OK	 
REQUEST	82		request_6	1549219585153	1549219585156	OK	 
REQUEST	82		request_7	1549219585153	1549219585157	OK	 
REQUEST	62		request_11	1549219585178	1549219585179	OK	 
REQUEST	62		request_11 Redirect 1	1549219585179	1549219585180	OK	 
REQUEST	62		request_11 Redirect 2	1549219585180	1549219585183	OK	 
USER	EmployeeAcceptOrder	62	END	1549219563509	1549219585183
USER	EmployeeAcceptOrder	99	START	1549219585507	1549219585507
REQUEST	99		request_0	1549219585507	1549219585510	OK	 
REQUEST	99		request_0 Redirect 1	1549219585510	1549219585512	OK	 
REQUEST	90		request_1	1549219585028	1549219585637	OK	 
REQUEST	86		request_2	1549219585648	1549219585650	OK	 
REQUEST	83		request_4	1549219585656	1549219585659	OK	 
REQUEST	86		request_3	1549219585651	1549219585660	OK	 
REQUEST	83		request_5	1549219585659	1549219585661	OK	 
REQUEST	71		request_8	1549219585656	1549219585661	OK	 
REQUEST	83		request_6	1549219585659	1549219585662	OK	 
REQUEST	71		request_9	1549219585661	1549219585662	OK	 
REQUEST	83		request_7	1549219585660	1549219585663	OK	 
REQUEST	71		request_10	1549219585661	1549219585668	OK	 
REQUEST	63		request_11	1549219585678	1549219585679	OK	 
REQUEST	63		request_11 Redirect 1	1549219585680	1549219585681	OK	 
REQUEST	63		request_11 Redirect 2	1549219585681	1549219585683	OK	 
USER	EmployeeAcceptOrder	63	END	1549219564006	1549219585683
USER	EmployeeAcceptOrder	100	START	1549219586007	1549219586007
REQUEST	100		request_0	1549219586007	1549219586008	OK	 
REQUEST	100		request_0 Redirect 1	1549219586009	1549219586010	OK	 
REQUEST	87		request_2	1549219586148	1549219586149	OK	 
REQUEST	84		request_4	1549219586148	1549219586150	OK	 
REQUEST	84		request_5	1549219586151	1549219586153	OK	 
REQUEST	84		request_6	1549219586151	1549219586154	OK	 
REQUEST	84		request_7	1549219586152	1549219586155	OK	 
REQUEST	87		request_3	1549219586150	1549219586158	OK	 
REQUEST	72		request_8	1549219586169	1549219586174	OK	 
REQUEST	72		request_9	1549219586174	1549219586176	OK	 
REQUEST	64		request_11	1549219586178	1549219586179	OK	 
REQUEST	64		request_11 Redirect 1	1549219586179	1549219586180	OK	 
REQUEST	64		request_11 Redirect 2	1549219586180	1549219586181	OK	 
USER	EmployeeAcceptOrder	64	END	1549219564506	1549219586182
REQUEST	72		request_10	1549219586174	1549219586184	OK	 
REQUEST	91		request_1	1549219586029	1549219586635	OK	 
REQUEST	88		request_2	1549219586647	1549219586649	OK	 
REQUEST	85		request_4	1549219586656	1549219586658	OK	 
REQUEST	88		request_3	1549219586649	1549219586658	OK	 
REQUEST	73		request_8	1549219586656	1549219586660	OK	 
REQUEST	85		request_5	1549219586659	1549219586660	OK	 
REQUEST	73		request_9	1549219586660	1549219586661	OK	 
REQUEST	85		request_6	1549219586659	1549219586661	OK	 
REQUEST	85		request_7	1549219586659	1549219586662	OK	 
REQUEST	65		request_11	1549219586666	1549219586667	OK	 
REQUEST	73		request_10	1549219586660	1549219586667	OK	 
REQUEST	65		request_11 Redirect 1	1549219586667	1549219586667	OK	 
REQUEST	65		request_11 Redirect 2	1549219586667	1549219586669	OK	 
USER	EmployeeAcceptOrder	65	END	1549219565008	1549219586669
REQUEST	92		request_1	1549219586527	1549219587132	OK	 
REQUEST	89		request_2	1549219587139	1549219587141	OK	 
REQUEST	89		request_3	1549219587141	1549219587150	OK	 
REQUEST	74		request_8	1549219587159	1549219587163	OK	 
REQUEST	74		request_9	1549219587163	1549219587164	OK	 
REQUEST	74		request_10	1549219587163	1549219587170	OK	 
REQUEST	93		request_1	1549219587026	1549219587631	OK	 
REQUEST	90		request_2	1549219587648	1549219587650	OK	 
REQUEST	86		request_4	1549219587656	1549219587658	OK	 
REQUEST	75		request_8	1549219587656	1549219587660	OK	 
REQUEST	90		request_3	1549219587651	1549219587660	OK	 
REQUEST	86		request_5	1549219587659	1549219587661	OK	 
REQUEST	75		request_9	1549219587661	1549219587662	OK	 
REQUEST	86		request_6	1549219587659	1549219587663	OK	 
REQUEST	86		request_7	1549219587661	1549219587664	OK	 
REQUEST	75		request_10	1549219587661	1549219587668	OK	 
REQUEST	66		request_11	1549219587676	1549219587677	OK	 
REQUEST	66		request_11 Redirect 1	1549219587678	1549219587679	OK	 
REQUEST	66		request_11 Redirect 2	1549219587679	1549219587681	OK	 
USER	EmployeeAcceptOrder	66	END	1549219566008	1549219587681
REQUEST	94		request_1	1549219587529	1549219588137	OK	 
REQUEST	87		request_4	1549219588156	1549219588159	OK	 
REQUEST	87		request_5	1549219588160	1549219588162	OK	 
REQUEST	87		request_6	1549219588160	1549219588163	OK	 
REQUEST	87		request_7	1549219588160	1549219588164	OK	 
REQUEST	67		request_11	1549219588178	1549219588179	OK	 
REQUEST	67		request_11 Redirect 1	1549219588179	1549219588180	OK	 
REQUEST	67		request_11 Redirect 2	1549219588180	1549219588182	OK	 
USER	EmployeeAcceptOrder	67	END	1549219566509	1549219588182
REQUEST	95		request_1	1549219588029	1549219588637	OK	 
REQUEST	91		request_2	1549219588636	1549219588638	OK	 
REQUEST	91		request_3	1549219588638	1549219588648	OK	 
REQUEST	88		request_4	1549219588658	1549219588661	OK	 
REQUEST	88		request_5	1549219588661	1549219588664	OK	 
REQUEST	88		request_6	1549219588662	1549219588665	OK	 
REQUEST	88		request_7	1549219588662	1549219588666	OK	 
REQUEST	76		request_8	1549219588666	1549219588670	OK	 
REQUEST	76		request_9	1549219588670	1549219588671	OK	 
REQUEST	76		request_10	1549219588671	1549219588677	OK	 
REQUEST	68		request_11	1549219588679	1549219588679	OK	 
REQUEST	68		request_11 Redirect 1	1549219588679	1549219588680	OK	 
REQUEST	68		request_11 Redirect 2	1549219588680	1549219588681	OK	 
USER	EmployeeAcceptOrder	68	END	1549219567009	1549219588682
REQUEST	92		request_2	1549219589138	1549219589140	OK	 
REQUEST	92		request_3	1549219589141	1549219589150	OK	 
REQUEST	89		request_4	1549219589158	1549219589161	OK	 
REQUEST	89		request_5	1549219589161	1549219589164	OK	 
REQUEST	89		request_6	1549219589161	1549219589165	OK	 
REQUEST	89		request_7	1549219589162	1549219589166	OK	 
REQUEST	69		request_11	1549219589166	1549219589166	OK	 
REQUEST	69		request_11 Redirect 1	1549219589167	1549219589167	OK	 
REQUEST	69		request_11 Redirect 2	1549219589168	1549219589169	OK	 
USER	EmployeeAcceptOrder	69	END	1549219567508	1549219589169
REQUEST	77		request_8	1549219589166	1549219589170	OK	 
REQUEST	77		request_9	1549219589170	1549219589171	OK	 
REQUEST	77		request_10	1549219589170	1549219589177	OK	 
REQUEST	96		request_1	1549219589028	1549219589634	OK	 
REQUEST	93		request_2	1549219589639	1549219589640	OK	 
REQUEST	93		request_3	1549219589641	1549219589650	OK	 
REQUEST	90		request_4	1549219589658	1549219589661	OK	 
REQUEST	78		request_8	1549219589658	1549219589664	OK	 
REQUEST	90		request_5	1549219589662	1549219589664	OK	 
REQUEST	78		request_9	1549219589664	1549219589666	OK	 
REQUEST	90		request_6	1549219589662	1549219589666	OK	 
REQUEST	90		request_7	1549219589663	1549219589667	OK	 
REQUEST	78		request_10	1549219589665	1549219589672	OK	 
REQUEST	70		request_11	1549219589678	1549219589679	OK	 
REQUEST	70		request_11 Redirect 1	1549219589679	1549219589679	OK	 
REQUEST	70		request_11 Redirect 2	1549219589680	1549219589681	OK	 
USER	EmployeeAcceptOrder	70	END	1549219568008	1549219589681
REQUEST	97		request_1	1549219589529	1549219590134	OK	 
REQUEST	94		request_2	1549219590148	1549219590150	OK	 
REQUEST	94		request_3	1549219590150	1549219590159	OK	 
REQUEST	79		request_8	1549219590156	1549219590160	OK	 
REQUEST	79		request_9	1549219590160	1549219590161	OK	 
REQUEST	79		request_10	1549219590160	1549219590167	OK	 
REQUEST	98		request_1	1549219590028	1549219590631	OK	 
REQUEST	95		request_2	1549219590648	1549219590650	OK	 
REQUEST	91		request_4	1549219590656	1549219590659	OK	 
REQUEST	95		request_3	1549219590650	1549219590660	OK	 
REQUEST	91		request_5	1549219590659	1549219590660	OK	 
REQUEST	80		request_8	1549219590656	1549219590660	OK	 
REQUEST	80		request_9	1549219590661	1549219590662	OK	 
REQUEST	91		request_6	1549219590659	1549219590662	OK	 
REQUEST	91		request_7	1549219590660	1549219590663	OK	 
REQUEST	80		request_10	1549219590661	1549219590668	OK	 
REQUEST	71		request_11	1549219590677	1549219590678	OK	 
REQUEST	71		request_11 Redirect 1	1549219590678	1549219590679	OK	 
REQUEST	71		request_11 Redirect 2	1549219590679	1549219590681	OK	 
USER	EmployeeAcceptOrder	71	END	1549219569008	1549219590681
REQUEST	99		request_1	1549219590529	1549219591136	OK	 
REQUEST	92		request_4	1549219591146	1549219591148	OK	 
REQUEST	92		request_5	1549219591148	1549219591150	OK	 
REQUEST	92		request_6	1549219591148	1549219591151	OK	 
REQUEST	92		request_7	1549219591148	1549219591151	OK	 
REQUEST	72		request_11	1549219591177	1549219591178	OK	 
REQUEST	72		request_11 Redirect 1	1549219591178	1549219591179	OK	 
REQUEST	72		request_11 Redirect 2	1549219591179	1549219591182	OK	 
USER	EmployeeAcceptOrder	72	END	1549219569507	1549219591182
REQUEST	100		request_1	1549219591028	1549219591634	OK	 
REQUEST	96		request_2	1549219591638	1549219591640	OK	 
REQUEST	93		request_4	1549219591646	1549219591648	OK	 
REQUEST	96		request_3	1549219591640	1549219591650	OK	 
REQUEST	93		request_5	1549219591649	1549219591651	OK	 
REQUEST	93		request_6	1549219591649	1549219591652	OK	 
REQUEST	93		request_7	1549219591649	1549219591652	OK	 
REQUEST	81		request_8	1549219591659	1549219591665	OK	 
REQUEST	81		request_9	1549219591665	1549219591666	OK	 
REQUEST	73		request_11	1549219591666	1549219591667	OK	 
REQUEST	73		request_11 Redirect 1	1549219591668	1549219591668	OK	 
REQUEST	73		request_11 Redirect 2	1549219591668	1549219591670	OK	 
USER	EmployeeAcceptOrder	73	END	1549219570008	1549219591670
REQUEST	81		request_10	1549219591665	1549219591674	OK	 
REQUEST	97		request_2	1549219592139	1549219592140	OK	 
REQUEST	97		request_3	1549219592141	1549219592150	OK	 
REQUEST	94		request_4	1549219592158	1549219592160	OK	 
REQUEST	94		request_5	1549219592160	1549219592162	OK	 
REQUEST	82		request_8	1549219592158	1549219592162	OK	 
REQUEST	82		request_9	1549219592162	1549219592163	OK	 
REQUEST	94		request_6	1549219592160	1549219592163	OK	 
REQUEST	94		request_7	1549219592161	1549219592164	OK	 
REQUEST	74		request_11	1549219592166	1549219592167	OK	 
REQUEST	74		request_11 Redirect 1	1549219592167	1549219592167	OK	 
REQUEST	74		request_11 Redirect 2	1549219592168	1549219592169	OK	 
REQUEST	82		request_10	1549219592162	1549219592169	OK	 
USER	EmployeeAcceptOrder	74	END	1549219570509	1549219592169
REQUEST	98		request_2	1549219592638	1549219592640	OK	 
REQUEST	98		request_3	1549219592640	1549219592650	OK	 
REQUEST	95		request_4	1549219592659	1549219592661	OK	 
REQUEST	95		request_5	1549219592661	1549219592663	OK	 
REQUEST	83		request_8	1549219592659	1549219592663	OK	 
REQUEST	83		request_9	1549219592663	1549219592664	OK	 
REQUEST	95		request_6	1549219592661	1549219592664	OK	 
REQUEST	95		request_7	1549219592662	1549219592665	OK	 
REQUEST	83		request_10	1549219592663	1549219592669	OK	 
REQUEST	75		request_11	1549219592676	1549219592677	OK	 
REQUEST	75		request_11 Redirect 1	1549219592677	1549219592678	OK	 
REQUEST	75		request_11 Redirect 2	1549219592678	1549219592679	OK	 
USER	EmployeeAcceptOrder	75	END	1549219571006	1549219592680
REQUEST	99		request_2	1549219593139	1549219593140	OK	 
REQUEST	99		request_3	1549219593141	1549219593150	OK	 
REQUEST	84		request_8	1549219593147	1549219593151	OK	 
REQUEST	84		request_9	1549219593151	1549219593152	OK	 
REQUEST	84		request_10	1549219593151	1549219593157	OK	 
REQUEST	100		request_2	1549219593638	1549219593640	OK	 
REQUEST	100		request_3	1549219593640	1549219593649	OK	 
REQUEST	96		request_4	1549219593659	1549219593660	OK	 
REQUEST	85		request_8	1549219593659	1549219593662	OK	 
REQUEST	96		request_5	1549219593661	1549219593662	OK	 
REQUEST	85		request_9	1549219593662	1549219593663	OK	 
REQUEST	96		request_6	1549219593661	1549219593663	OK	 
REQUEST	96		request_7	1549219593661	1549219593664	OK	 
REQUEST	76		request_11	1549219593666	1549219593666	OK	 
REQUEST	76		request_11 Redirect 1	1549219593666	1549219593667	OK	 
REQUEST	85		request_10	1549219593662	1549219593668	OK	 
REQUEST	76		request_11 Redirect 2	1549219593667	1549219593668	OK	 
USER	EmployeeAcceptOrder	76	END	1549219572007	1549219593668
REQUEST	97		request_4	1549219594148	1549219594151	OK	 
REQUEST	97		request_5	1549219594151	1549219594154	OK	 
REQUEST	97		request_6	1549219594152	1549219594155	OK	 
REQUEST	97		request_7	1549219594152	1549219594156	OK	 
REQUEST	77		request_11	1549219594169	1549219594170	OK	 
REQUEST	77		request_11 Redirect 1	1549219594170	1549219594171	OK	 
REQUEST	77		request_11 Redirect 2	1549219594171	1549219594173	OK	 
USER	EmployeeAcceptOrder	77	END	1549219572507	1549219594174
REQUEST	98		request_4	1549219594649	1549219594652	OK	 
REQUEST	98		request_5	1549219594653	1549219594655	OK	 
REQUEST	98		request_6	1549219594653	1549219594656	OK	 
REQUEST	98		request_7	1549219594653	1549219594657	OK	 
REQUEST	86		request_8	1549219594656	1549219594660	OK	 
REQUEST	86		request_9	1549219594661	1549219594661	OK	 
REQUEST	78		request_11	1549219594666	1549219594667	OK	 
REQUEST	86		request_10	1549219594661	1549219594667	OK	 
REQUEST	78		request_11 Redirect 1	1549219594667	1549219594667	OK	 
REQUEST	78		request_11 Redirect 2	1549219594668	1549219594669	OK	 
USER	EmployeeAcceptOrder	78	END	1549219573007	1549219594669
REQUEST	99		request_4	1549219595159	1549219595162	OK	 
REQUEST	87		request_8	1549219595159	1549219595164	OK	 
REQUEST	99		request_5	1549219595163	1549219595165	OK	 
REQUEST	99		request_6	1549219595163	1549219595166	OK	 
REQUEST	87		request_9	1549219595165	1549219595166	OK	 
REQUEST	99		request_7	1549219595163	1549219595167	OK	 
REQUEST	87		request_10	1549219595165	1549219595173	OK	 
REQUEST	79		request_11	1549219595176	1549219595177	OK	 
REQUEST	79		request_11 Redirect 1	1549219595178	1549219595179	OK	 
REQUEST	79		request_11 Redirect 2	1549219595179	1549219595180	OK	 
USER	EmployeeAcceptOrder	79	END	1549219573507	1549219595181
REQUEST	100		request_4	1549219595648	1549219595651	OK	 
REQUEST	100		request_5	1549219595652	1549219595654	OK	 
REQUEST	100		request_6	1549219595652	1549219595655	OK	 
REQUEST	100		request_7	1549219595652	1549219595656	OK	 
REQUEST	80		request_11	1549219595669	1549219595670	OK	 
REQUEST	80		request_11 Redirect 1	1549219595670	1549219595671	OK	 
REQUEST	80		request_11 Redirect 2	1549219595671	1549219595673	OK	 
USER	EmployeeAcceptOrder	80	END	1549219574007	1549219595674
REQUEST	88		request_8	1549219595669	1549219595674	OK	 
REQUEST	88		request_9	1549219595675	1549219595677	OK	 
REQUEST	88		request_10	1549219595675	1549219595684	OK	 
REQUEST	89		request_8	1549219596168	1549219596173	OK	 
REQUEST	89		request_9	1549219596174	1549219596175	OK	 
REQUEST	89		request_10	1549219596174	1549219596181	OK	 
REQUEST	81		request_11	1549219596668	1549219596669	OK	 
REQUEST	81		request_11 Redirect 1	1549219596669	1549219596671	OK	 
REQUEST	81		request_11 Redirect 2	1549219596671	1549219596673	OK	 
USER	EmployeeAcceptOrder	81	END	1549219575007	1549219596674
REQUEST	90		request_8	1549219596668	1549219596674	OK	 
REQUEST	90		request_9	1549219596674	1549219596676	OK	 
REQUEST	90		request_10	1549219596674	1549219596682	OK	 
REQUEST	82		request_11	1549219597168	1549219597169	OK	 
REQUEST	82		request_11 Redirect 1	1549219597169	1549219597170	OK	 
REQUEST	82		request_11 Redirect 2	1549219597171	1549219597173	OK	 
USER	EmployeeAcceptOrder	82	END	1549219575506	1549219597173
REQUEST	91		request_8	1549219597659	1549219597664	OK	 
REQUEST	83		request_11	1549219597667	1549219597668	OK	 
REQUEST	83		request_11 Redirect 1	1549219597668	1549219597669	OK	 
REQUEST	83		request_11 Redirect 2	1549219597669	1549219597670	OK	 
USER	EmployeeAcceptOrder	83	END	1549219576008	1549219597671
REQUEST	91		request_10	1549219597665	1549219597673	OK	 
REQUEST	91		request_9	1549219597665	1549219597680	OK	 
REQUEST	92		request_8	1549219598158	1549219598164	OK	 
REQUEST	92		request_9	1549219598164	1549219598165	OK	 
REQUEST	84		request_11	1549219598168	1549219598168	OK	 
REQUEST	84		request_11 Redirect 1	1549219598168	1549219598169	OK	 
REQUEST	84		request_11 Redirect 2	1549219598169	1549219598171	OK	 
USER	EmployeeAcceptOrder	84	END	1549219576508	1549219598171
REQUEST	92		request_10	1549219598164	1549219598172	OK	 
REQUEST	93		request_8	1549219598656	1549219598661	OK	 
REQUEST	93		request_9	1549219598662	1549219598663	OK	 
REQUEST	93		request_10	1549219598662	1549219598669	OK	 
REQUEST	85		request_11	1549219598678	1549219598679	OK	 
REQUEST	85		request_11 Redirect 1	1549219598679	1549219598680	OK	 
REQUEST	85		request_11 Redirect 2	1549219598681	1549219598683	OK	 
USER	EmployeeAcceptOrder	85	END	1549219577008	1549219598683
REQUEST	94		request_8	1549219599159	1549219599164	OK	 
REQUEST	94		request_9	1549219599165	1549219599166	OK	 
REQUEST	94		request_10	1549219599165	1549219599173	OK	 
REQUEST	95		request_8	1549219599657	1549219599662	OK	 
REQUEST	95		request_9	1549219599663	1549219599664	OK	 
REQUEST	95		request_10	1549219599663	1549219599670	OK	 
REQUEST	86		request_11	1549219599679	1549219599680	OK	 
REQUEST	86		request_11 Redirect 1	1549219599680	1549219599681	OK	 
REQUEST	86		request_11 Redirect 2	1549219599682	1549219599684	OK	 
USER	EmployeeAcceptOrder	86	END	1549219578008	1549219599684
REQUEST	87		request_11	1549219600176	1549219600177	OK	 
REQUEST	87		request_11 Redirect 1	1549219600178	1549219600178	OK	 
REQUEST	87		request_11 Redirect 2	1549219600179	1549219600181	OK	 
USER	EmployeeAcceptOrder	87	END	1549219578508	1549219600181
REQUEST	96		request_8	1549219600659	1549219600664	OK	 
REQUEST	96		request_9	1549219600665	1549219600666	OK	 
REQUEST	96		request_10	1549219600665	1549219600673	OK	 
REQUEST	88		request_11	1549219600677	1549219600677	OK	 
REQUEST	88		request_11 Redirect 1	1549219600678	1549219600678	OK	 
REQUEST	88		request_11 Redirect 2	1549219600678	1549219600680	OK	 
USER	EmployeeAcceptOrder	88	END	1549219579008	1549219600681
REQUEST	97		request_8	1549219601166	1549219601171	OK	 
REQUEST	97		request_9	1549219601172	1549219601173	OK	 
REQUEST	89		request_11	1549219601176	1549219601177	OK	 
REQUEST	89		request_11 Redirect 1	1549219601177	1549219601178	OK	 
REQUEST	89		request_11 Redirect 2	1549219601178	1549219601179	OK	 
USER	EmployeeAcceptOrder	89	END	1549219579508	1549219601180
REQUEST	97		request_10	1549219601172	1549219601180	OK	 
REQUEST	98		request_8	1549219601657	1549219601663	OK	 
REQUEST	98		request_9	1549219601663	1549219601664	OK	 
REQUEST	98		request_10	1549219601663	1549219601671	OK	 
REQUEST	90		request_11	1549219601677	1549219601678	OK	 
REQUEST	90		request_11 Redirect 1	1549219601678	1549219601679	OK	 
REQUEST	90		request_11 Redirect 2	1549219601679	1549219601682	OK	 
USER	EmployeeAcceptOrder	90	END	1549219580006	1549219601682
REQUEST	99		request_8	1549219602169	1549219602174	OK	 
REQUEST	99		request_9	1549219602174	1549219602175	OK	 
REQUEST	99		request_10	1549219602174	1549219602182	OK	 
REQUEST	100		request_8	1549219602648	1549219602653	OK	 
REQUEST	100		request_9	1549219602654	1549219602655	OK	 
REQUEST	100		request_10	1549219602654	1549219602662	OK	 
REQUEST	91		request_11	1549219602678	1549219602679	OK	 
REQUEST	91		request_11 Redirect 1	1549219602679	1549219602680	OK	 
REQUEST	91		request_11 Redirect 2	1549219602680	1549219602681	OK	 
USER	EmployeeAcceptOrder	91	END	1549219581009	1549219602682
REQUEST	92		request_11	1549219603169	1549219603170	OK	 
REQUEST	92		request_11 Redirect 1	1549219603170	1549219603171	OK	 
REQUEST	92		request_11 Redirect 2	1549219603171	1549219603173	OK	 
USER	EmployeeAcceptOrder	92	END	1549219581508	1549219603174
REQUEST	93		request_11	1549219603668	1549219603669	OK	 
REQUEST	93		request_11 Redirect 1	1549219603669	1549219603670	OK	 
REQUEST	93		request_11 Redirect 2	1549219603670	1549219603672	OK	 
USER	EmployeeAcceptOrder	93	END	1549219582006	1549219603672
REQUEST	94		request_11	1549219604168	1549219604170	OK	 
REQUEST	94		request_11 Redirect 1	1549219604170	1549219604171	OK	 
REQUEST	94		request_11 Redirect 2	1549219604171	1549219604173	OK	 
USER	EmployeeAcceptOrder	94	END	1549219582509	1549219604173
REQUEST	95		request_11	1549219604679	1549219604680	OK	 
REQUEST	95		request_11 Redirect 1	1549219604680	1549219604681	OK	 
REQUEST	95		request_11 Redirect 2	1549219604681	1549219604683	OK	 
USER	EmployeeAcceptOrder	95	END	1549219583006	1549219604684
REQUEST	96		request_11	1549219605676	1549219605678	OK	 
REQUEST	96		request_11 Redirect 1	1549219605679	1549219605681	OK	 
REQUEST	96		request_11 Redirect 2	1549219605682	1549219605684	OK	 
USER	EmployeeAcceptOrder	96	END	1549219584009	1549219605684
REQUEST	97		request_11	1549219606179	1549219606180	OK	 
REQUEST	97		request_11 Redirect 1	1549219606180	1549219606181	OK	 
REQUEST	97		request_11 Redirect 2	1549219606182	1549219606184	OK	 
USER	EmployeeAcceptOrder	97	END	1549219584506	1549219606184
REQUEST	98		request_11	1549219606667	1549219606668	OK	 
REQUEST	98		request_11 Redirect 1	1549219606669	1549219606670	OK	 
REQUEST	98		request_11 Redirect 2	1549219606670	1549219606672	OK	 
USER	EmployeeAcceptOrder	98	END	1549219585007	1549219606672
REQUEST	99		request_11	1549219607178	1549219607179	OK	 
REQUEST	99		request_11 Redirect 1	1549219607179	1549219607180	OK	 
REQUEST	99		request_11 Redirect 2	1549219607180	1549219607182	OK	 
USER	EmployeeAcceptOrder	99	END	1549219585507	1549219607183
REQUEST	100		request_11	1549219607667	1549219607668	OK	 
REQUEST	100		request_11 Redirect 1	1549219607668	1549219607669	OK	 
REQUEST	100		request_11 Redirect 2	1549219607669	1549219607671	OK	 
USER	EmployeeAcceptOrder	100	END	1549219586007	1549219607672
