RUN	OrderTwoItems	ordertwoitems	1549237284061	 	3.0.3
USER	OrderTwoItems	1	START	1549237284847	1549237284847
REQUEST	1		Open Main Page	1549237284871	1549237284897	OK	 
REQUEST	1		Open Main Page Redirect 1	1549237284908	1549237284911	KO	status.find.in(200,201,202,203,204,205,206,207,208,209,304), found 404
USER	OrderTwoItems	2	START	1549237285375	1549237285375
REQUEST	2		Open Main Page	1549237285376	1549237285391	OK	 
REQUEST	2		Open Main Page Redirect 1	1549237285392	1549237285393	KO	status.find.in(200,201,202,203,204,205,206,207,208,209,304), found 404
USER	OrderTwoItems	3	START	1549237285885	1549237285885
REQUEST	3		Open Main Page	1549237285887	1549237285902	OK	 
REQUEST	3		Open Main Page Redirect 1	1549237285903	1549237285905	KO	status.find.in(200,201,202,203,204,205,206,207,208,209,304), found 404
USER	OrderTwoItems	4	START	1549237286386	1549237286386
REQUEST	4		Open Main Page	1549237286387	1549237286404	OK	 
REQUEST	4		Open Main Page Redirect 1	1549237286405	1549237286408	KO	status.find.in(200,201,202,203,204,205,206,207,208,209,304), found 404
USER	OrderTwoItems	5	START	1549237286886	1549237286886
REQUEST	5		Open Main Page	1549237286887	1549237286901	OK	 
REQUEST	5		Open Main Page Redirect 1	1549237286902	1549237286904	KO	status.find.in(200,201,202,203,204,205,206,207,208,209,304), found 404
USER	OrderTwoItems	6	START	1549237287856	1549237287856
REQUEST	6		Open Main Page	1549237287857	1549237287872	OK	 
REQUEST	6		Open Main Page Redirect 1	1549237287873	1549237287874	KO	status.find.in(200,201,202,203,204,205,206,207,208,209,304), found 404
REQUEST	1		Login as a Client	1549237286945	1549237288153	KO	status.find.in(200,201,202,203,204,205,206,207,208,209,304), found 401
USER	OrderTwoItems	7	START	1549237288356	1549237288356
REQUEST	7		Open Main Page	1549237288357	1549237288372	OK	 
REQUEST	7		Open Main Page Redirect 1	1549237288372	1549237288374	KO	status.find.in(200,201,202,203,204,205,206,207,208,209,304), found 404
REQUEST	3		Login as a Client	1549237287926	1549237288533	OK	 
REQUEST	2		Login as a Client	1549237287416	1549237288628	KO	status.find.in(200,201,202,203,204,205,206,207,208,209,304), found 401
USER	OrderTwoItems	8	START	1549237288856	1549237288856
REQUEST	8		Open Main Page	1549237288857	1549237288872	OK	 
REQUEST	8		Open Main Page Redirect 1	1549237288873	1549237288874	KO	status.find.in(200,201,202,203,204,205,206,207,208,209,304), found 404
USER	OrderTwoItems	9	START	1549237289355	1549237289355
REQUEST	9		Open Main Page	1549237289356	1549237289360	OK	 
REQUEST	9		Open Main Page Redirect 1	1549237289361	1549237289363	KO	status.find.in(200,201,202,203,204,205,206,207,208,209,304), found 404
REQUEST	4		Login as a Client	1549237288426	1549237289637	KO	status.find.in(200,201,202,203,204,205,206,207,208,209,304), found 401
USER	OrderTwoItems	10	START	1549237289856	1549237289856
REQUEST	10		Open Main Page	1549237289857	1549237289861	OK	 
REQUEST	10		Open Main Page Redirect 1	1549237289861	1549237289864	KO	status.find.in(200,201,202,203,204,205,206,207,208,209,304), found 404
REQUEST	5		Login as a Client	1549237288926	1549237290136	OK	 
USER	OrderTwoItems	11	START	1549237290856	1549237290856
REQUEST	11		Open Main Page	1549237290857	1549237290861	OK	 
REQUEST	11		Open Main Page Redirect 1	1549237290861	1549237290877	KO	status.find.in(200,201,202,203,204,205,206,207,208,209,304), found 404
REQUEST	6		Login as a Client	1549237289896	1549237291105	KO	status.find.in(200,201,202,203,204,205,206,207,208,209,304), found 401
REQUEST	1		Add Order	1549237291149	1549237291153	OK	 
REQUEST	1		Add Order Redirect 1	1549237291154	1549237291156	KO	status.find.in(200,201,202,203,204,205,206,207,208,209,304), found 404
USER	OrderTwoItems	12	START	1549237291356	1549237291356
REQUEST	12		Open Main Page	1549237291357	1549237291361	OK	 
REQUEST	12		Open Main Page Redirect 1	1549237291361	1549237291364	KO	status.find.in(200,201,202,203,204,205,206,207,208,209,304), found 404
REQUEST	3		Add Order	1549237291541	1549237291543	KO	status.find.in(200,201,202,203,204,205,206,207,208,209,304), found 415
REQUEST	7		Login as a Client	1549237290397	1549237291611	OK	 
REQUEST	2		Add Order	1549237291626	1549237291628	OK	 
REQUEST	2		Add Order Redirect 1	1549237291629	1549237291631	KO	status.find.in(200,201,202,203,204,205,206,207,208,209,304), found 404
USER	OrderTwoItems	13	START	1549237291856	1549237291856
REQUEST	13		Open Main Page	1549237291857	1549237291861	OK	 
REQUEST	13		Open Main Page Redirect 1	1549237291862	1549237291865	KO	status.find.in(200,201,202,203,204,205,206,207,208,209,304), found 404
REQUEST	8		Login as a Client	1549237290896	1549237292102	KO	status.find.in(200,201,202,203,204,205,206,207,208,209,304), found 401
USER	OrderTwoItems	14	START	1549237292357	1549237292357
REQUEST	14		Open Main Page	1549237292358	1549237292362	OK	 
REQUEST	14		Open Main Page Redirect 1	1549237292362	1549237292365	KO	status.find.in(200,201,202,203,204,205,206,207,208,209,304), found 404
REQUEST	9		Login as a Client	1549237291377	1549237292590	KO	status.find.in(200,201,202,203,204,205,206,207,208,209,304), found 401
REQUEST	4		Add Order	1549237292647	1549237292649	OK	 
REQUEST	4		Add Order Redirect 1	1549237292650	1549237292652	KO	status.find.in(200,201,202,203,204,205,206,207,208,209,304), found 404
USER	OrderTwoItems	15	START	1549237292856	1549237292856
REQUEST	15		Open Main Page	1549237292857	1549237292861	OK	 
REQUEST	15		Open Main Page Redirect 1	1549237292862	1549237292864	KO	status.find.in(200,201,202,203,204,205,206,207,208,209,304), found 404
REQUEST	10		Login as a Client	1549237291884	1549237293095	OK	 
REQUEST	5		Add Order	1549237293135	1549237293138	KO	status.find.in(200,201,202,203,204,205,206,207,208,209,304), found 415
REQUEST	1		request_10	1549237293164	1549237293166	OK	 
REQUEST	1		request_10 Redirect 1	1549237293166	1549237293167	OK	 
REQUEST	1		request_10 Redirect 2	1549237293168	1549237293170	OK	 
USER	OrderTwoItems	1	END	1549237284847	1549237293172
REQUEST	3		request_10	1549237293546	1549237293548	OK	 
REQUEST	3		request_10 Redirect 1	1549237293549	1549237293550	OK	 
REQUEST	3		request_10 Redirect 2	1549237293551	1549237293553	OK	 
USER	OrderTwoItems	3	END	1549237285885	1549237293554
REQUEST	2		request_10	1549237293626	1549237293628	OK	 
REQUEST	2		request_10 Redirect 1	1549237293629	1549237293630	OK	 
REQUEST	2		request_10 Redirect 2	1549237293631	1549237293633	OK	 
USER	OrderTwoItems	2	END	1549237285375	1549237293633
USER	OrderTwoItems	16	START	1549237293856	1549237293856
REQUEST	16		Open Main Page	1549237293857	1549237293860	OK	 
REQUEST	16		Open Main Page Redirect 1	1549237293860	1549237293863	KO	status.find.in(200,201,202,203,204,205,206,207,208,209,304), found 404
REQUEST	11		Login as a Client	1549237292896	1549237294105	KO	status.find.in(200,201,202,203,204,205,206,207,208,209,304), found 401
REQUEST	6		Add Order	1549237294106	1549237294108	OK	 
REQUEST	6		Add Order Redirect 1	1549237294109	1549237294111	KO	status.find.in(200,201,202,203,204,205,206,207,208,209,304), found 404
USER	OrderTwoItems	17	START	1549237294356	1549237294356
REQUEST	17		Open Main Page	1549237294357	1549237294360	OK	 
REQUEST	17		Open Main Page Redirect 1	1549237294360	1549237294363	KO	status.find.in(200,201,202,203,204,205,206,207,208,209,304), found 404
REQUEST	12		Login as a Client	1549237293386	1549237294601	OK	 
REQUEST	7		Add Order	1549237294606	1549237294609	KO	status.find.in(200,201,202,203,204,205,206,207,208,209,304), found 415
REQUEST	4		request_10	1549237294645	1549237294647	OK	 
REQUEST	4		request_10 Redirect 1	1549237294648	1549237294649	OK	 
REQUEST	4		request_10 Redirect 2	1549237294649	1549237294651	OK	 
USER	OrderTwoItems	4	END	1549237286386	1549237294652
USER	OrderTwoItems	18	START	1549237294856	1549237294856
REQUEST	18		Open Main Page	1549237294857	1549237294859	OK	 
REQUEST	18		Open Main Page Redirect 1	1549237294860	1549237294862	KO	status.find.in(200,201,202,203,204,205,206,207,208,209,304), found 404
REQUEST	13		Login as a Client	1549237293885	1549237295096	KO	status.find.in(200,201,202,203,204,205,206,207,208,209,304), found 401
REQUEST	8		Add Order	1549237295096	1549237295098	OK	 
REQUEST	8		Add Order Redirect 1	1549237295099	1549237295102	KO	status.find.in(200,201,202,203,204,205,206,207,208,209,304), found 404
REQUEST	5		request_10	1549237295134	1549237295136	OK	 
REQUEST	5		request_10 Redirect 1	1549237295137	1549237295138	OK	 
REQUEST	5		request_10 Redirect 2	1549237295139	1549237295141	OK	 
USER	OrderTwoItems	5	END	1549237286886	1549237295141
USER	OrderTwoItems	19	START	1549237295356	1549237295356
REQUEST	19		Open Main Page	1549237295357	1549237295359	OK	 
REQUEST	19		Open Main Page Redirect 1	1549237295360	1549237295362	KO	status.find.in(200,201,202,203,204,205,206,207,208,209,304), found 404
REQUEST	14		Login as a Client	1549237294384	1549237295597	KO	status.find.in(200,201,202,203,204,205,206,207,208,209,304), found 401
REQUEST	9		Add Order	1549237295596	1549237295598	OK	 
REQUEST	9		Add Order Redirect 1	1549237295599	1549237295601	KO	status.find.in(200,201,202,203,204,205,206,207,208,209,304), found 404
USER	OrderTwoItems	20	START	1549237295856	1549237295856
REQUEST	20		Open Main Page	1549237295857	1549237295859	OK	 
REQUEST	20		Open Main Page Redirect 1	1549237295860	1549237295862	KO	status.find.in(200,201,202,203,204,205,206,207,208,209,304), found 404
REQUEST	15		Login as a Client	1549237294885	1549237296096	OK	 
REQUEST	10		Add Order	1549237296095	1549237296098	KO	status.find.in(200,201,202,203,204,205,206,207,208,209,304), found 415
REQUEST	6		request_10	1549237296107	1549237296108	OK	 
REQUEST	6		request_10 Redirect 1	1549237296109	1549237296110	OK	 
REQUEST	6		request_10 Redirect 2	1549237296111	1549237296113	OK	 
USER	OrderTwoItems	6	END	1549237287856	1549237296113
REQUEST	7		request_10	1549237296617	1549237296619	OK	 
REQUEST	7		request_10 Redirect 1	1549237296620	1549237296621	OK	 
REQUEST	7		request_10 Redirect 2	1549237296621	1549237296624	OK	 
USER	OrderTwoItems	7	END	1549237288356	1549237296624
USER	OrderTwoItems	21	START	1549237296856	1549237296856
REQUEST	21		Open Main Page	1549237296857	1549237296860	OK	 
REQUEST	21		Open Main Page Redirect 1	1549237296860	1549237296863	KO	status.find.in(200,201,202,203,204,205,206,207,208,209,304), found 404
REQUEST	16		Login as a Client	1549237295876	1549237297087	KO	status.find.in(200,201,202,203,204,205,206,207,208,209,304), found 401
REQUEST	8		request_10	1549237297106	1549237297108	OK	 
REQUEST	11		Add Order	1549237297106	1549237297108	OK	 
REQUEST	8		request_10 Redirect 1	1549237297109	1549237297111	OK	 
REQUEST	11		Add Order Redirect 1	1549237297109	1549237297112	KO	status.find.in(200,201,202,203,204,205,206,207,208,209,304), found 404
REQUEST	8		request_10 Redirect 2	1549237297111	1549237297114	OK	 
USER	OrderTwoItems	8	END	1549237288856	1549237297114
USER	OrderTwoItems	22	START	1549237297356	1549237297356
REQUEST	22		Open Main Page	1549237297357	1549237297359	OK	 
REQUEST	22		Open Main Page Redirect 1	1549237297360	1549237297362	KO	status.find.in(200,201,202,203,204,205,206,207,208,209,304), found 404
REQUEST	17		Login as a Client	1549237296375	1549237297586	OK	 
REQUEST	9		request_10	1549237297597	1549237297598	OK	 
REQUEST	12		Add Order	1549237297597	1549237297599	KO	status.find.in(200,201,202,203,204,205,206,207,208,209,304), found 415
REQUEST	9		request_10 Redirect 1	1549237297598	1549237297599	OK	 
REQUEST	9		request_10 Redirect 2	1549237297599	1549237297601	OK	 
USER	OrderTwoItems	9	END	1549237289355	1549237297601
USER	OrderTwoItems	23	START	1549237297855	1549237297855
REQUEST	23		Open Main Page	1549237297856	1549237297858	OK	 
REQUEST	23		Open Main Page Redirect 1	1549237297858	1549237297860	KO	status.find.in(200,201,202,203,204,205,206,207,208,209,304), found 404
REQUEST	18		Login as a Client	1549237296877	1549237298084	KO	status.find.in(200,201,202,203,204,205,206,207,208,209,304), found 401
REQUEST	13		Add Order	1549237298097	1549237298099	OK	 
REQUEST	13		Add Order Redirect 1	1549237298099	1549237298102	KO	status.find.in(200,201,202,203,204,205,206,207,208,209,304), found 404
REQUEST	10		request_10	1549237298104	1549237298106	OK	 
REQUEST	10		request_10 Redirect 1	1549237298106	1549237298108	OK	 
REQUEST	10		request_10 Redirect 2	1549237298108	1549237298111	OK	 
USER	OrderTwoItems	10	END	1549237289856	1549237298111
USER	OrderTwoItems	24	START	1549237298356	1549237298356
REQUEST	24		Open Main Page	1549237298356	1549237298359	OK	 
REQUEST	24		Open Main Page Redirect 1	1549237298360	1549237298362	KO	status.find.in(200,201,202,203,204,205,206,207,208,209,304), found 404
REQUEST	19		Login as a Client	1549237297376	1549237298583	KO	status.find.in(200,201,202,203,204,205,206,207,208,209,304), found 401
REQUEST	14		Add Order	1549237298604	1549237298605	OK	 
REQUEST	14		Add Order Redirect 1	1549237298606	1549237298608	KO	status.find.in(200,201,202,203,204,205,206,207,208,209,304), found 404
USER	OrderTwoItems	25	START	1549237298856	1549237298856
REQUEST	25		Open Main Page	1549237298857	1549237298859	OK	 
REQUEST	25		Open Main Page Redirect 1	1549237298860	1549237298862	KO	status.find.in(200,201,202,203,204,205,206,207,208,209,304), found 404
REQUEST	20		Login as a Client	1549237297876	1549237299084	OK	 
REQUEST	15		Add Order	1549237299097	1549237299100	KO	status.find.in(200,201,202,203,204,205,206,207,208,209,304), found 415
REQUEST	11		request_10	1549237299116	1549237299118	OK	 
REQUEST	11		request_10 Redirect 1	1549237299119	1549237299120	OK	 
REQUEST	11		request_10 Redirect 2	1549237299121	1549237299124	OK	 
USER	OrderTwoItems	11	END	1549237290856	1549237299124
REQUEST	12		request_10	1549237299604	1549237299606	OK	 
REQUEST	12		request_10 Redirect 1	1549237299607	1549237299608	OK	 
REQUEST	12		request_10 Redirect 2	1549237299609	1549237299611	OK	 
USER	OrderTwoItems	12	END	1549237291356	1549237299611
USER	OrderTwoItems	26	START	1549237299856	1549237299856
REQUEST	26		Open Main Page	1549237299857	1549237299860	OK	 
REQUEST	26		Open Main Page Redirect 1	1549237299860	1549237299862	KO	status.find.in(200,201,202,203,204,205,206,207,208,209,304), found 404
REQUEST	21		Login as a Client	1549237298877	1549237300087	KO	status.find.in(200,201,202,203,204,205,206,207,208,209,304), found 401
REQUEST	13		request_10	1549237300097	1549237300098	OK	 
REQUEST	16		Add Order	1549237300097	1549237300099	OK	 
REQUEST	13		request_10 Redirect 1	1549237300098	1549237300100	OK	 
REQUEST	16		Add Order Redirect 1	1549237300099	1549237300102	KO	status.find.in(200,201,202,203,204,205,206,207,208,209,304), found 404
REQUEST	13		request_10 Redirect 2	1549237300100	1549237300102	OK	 
USER	OrderTwoItems	13	END	1549237291856	1549237300103
USER	OrderTwoItems	27	START	1549237300356	1549237300356
REQUEST	27		Open Main Page	1549237300357	1549237300360	OK	 
REQUEST	27		Open Main Page Redirect 1	1549237300360	1549237300362	KO	status.find.in(200,201,202,203,204,205,206,207,208,209,304), found 404
REQUEST	22		Login as a Client	1549237299376	1549237300584	OK	 
REQUEST	17		Add Order	1549237300597	1549237300600	KO	status.find.in(200,201,202,203,204,205,206,207,208,209,304), found 415
REQUEST	14		request_10	1549237300606	1549237300607	OK	 
REQUEST	14		request_10 Redirect 1	1549237300608	1549237300609	OK	 
REQUEST	14		request_10 Redirect 2	1549237300610	1549237300612	OK	 
USER	OrderTwoItems	14	END	1549237292357	1549237300612
USER	OrderTwoItems	28	START	1549237300855	1549237300855
REQUEST	28		Open Main Page	1549237300855	1549237300858	OK	 
REQUEST	28		Open Main Page Redirect 1	1549237300858	1549237300860	KO	status.find.in(200,201,202,203,204,205,206,207,208,209,304), found 404
REQUEST	23		Login as a Client	1549237299875	1549237301087	KO	status.find.in(200,201,202,203,204,205,206,207,208,209,304), found 401
REQUEST	18		Add Order	1549237301087	1549237301088	OK	 
REQUEST	18		Add Order Redirect 1	1549237301089	1549237301091	KO	status.find.in(200,201,202,203,204,205,206,207,208,209,304), found 404
REQUEST	15		request_10	1549237301096	1549237301097	OK	 
REQUEST	15		request_10 Redirect 1	1549237301098	1549237301099	OK	 
REQUEST	15		request_10 Redirect 2	1549237301099	1549237301102	OK	 
USER	OrderTwoItems	15	END	1549237292856	1549237301102
USER	OrderTwoItems	29	START	1549237301355	1549237301355
REQUEST	29		Open Main Page	1549237301356	1549237301359	OK	 
REQUEST	29		Open Main Page Redirect 1	1549237301360	1549237301362	KO	status.find.in(200,201,202,203,204,205,206,207,208,209,304), found 404
REQUEST	24		Login as a Client	1549237300376	1549237301580	KO	status.find.in(200,201,202,203,204,205,206,207,208,209,304), found 401
REQUEST	19		Add Order	1549237301587	1549237301589	OK	 
REQUEST	19		Add Order Redirect 1	1549237301589	1549237301591	KO	status.find.in(200,201,202,203,204,205,206,207,208,209,304), found 404
USER	OrderTwoItems	30	START	1549237301856	1549237301856
REQUEST	30		Open Main Page	1549237301857	1549237301859	OK	 
REQUEST	30		Open Main Page Redirect 1	1549237301860	1549237301862	KO	status.find.in(200,201,202,203,204,205,206,207,208,209,304), found 404
REQUEST	25		Login as a Client	1549237300877	1549237302085	OK	 
REQUEST	16		request_10	1549237302097	1549237302098	OK	 
REQUEST	20		Add Order	1549237302097	1549237302099	KO	status.find.in(200,201,202,203,204,205,206,207,208,209,304), found 415
REQUEST	16		request_10 Redirect 1	1549237302099	1549237302100	OK	 
REQUEST	16		request_10 Redirect 2	1549237302101	1549237302103	OK	 
USER	OrderTwoItems	16	END	1549237293856	1549237302103
REQUEST	17		request_10	1549237302597	1549237302598	OK	 
REQUEST	17		request_10 Redirect 1	1549237302599	1549237302600	OK	 
REQUEST	17		request_10 Redirect 2	1549237302601	1549237302603	OK	 
USER	OrderTwoItems	17	END	1549237294356	1549237302603
USER	OrderTwoItems	31	START	1549237302854	1549237302854
REQUEST	31		Open Main Page	1549237302855	1549237302857	OK	 
REQUEST	31		Open Main Page Redirect 1	1549237302858	1549237302860	KO	status.find.in(200,201,202,203,204,205,206,207,208,209,304), found 404
REQUEST	26		Login as a Client	1549237301877	1549237303082	KO	status.find.in(200,201,202,203,204,205,206,207,208,209,304), found 401
REQUEST	21		Add Order	1549237303096	1549237303098	OK	 
REQUEST	18		request_10	1549237303096	1549237303098	OK	 
REQUEST	18		request_10 Redirect 1	1549237303098	1549237303100	OK	 
REQUEST	21		Add Order Redirect 1	1549237303098	1549237303101	KO	status.find.in(200,201,202,203,204,205,206,207,208,209,304), found 404
REQUEST	18		request_10 Redirect 2	1549237303100	1549237303103	OK	 
USER	OrderTwoItems	18	END	1549237294856	1549237303103
USER	OrderTwoItems	32	START	1549237303356	1549237303356
REQUEST	32		Open Main Page	1549237303357	1549237303359	OK	 
REQUEST	32		Open Main Page Redirect 1	1549237303360	1549237303362	KO	status.find.in(200,201,202,203,204,205,206,207,208,209,304), found 404
REQUEST	27		Login as a Client	1549237302374	1549237303582	OK	 
REQUEST	19		request_10	1549237303596	1549237303597	OK	 
REQUEST	22		Add Order	1549237303596	1549237303599	KO	status.find.in(200,201,202,203,204,205,206,207,208,209,304), found 415
REQUEST	19		request_10 Redirect 1	1549237303598	1549237303600	OK	 
REQUEST	19		request_10 Redirect 2	1549237303600	1549237303602	OK	 
USER	OrderTwoItems	19	END	1549237295356	1549237303603
USER	OrderTwoItems	33	START	1549237303856	1549237303856
REQUEST	33		Open Main Page	1549237303857	1549237303859	OK	 
REQUEST	33		Open Main Page Redirect 1	1549237303860	1549237303862	KO	status.find.in(200,201,202,203,204,205,206,207,208,209,304), found 404
REQUEST	28		Login as a Client	1549237302876	1549237304086	KO	status.find.in(200,201,202,203,204,205,206,207,208,209,304), found 401
REQUEST	23		Add Order	1549237304096	1549237304098	OK	 
REQUEST	20		request_10	1549237304096	1549237304098	OK	 
REQUEST	20		request_10 Redirect 1	1549237304098	1549237304099	OK	 
REQUEST	23		Add Order Redirect 1	1549237304098	1549237304101	KO	status.find.in(200,201,202,203,204,205,206,207,208,209,304), found 404
REQUEST	20		request_10 Redirect 2	1549237304100	1549237304103	OK	 
USER	OrderTwoItems	20	END	1549237295856	1549237304103
USER	OrderTwoItems	34	START	1549237304356	1549237304356
REQUEST	34		Open Main Page	1549237304356	1549237304358	OK	 
REQUEST	34		Open Main Page Redirect 1	1549237304358	1549237304360	KO	status.find.in(200,201,202,203,204,205,206,207,208,209,304), found 404
REQUEST	29		Login as a Client	1549237303377	1549237304587	KO	status.find.in(200,201,202,203,204,205,206,207,208,209,304), found 401
REQUEST	24		Add Order	1549237304587	1549237304588	OK	 
REQUEST	24		Add Order Redirect 1	1549237304589	1549237304591	KO	status.find.in(200,201,202,203,204,205,206,207,208,209,304), found 404
USER	OrderTwoItems	35	START	1549237304856	1549237304856
REQUEST	35		Open Main Page	1549237304857	1549237304859	OK	 
REQUEST	35		Open Main Page Redirect 1	1549237304860	1549237304862	KO	status.find.in(200,201,202,203,204,205,206,207,208,209,304), found 404
REQUEST	30		Login as a Client	1549237303876	1549237305088	OK	 
REQUEST	21		request_10	1549237305097	1549237305099	OK	 
REQUEST	25		Add Order	1549237305097	1549237305099	KO	status.find.in(200,201,202,203,204,205,206,207,208,209,304), found 415
REQUEST	21		request_10 Redirect 1	1549237305099	1549237305101	OK	 
REQUEST	21		request_10 Redirect 2	1549237305101	1549237305103	OK	 
USER	OrderTwoItems	21	END	1549237296856	1549237305104
REQUEST	22		request_10	1549237305595	1549237305597	OK	 
REQUEST	22		request_10 Redirect 1	1549237305598	1549237305599	OK	 
REQUEST	22		request_10 Redirect 2	1549237305599	1549237305601	OK	 
USER	OrderTwoItems	22	END	1549237297356	1549237305602
USER	OrderTwoItems	36	START	1549237305856	1549237305856
REQUEST	36		Open Main Page	1549237305857	1549237305860	OK	 
REQUEST	36		Open Main Page Redirect 1	1549237305860	1549237305862	KO	status.find.in(200,201,202,203,204,205,206,207,208,209,304), found 404
REQUEST	31		Login as a Client	1549237304877	1549237306086	KO	status.find.in(200,201,202,203,204,205,206,207,208,209,304), found 401
REQUEST	26		Add Order	1549237306086	1549237306087	OK	 
REQUEST	26		Add Order Redirect 1	1549237306088	1549237306090	KO	status.find.in(200,201,202,203,204,205,206,207,208,209,304), found 404
REQUEST	23		request_10	1549237306094	1549237306095	OK	 
REQUEST	23		request_10 Redirect 1	1549237306095	1549237306096	OK	 
REQUEST	23		request_10 Redirect 2	1549237306097	1549237306099	OK	 
USER	OrderTwoItems	23	END	1549237297855	1549237306099
USER	OrderTwoItems	37	START	1549237306356	1549237306356
REQUEST	37		Open Main Page	1549237306356	1549237306359	OK	 
REQUEST	37		Open Main Page Redirect 1	1549237306359	1549237306361	KO	status.find.in(200,201,202,203,204,205,206,207,208,209,304), found 404
REQUEST	32		Login as a Client	1549237305376	1549237306588	OK	 
REQUEST	27		Add Order	1549237306587	1549237306589	KO	status.find.in(200,201,202,203,204,205,206,207,208,209,304), found 415
REQUEST	24		request_10	1549237306597	1549237306598	OK	 
REQUEST	24		request_10 Redirect 1	1549237306598	1549237306600	OK	 
REQUEST	24		request_10 Redirect 2	1549237306600	1549237306602	OK	 
USER	OrderTwoItems	24	END	1549237298356	1549237306603
USER	OrderTwoItems	38	START	1549237306855	1549237306855
REQUEST	38		Open Main Page	1549237306856	1549237306859	OK	 
REQUEST	38		Open Main Page Redirect 1	1549237306859	1549237306861	KO	status.find.in(200,201,202,203,204,205,206,207,208,209,304), found 404
REQUEST	33		Login as a Client	1549237305875	1549237307085	KO	status.find.in(200,201,202,203,204,205,206,207,208,209,304), found 401
REQUEST	28		Add Order	1549237307094	1549237307096	OK	 
REQUEST	25		request_10	1549237307094	1549237307096	OK	 
REQUEST	25		request_10 Redirect 1	1549237307096	1549237307098	OK	 
REQUEST	28		Add Order Redirect 1	1549237307096	1549237307099	KO	status.find.in(200,201,202,203,204,205,206,207,208,209,304), found 404
REQUEST	25		request_10 Redirect 2	1549237307098	1549237307100	OK	 
USER	OrderTwoItems	25	END	1549237298856	1549237307101
USER	OrderTwoItems	39	START	1549237307356	1549237307356
REQUEST	39		Open Main Page	1549237307357	1549237307363	OK	 
REQUEST	39		Open Main Page Redirect 1	1549237307364	1549237307365	KO	status.find.in(200,201,202,203,204,205,206,207,208,209,304), found 404
REQUEST	34		Login as a Client	1549237306377	1549237307582	KO	status.find.in(200,201,202,203,204,205,206,207,208,209,304), found 401
REQUEST	29		Add Order	1549237307597	1549237307598	OK	 
REQUEST	29		Add Order Redirect 1	1549237307599	1549237307601	KO	status.find.in(200,201,202,203,204,205,206,207,208,209,304), found 404
USER	OrderTwoItems	40	START	1549237307856	1549237307856
REQUEST	40		Open Main Page	1549237307856	1549237307859	OK	 
REQUEST	40		Open Main Page Redirect 1	1549237307859	1549237307861	KO	status.find.in(200,201,202,203,204,205,206,207,208,209,304), found 404
REQUEST	35		Login as a Client	1549237306876	1549237308083	OK	 
REQUEST	26		request_10	1549237308095	1549237308096	OK	 
REQUEST	30		Add Order	1549237308095	1549237308097	KO	status.find.in(200,201,202,203,204,205,206,207,208,209,304), found 415
REQUEST	26		request_10 Redirect 1	1549237308097	1549237308098	OK	 
REQUEST	26		request_10 Redirect 2	1549237308099	1549237308101	OK	 
USER	OrderTwoItems	26	END	1549237299856	1549237308101
REQUEST	27		request_10	1549237308594	1549237308596	OK	 
REQUEST	27		request_10 Redirect 1	1549237308596	1549237308597	OK	 
REQUEST	27		request_10 Redirect 2	1549237308598	1549237308600	OK	 
USER	OrderTwoItems	27	END	1549237300356	1549237308600
USER	OrderTwoItems	41	START	1549237308856	1549237308856
REQUEST	41		Open Main Page	1549237308857	1549237308859	OK	 
REQUEST	41		Open Main Page Redirect 1	1549237308860	1549237308862	KO	status.find.in(200,201,202,203,204,205,206,207,208,209,304), found 404
REQUEST	36		Login as a Client	1549237307877	1549237309087	KO	status.find.in(200,201,202,203,204,205,206,207,208,209,304), found 401
REQUEST	28		request_10	1549237309096	1549237309098	OK	 
REQUEST	31		Add Order	1549237309096	1549237309098	OK	 
REQUEST	28		request_10 Redirect 1	1549237309098	1549237309099	OK	 
REQUEST	31		Add Order Redirect 1	1549237309098	1549237309101	KO	status.find.in(200,201,202,203,204,205,206,207,208,209,304), found 404
REQUEST	28		request_10 Redirect 2	1549237309100	1549237309102	OK	 
USER	OrderTwoItems	28	END	1549237300855	1549237309102
USER	OrderTwoItems	42	START	1549237309356	1549237309356
REQUEST	42		Open Main Page	1549237309357	1549237309360	OK	 
REQUEST	42		Open Main Page Redirect 1	1549237309360	1549237309362	KO	status.find.in(200,201,202,203,204,205,206,207,208,209,304), found 404
REQUEST	37		Login as a Client	1549237308377	1549237309583	OK	 
REQUEST	29		request_10	1549237309594	1549237309595	OK	 
REQUEST	32		Add Order	1549237309594	1549237309596	KO	status.find.in(200,201,202,203,204,205,206,207,208,209,304), found 415
REQUEST	29		request_10 Redirect 1	1549237309596	1549237309596	OK	 
REQUEST	29		request_10 Redirect 2	1549237309597	1549237309598	OK	 
USER	OrderTwoItems	29	END	1549237301355	1549237309599
USER	OrderTwoItems	43	START	1549237309855	1549237309855
REQUEST	43		Open Main Page	1549237309856	1549237309859	OK	 
REQUEST	43		Open Main Page Redirect 1	1549237309859	1549237309861	KO	status.find.in(200,201,202,203,204,205,206,207,208,209,304), found 404
REQUEST	38		Login as a Client	1549237308877	1549237310087	KO	status.find.in(200,201,202,203,204,205,206,207,208,209,304), found 401
REQUEST	33		Add Order	1549237310097	1549237310098	OK	 
REQUEST	30		request_10	1549237310097	1549237310098	OK	 
REQUEST	30		request_10 Redirect 1	1549237310099	1549237310100	OK	 
REQUEST	33		Add Order Redirect 1	1549237310099	1549237310101	KO	status.find.in(200,201,202,203,204,205,206,207,208,209,304), found 404
REQUEST	30		request_10 Redirect 2	1549237310101	1549237310103	OK	 
USER	OrderTwoItems	30	END	1549237301856	1549237310104
USER	OrderTwoItems	44	START	1549237310356	1549237310356
REQUEST	44		Open Main Page	1549237310357	1549237310360	OK	 
REQUEST	44		Open Main Page Redirect 1	1549237310360	1549237310362	KO	status.find.in(200,201,202,203,204,205,206,207,208,209,304), found 404
REQUEST	34		Add Order	1549237310586	1549237310588	OK	 
REQUEST	34		Add Order Redirect 1	1549237310588	1549237310591	KO	status.find.in(200,201,202,203,204,205,206,207,208,209,304), found 404
REQUEST	39		Login as a Client	1549237309385	1549237310596	KO	status.find.in(200,201,202,203,204,205,206,207,208,209,304), found 401
USER	OrderTwoItems	45	START	1549237310856	1549237310856
REQUEST	45		Open Main Page	1549237310856	1549237310859	OK	 
REQUEST	45		Open Main Page Redirect 1	1549237310859	1549237310861	KO	status.find.in(200,201,202,203,204,205,206,207,208,209,304), found 404
REQUEST	40		Login as a Client	1549237309876	1549237311088	OK	 
REQUEST	35		Add Order	1549237311087	1549237311089	KO	status.find.in(200,201,202,203,204,205,206,207,208,209,304), found 415
REQUEST	31		request_10	1549237311096	1549237311097	OK	 
REQUEST	31		request_10 Redirect 1	1549237311098	1549237311099	OK	 
REQUEST	31		request_10 Redirect 2	1549237311099	1549237311100	OK	 
USER	OrderTwoItems	31	END	1549237302854	1549237311101
REQUEST	32		request_10	1549237311597	1549237311598	OK	 
REQUEST	32		request_10 Redirect 1	1549237311598	1549237311599	OK	 
REQUEST	32		request_10 Redirect 2	1549237311600	1549237311602	OK	 
USER	OrderTwoItems	32	END	1549237303356	1549237311602
USER	OrderTwoItems	46	START	1549237311855	1549237311855
REQUEST	46		Open Main Page	1549237311856	1549237311858	OK	 
REQUEST	46		Open Main Page Redirect 1	1549237311858	1549237311860	KO	status.find.in(200,201,202,203,204,205,206,207,208,209,304), found 404
REQUEST	41		Login as a Client	1549237310876	1549237312089	KO	status.find.in(200,201,202,203,204,205,206,207,208,209,304), found 401
REQUEST	33		request_10	1549237312097	1549237312098	OK	 
REQUEST	36		Add Order	1549237312097	1549237312098	OK	 
REQUEST	33		request_10 Redirect 1	1549237312099	1549237312100	OK	 
REQUEST	36		Add Order Redirect 1	1549237312099	1549237312101	KO	status.find.in(200,201,202,203,204,205,206,207,208,209,304), found 404
REQUEST	33		request_10 Redirect 2	1549237312100	1549237312103	OK	 
USER	OrderTwoItems	33	END	1549237303856	1549237312103
USER	OrderTwoItems	47	START	1549237312355	1549237312355
REQUEST	47		Open Main Page	1549237312355	1549237312358	OK	 
REQUEST	47		Open Main Page Redirect 1	1549237312358	1549237312360	KO	status.find.in(200,201,202,203,204,205,206,207,208,209,304), found 404
REQUEST	42		Login as a Client	1549237311376	1549237312585	OK	 
REQUEST	34		request_10	1549237312586	1549237312587	OK	 
REQUEST	34		request_10 Redirect 1	1549237312588	1549237312588	OK	 
REQUEST	34		request_10 Redirect 2	1549237312589	1549237312591	OK	 
USER	OrderTwoItems	34	END	1549237304356	1549237312591
REQUEST	37		Add Order	1549237312597	1549237312599	KO	status.find.in(200,201,202,203,204,205,206,207,208,209,304), found 415
USER	OrderTwoItems	48	START	1549237312856	1549237312856
REQUEST	48		Open Main Page	1549237312857	1549237312859	OK	 
REQUEST	48		Open Main Page Redirect 1	1549237312859	1549237312862	KO	status.find.in(200,201,202,203,204,205,206,207,208,209,304), found 404
REQUEST	43		Login as a Client	1549237311875	1549237313086	KO	status.find.in(200,201,202,203,204,205,206,207,208,209,304), found 401
REQUEST	38		Add Order	1549237313096	1549237313097	OK	 
REQUEST	35		request_10	1549237313096	1549237313097	OK	 
REQUEST	35		request_10 Redirect 1	1549237313097	1549237313098	OK	 
REQUEST	38		Add Order Redirect 1	1549237313097	1549237313099	KO	status.find.in(200,201,202,203,204,205,206,207,208,209,304), found 404
REQUEST	35		request_10 Redirect 2	1549237313098	1549237313100	OK	 
USER	OrderTwoItems	35	END	1549237304856	1549237313100
USER	OrderTwoItems	49	START	1549237313355	1549237313355
REQUEST	49		Open Main Page	1549237313356	1549237313358	OK	 
REQUEST	49		Open Main Page Redirect 1	1549237313358	1549237313359	KO	status.find.in(200,201,202,203,204,205,206,207,208,209,304), found 404
REQUEST	44		Login as a Client	1549237312377	1549237313583	KO	status.find.in(200,201,202,203,204,205,206,207,208,209,304), found 401
REQUEST	39		Add Order	1549237313596	1549237313597	OK	 
REQUEST	39		Add Order Redirect 1	1549237313597	1549237313599	KO	status.find.in(200,201,202,203,204,205,206,207,208,209,304), found 404
USER	OrderTwoItems	50	START	1549237313856	1549237313856
REQUEST	50		Open Main Page	1549237313857	1549237313859	OK	 
REQUEST	50		Open Main Page Redirect 1	1549237313860	1549237313862	KO	status.find.in(200,201,202,203,204,205,206,207,208,209,304), found 404
REQUEST	45		Login as a Client	1549237312875	1549237314083	OK	 
REQUEST	36		request_10	1549237314095	1549237314096	OK	 
REQUEST	36		request_10 Redirect 1	1549237314097	1549237314098	OK	 
REQUEST	40		Add Order	1549237314095	1549237314098	KO	status.find.in(200,201,202,203,204,205,206,207,208,209,304), found 415
REQUEST	36		request_10 Redirect 2	1549237314098	1549237314101	OK	 
USER	OrderTwoItems	36	END	1549237305856	1549237314101
REQUEST	37		request_10	1549237314585	1549237314586	OK	 
REQUEST	37		request_10 Redirect 1	1549237314586	1549237314588	OK	 
REQUEST	37		request_10 Redirect 2	1549237314588	1549237314590	OK	 
USER	OrderTwoItems	37	END	1549237306356	1549237314590
USER	OrderTwoItems	51	START	1549237314856	1549237314856
REQUEST	51		Open Main Page	1549237314857	1549237314859	OK	 
REQUEST	51		Open Main Page Redirect 1	1549237314859	1549237314861	KO	status.find.in(200,201,202,203,204,205,206,207,208,209,304), found 404
REQUEST	46		Login as a Client	1549237313877	1549237315087	KO	status.find.in(200,201,202,203,204,205,206,207,208,209,304), found 401
REQUEST	38		request_10	1549237315097	1549237315098	OK	 
REQUEST	41		Add Order	1549237315097	1549237315098	OK	 
REQUEST	38		request_10 Redirect 1	1549237315098	1549237315099	OK	 
REQUEST	41		Add Order Redirect 1	1549237315098	1549237315100	KO	status.find.in(200,201,202,203,204,205,206,207,208,209,304), found 404
REQUEST	38		request_10 Redirect 2	1549237315099	1549237315101	OK	 
USER	OrderTwoItems	38	END	1549237306855	1549237315102
USER	OrderTwoItems	52	START	1549237315356	1549237315356
REQUEST	52		Open Main Page	1549237315357	1549237315360	OK	 
REQUEST	52		Open Main Page Redirect 1	1549237315360	1549237315362	KO	status.find.in(200,201,202,203,204,205,206,207,208,209,304), found 404
REQUEST	47		Login as a Client	1549237314376	1549237315587	OK	 
REQUEST	42		Add Order	1549237315586	1549237315589	KO	status.find.in(200,201,202,203,204,205,206,207,208,209,304), found 415
REQUEST	39		request_10	1549237315605	1549237315606	OK	 
REQUEST	39		request_10 Redirect 1	1549237315607	1549237315608	OK	 
REQUEST	39		request_10 Redirect 2	1549237315608	1549237315611	OK	 
USER	OrderTwoItems	39	END	1549237307356	1549237315611
USER	OrderTwoItems	53	START	1549237315856	1549237315856
REQUEST	53		Open Main Page	1549237315857	1549237315859	OK	 
REQUEST	53		Open Main Page Redirect 1	1549237315860	1549237315862	KO	status.find.in(200,201,202,203,204,205,206,207,208,209,304), found 404
REQUEST	48		Login as a Client	1549237314876	1549237316087	KO	status.find.in(200,201,202,203,204,205,206,207,208,209,304), found 401
REQUEST	43		Add Order	1549237316096	1549237316097	OK	 
REQUEST	40		request_10	1549237316096	1549237316097	OK	 
REQUEST	40		request_10 Redirect 1	1549237316098	1549237316099	OK	 
REQUEST	43		Add Order Redirect 1	1549237316097	1549237316100	KO	status.find.in(200,201,202,203,204,205,206,207,208,209,304), found 404
REQUEST	40		request_10 Redirect 2	1549237316099	1549237316101	OK	 
USER	OrderTwoItems	40	END	1549237307856	1549237316102
USER	OrderTwoItems	54	START	1549237316356	1549237316356
REQUEST	54		Open Main Page	1549237316357	1549237316360	OK	 
REQUEST	54		Open Main Page Redirect 1	1549237316360	1549237316362	KO	status.find.in(200,201,202,203,204,205,206,207,208,209,304), found 404
REQUEST	49		Login as a Client	1549237315376	1549237316586	KO	status.find.in(200,201,202,203,204,205,206,207,208,209,304), found 401
REQUEST	44		Add Order	1549237316586	1549237316587	OK	 
REQUEST	44		Add Order Redirect 1	1549237316588	1549237316590	KO	status.find.in(200,201,202,203,204,205,206,207,208,209,304), found 404
USER	OrderTwoItems	55	START	1549237316856	1549237316856
REQUEST	55		Open Main Page	1549237316857	1549237316859	OK	 
REQUEST	55		Open Main Page Redirect 1	1549237316859	1549237316861	KO	status.find.in(200,201,202,203,204,205,206,207,208,209,304), found 404
REQUEST	45		Add Order	1549237317086	1549237317088	KO	status.find.in(200,201,202,203,204,205,206,207,208,209,304), found 415
REQUEST	50		Login as a Client	1549237315877	1549237317088	OK	 
REQUEST	41		request_10	1549237317097	1549237317098	OK	 
REQUEST	41		request_10 Redirect 1	1549237317098	1549237317099	OK	 
REQUEST	41		request_10 Redirect 2	1549237317099	1549237317101	OK	 
USER	OrderTwoItems	41	END	1549237308856	1549237317102
REQUEST	42		request_10	1549237317596	1549237317597	OK	 
REQUEST	42		request_10 Redirect 1	1549237317598	1549237317599	OK	 
REQUEST	42		request_10 Redirect 2	1549237317600	1549237317602	OK	 
USER	OrderTwoItems	42	END	1549237309356	1549237317602
USER	OrderTwoItems	56	START	1549237317856	1549237317856
REQUEST	56		Open Main Page	1549237317856	1549237317859	OK	 
REQUEST	56		Open Main Page Redirect 1	1549237317859	1549237317861	KO	status.find.in(200,201,202,203,204,205,206,207,208,209,304), found 404
REQUEST	51		Login as a Client	1549237316875	1549237318087	KO	status.find.in(200,201,202,203,204,205,206,207,208,209,304), found 401
REQUEST	43		request_10	1549237318096	1549237318097	OK	 
REQUEST	46		Add Order	1549237318096	1549237318098	OK	 
REQUEST	43		request_10 Redirect 1	1549237318098	1549237318099	OK	 
REQUEST	46		Add Order Redirect 1	1549237318098	1549237318100	KO	status.find.in(200,201,202,203,204,205,206,207,208,209,304), found 404
REQUEST	43		request_10 Redirect 2	1549237318099	1549237318101	OK	 
USER	OrderTwoItems	43	END	1549237309855	1549237318101
USER	OrderTwoItems	57	START	1549237318354	1549237318354
REQUEST	57		Open Main Page	1549237318354	1549237318356	OK	 
REQUEST	57		Open Main Page Redirect 1	1549237318357	1549237318359	KO	status.find.in(200,201,202,203,204,205,206,207,208,209,304), found 404
REQUEST	52		Login as a Client	1549237317376	1549237318589	OK	 
REQUEST	44		request_10	1549237318595	1549237318596	OK	 
REQUEST	44		request_10 Redirect 1	1549237318597	1549237318597	OK	 
REQUEST	47		Add Order	1549237318596	1549237318597	KO	status.find.in(200,201,202,203,204,205,206,207,208,209,304), found 415
REQUEST	44		request_10 Redirect 2	1549237318598	1549237318599	OK	 
USER	OrderTwoItems	44	END	1549237310356	1549237318600
USER	OrderTwoItems	58	START	1549237318855	1549237318855
REQUEST	58		Open Main Page	1549237318861	1549237318863	OK	 
REQUEST	58		Open Main Page Redirect 1	1549237318863	1549237318864	KO	status.find.in(200,201,202,203,204,205,206,207,208,209,304), found 404
REQUEST	53		Login as a Client	1549237317877	1549237319085	KO	status.find.in(200,201,202,203,204,205,206,207,208,209,304), found 401
REQUEST	48		Add Order	1549237319095	1549237319096	OK	 
REQUEST	45		request_10	1549237319095	1549237319096	OK	 
REQUEST	45		request_10 Redirect 1	1549237319096	1549237319097	OK	 
REQUEST	48		Add Order Redirect 1	1549237319096	1549237319098	KO	status.find.in(200,201,202,203,204,205,206,207,208,209,304), found 404
REQUEST	45		request_10 Redirect 2	1549237319097	1549237319099	OK	 
USER	OrderTwoItems	45	END	1549237310856	1549237319099
USER	OrderTwoItems	59	START	1549237319356	1549237319356
REQUEST	59		Open Main Page	1549237319357	1549237319359	OK	 
REQUEST	59		Open Main Page Redirect 1	1549237319360	1549237319362	KO	status.find.in(200,201,202,203,204,205,206,207,208,209,304), found 404
REQUEST	54		Login as a Client	1549237318375	1549237319584	KO	status.find.in(200,201,202,203,204,205,206,207,208,209,304), found 401
REQUEST	49		Add Order	1549237319595	1549237319596	OK	 
REQUEST	49		Add Order Redirect 1	1549237319596	1549237319598	KO	status.find.in(200,201,202,203,204,205,206,207,208,209,304), found 404
USER	OrderTwoItems	60	START	1549237319854	1549237319854
REQUEST	60		Open Main Page	1549237319855	1549237319857	OK	 
REQUEST	60		Open Main Page Redirect 1	1549237319857	1549237319859	KO	status.find.in(200,201,202,203,204,205,206,207,208,209,304), found 404
REQUEST	55		Login as a Client	1549237318877	1549237320087	OK	 
REQUEST	46		request_10	1549237320096	1549237320097	OK	 
REQUEST	46		request_10 Redirect 1	1549237320097	1549237320098	OK	 
REQUEST	50		Add Order	1549237320096	1549237320098	KO	status.find.in(200,201,202,203,204,205,206,207,208,209,304), found 415
REQUEST	46		request_10 Redirect 2	1549237320098	1549237320101	OK	 
USER	OrderTwoItems	46	END	1549237311855	1549237320101
REQUEST	47		request_10	1549237320597	1549237320598	OK	 
REQUEST	47		request_10 Redirect 1	1549237320599	1549237320600	OK	 
REQUEST	47		request_10 Redirect 2	1549237320600	1549237320602	OK	 
USER	OrderTwoItems	47	END	1549237312355	1549237320603
USER	OrderTwoItems	61	START	1549237320854	1549237320854
REQUEST	61		Open Main Page	1549237320855	1549237320857	OK	 
REQUEST	61		Open Main Page Redirect 1	1549237320858	1549237320860	KO	status.find.in(200,201,202,203,204,205,206,207,208,209,304), found 404
REQUEST	56		Login as a Client	1549237319876	1549237321086	KO	status.find.in(200,201,202,203,204,205,206,207,208,209,304), found 401
REQUEST	48		request_10	1549237321096	1549237321097	OK	 
REQUEST	51		Add Order	1549237321096	1549237321097	OK	 
REQUEST	48		request_10 Redirect 1	1549237321098	1549237321099	OK	 
REQUEST	51		Add Order Redirect 1	1549237321098	1549237321100	KO	status.find.in(200,201,202,203,204,205,206,207,208,209,304), found 404
REQUEST	48		request_10 Redirect 2	1549237321099	1549237321101	OK	 
USER	OrderTwoItems	48	END	1549237312856	1549237321101
USER	OrderTwoItems	62	START	1549237321356	1549237321356
REQUEST	62		Open Main Page	1549237321357	1549237321359	OK	 
REQUEST	62		Open Main Page Redirect 1	1549237321359	1549237321361	KO	status.find.in(200,201,202,203,204,205,206,207,208,209,304), found 404
REQUEST	57		Login as a Client	1549237320377	1549237321590	OK	 
REQUEST	49		request_10	1549237321594	1549237321595	OK	 
REQUEST	52		Add Order	1549237321594	1549237321596	KO	status.find.in(200,201,202,203,204,205,206,207,208,209,304), found 415
REQUEST	49		request_10 Redirect 1	1549237321595	1549237321596	OK	 
REQUEST	49		request_10 Redirect 2	1549237321597	1549237321598	OK	 
USER	OrderTwoItems	49	END	1549237313355	1549237321599
USER	OrderTwoItems	63	START	1549237321856	1549237321856
REQUEST	63		Open Main Page	1549237321856	1549237321858	OK	 
REQUEST	63		Open Main Page Redirect 1	1549237321859	1549237321861	KO	status.find.in(200,201,202,203,204,205,206,207,208,209,304), found 404
REQUEST	53		Add Order	1549237322097	1549237322098	OK	 
REQUEST	50		request_10	1549237322097	1549237322098	OK	 
REQUEST	58		Login as a Client	1549237320877	1549237322098	KO	status.find.in(200,201,202,203,204,205,206,207,208,209,304), found 401
REQUEST	50		request_10 Redirect 1	1549237322098	1549237322099	OK	 
REQUEST	53		Add Order Redirect 1	1549237322098	1549237322101	KO	status.find.in(200,201,202,203,204,205,206,207,208,209,304), found 404
REQUEST	50		request_10 Redirect 2	1549237322100	1549237322102	OK	 
USER	OrderTwoItems	50	END	1549237313856	1549237322102
USER	OrderTwoItems	64	START	1549237322355	1549237322355
REQUEST	64		Open Main Page	1549237322356	1549237322360	OK	 
REQUEST	64		Open Main Page Redirect 1	1549237322361	1549237322363	KO	status.find.in(200,201,202,203,204,205,206,207,208,209,304), found 404
REQUEST	59		Login as a Client	1549237321376	1549237322588	KO	status.find.in(200,201,202,203,204,205,206,207,208,209,304), found 401
REQUEST	54		Add Order	1549237322596	1549237322597	OK	 
REQUEST	54		Add Order Redirect 1	1549237322598	1549237322600	KO	status.find.in(200,201,202,203,204,205,206,207,208,209,304), found 404
USER	OrderTwoItems	65	START	1549237322856	1549237322856
REQUEST	65		Open Main Page	1549237322857	1549237322859	OK	 
REQUEST	65		Open Main Page Redirect 1	1549237322859	1549237322861	KO	status.find.in(200,201,202,203,204,205,206,207,208,209,304), found 404
REQUEST	60		Login as a Client	1549237321877	1549237323085	OK	 
REQUEST	51		request_10	1549237323094	1549237323095	OK	 
REQUEST	51		request_10 Redirect 1	1549237323095	1549237323095	OK	 
REQUEST	55		Add Order	1549237323094	1549237323095	KO	status.find.in(200,201,202,203,204,205,206,207,208,209,304), found 415
REQUEST	51		request_10 Redirect 2	1549237323096	1549237323097	OK	 
USER	OrderTwoItems	51	END	1549237314856	1549237323097
REQUEST	52		request_10	1549237323605	1549237323606	OK	 
REQUEST	52		request_10 Redirect 1	1549237323607	1549237323609	OK	 
REQUEST	52		request_10 Redirect 2	1549237323610	1549237323612	OK	 
USER	OrderTwoItems	52	END	1549237315356	1549237323613
USER	OrderTwoItems	66	START	1549237323854	1549237323854
REQUEST	66		Open Main Page	1549237323854	1549237323856	OK	 
REQUEST	66		Open Main Page Redirect 1	1549237323857	1549237323858	KO	status.find.in(200,201,202,203,204,205,206,207,208,209,304), found 404
REQUEST	61		Login as a Client	1549237322874	1549237324078	KO	status.find.in(200,201,202,203,204,205,206,207,208,209,304), found 401
REQUEST	53		request_10	1549237324095	1549237324096	OK	 
REQUEST	56		Add Order	1549237324095	1549237324096	OK	 
REQUEST	53		request_10 Redirect 1	1549237324096	1549237324097	OK	 
REQUEST	56		Add Order Redirect 1	1549237324096	1549237324098	KO	status.find.in(200,201,202,203,204,205,206,207,208,209,304), found 404
REQUEST	53		request_10 Redirect 2	1549237324097	1549237324098	OK	 
USER	OrderTwoItems	53	END	1549237315856	1549237324099
USER	OrderTwoItems	67	START	1549237324356	1549237324356
REQUEST	67		Open Main Page	1549237324357	1549237324359	OK	 
REQUEST	67		Open Main Page Redirect 1	1549237324359	1549237324361	KO	status.find.in(200,201,202,203,204,205,206,207,208,209,304), found 404
REQUEST	62		Login as a Client	1549237323374	1549237324583	OK	 
REQUEST	54		request_10	1549237324594	1549237324595	OK	 
REQUEST	54		request_10 Redirect 1	1549237324596	1549237324597	OK	 
REQUEST	57		Add Order	1549237324594	1549237324596	KO	status.find.in(200,201,202,203,204,205,206,207,208,209,304), found 415
REQUEST	54		request_10 Redirect 2	1549237324597	1549237324599	OK	 
USER	OrderTwoItems	54	END	1549237316356	1549237324599
USER	OrderTwoItems	68	START	1549237324854	1549237324854
REQUEST	68		Open Main Page	1549237324855	1549237324856	OK	 
REQUEST	68		Open Main Page Redirect 1	1549237324857	1549237324859	KO	status.find.in(200,201,202,203,204,205,206,207,208,209,304), found 404
REQUEST	63		Login as a Client	1549237323875	1549237325079	KO	status.find.in(200,201,202,203,204,205,206,207,208,209,304), found 401
REQUEST	55		request_10	1549237325094	1549237325095	OK	 
REQUEST	55		request_10 Redirect 1	1549237325096	1549237325097	OK	 
REQUEST	55		request_10 Redirect 2	1549237325098	1549237325099	OK	 
USER	OrderTwoItems	55	END	1549237316856	1549237325100
REQUEST	58		Add Order	1549237325105	1549237325106	OK	 
REQUEST	58		Add Order Redirect 1	1549237325106	1549237325107	KO	status.find.in(200,201,202,203,204,205,206,207,208,209,304), found 404
USER	OrderTwoItems	69	START	1549237325354	1549237325354
REQUEST	69		Open Main Page	1549237325354	1549237325356	OK	 
REQUEST	69		Open Main Page Redirect 1	1549237325357	1549237325359	KO	status.find.in(200,201,202,203,204,205,206,207,208,209,304), found 404
REQUEST	64		Login as a Client	1549237324377	1549237325586	KO	status.find.in(200,201,202,203,204,205,206,207,208,209,304), found 401
REQUEST	59		Add Order	1549237325594	1549237325595	OK	 
REQUEST	59		Add Order Redirect 1	1549237325596	1549237325597	KO	status.find.in(200,201,202,203,204,205,206,207,208,209,304), found 404
USER	OrderTwoItems	70	START	1549237325856	1549237325856
REQUEST	70		Open Main Page	1549237325857	1549237325859	OK	 
REQUEST	70		Open Main Page Redirect 1	1549237325859	1549237325861	KO	status.find.in(200,201,202,203,204,205,206,207,208,209,304), found 404
REQUEST	65		Login as a Client	1549237324875	1549237326082	OK	 
REQUEST	56		request_10	1549237326096	1549237326097	OK	 
REQUEST	60		Add Order	1549237326096	1549237326098	KO	status.find.in(200,201,202,203,204,205,206,207,208,209,304), found 415
REQUEST	56		request_10 Redirect 1	1549237326097	1549237326099	OK	 
REQUEST	56		request_10 Redirect 2	1549237326099	1549237326101	OK	 
USER	OrderTwoItems	56	END	1549237317856	1549237326101
REQUEST	57		request_10	1549237326596	1549237326598	OK	 
REQUEST	57		request_10 Redirect 1	1549237326598	1549237326599	OK	 
REQUEST	57		request_10 Redirect 2	1549237326600	1549237326602	OK	 
USER	OrderTwoItems	57	END	1549237318354	1549237326602
USER	OrderTwoItems	71	START	1549237326856	1549237326856
REQUEST	71		Open Main Page	1549237326857	1549237326859	OK	 
REQUEST	71		Open Main Page Redirect 1	1549237326859	1549237326861	KO	status.find.in(200,201,202,203,204,205,206,207,208,209,304), found 404
REQUEST	66		Login as a Client	1549237325874	1549237327082	KO	status.find.in(200,201,202,203,204,205,206,207,208,209,304), found 401
REQUEST	61		Add Order	1549237327085	1549237327087	OK	 
REQUEST	61		Add Order Redirect 1	1549237327087	1549237327089	KO	status.find.in(200,201,202,203,204,205,206,207,208,209,304), found 404
REQUEST	58		request_10	1549237327106	1549237327106	OK	 
REQUEST	58		request_10 Redirect 1	1549237327107	1549237327108	OK	 
REQUEST	58		request_10 Redirect 2	1549237327108	1549237327109	OK	 
USER	OrderTwoItems	58	END	1549237318855	1549237327110
USER	OrderTwoItems	72	START	1549237327356	1549237327356
REQUEST	72		Open Main Page	1549237327356	1549237327359	OK	 
REQUEST	72		Open Main Page Redirect 1	1549237327359	1549237327361	KO	status.find.in(200,201,202,203,204,205,206,207,208,209,304), found 404
REQUEST	67		Login as a Client	1549237326376	1549237327584	OK	 
REQUEST	59		request_10	1549237327596	1549237327597	OK	 
REQUEST	59		request_10 Redirect 1	1549237327598	1549237327598	OK	 
REQUEST	62		Add Order	1549237327596	1549237327598	KO	status.find.in(200,201,202,203,204,205,206,207,208,209,304), found 415
REQUEST	59		request_10 Redirect 2	1549237327599	1549237327601	OK	 
USER	OrderTwoItems	59	END	1549237319356	1549237327601
USER	OrderTwoItems	73	START	1549237327856	1549237327856
REQUEST	73		Open Main Page	1549237327856	1549237327859	OK	 
REQUEST	73		Open Main Page Redirect 1	1549237327859	1549237327861	KO	status.find.in(200,201,202,203,204,205,206,207,208,209,304), found 404
REQUEST	68		Login as a Client	1549237326877	1549237328086	KO	status.find.in(200,201,202,203,204,205,206,207,208,209,304), found 401
REQUEST	63		Add Order	1549237328085	1549237328086	OK	 
REQUEST	63		Add Order Redirect 1	1549237328086	1549237328088	KO	status.find.in(200,201,202,203,204,205,206,207,208,209,304), found 404
REQUEST	60		request_10	1549237328096	1549237328097	OK	 
REQUEST	60		request_10 Redirect 1	1549237328097	1549237328097	OK	 
REQUEST	60		request_10 Redirect 2	1549237328098	1549237328099	OK	 
USER	OrderTwoItems	60	END	1549237319854	1549237328099
USER	OrderTwoItems	74	START	1549237328356	1549237328356
REQUEST	74		Open Main Page	1549237328357	1549237328359	OK	 
REQUEST	74		Open Main Page Redirect 1	1549237328359	1549237328361	KO	status.find.in(200,201,202,203,204,205,206,207,208,209,304), found 404
REQUEST	69		Login as a Client	1549237327375	1549237328581	KO	status.find.in(200,201,202,203,204,205,206,207,208,209,304), found 401
REQUEST	64		Add Order	1549237328596	1549237328597	OK	 
REQUEST	64		Add Order Redirect 1	1549237328598	1549237328600	KO	status.find.in(200,201,202,203,204,205,206,207,208,209,304), found 404
USER	OrderTwoItems	75	START	1549237328856	1549237328856
REQUEST	75		Open Main Page	1549237328857	1549237328859	OK	 
REQUEST	75		Open Main Page Redirect 1	1549237328859	1549237328861	KO	status.find.in(200,201,202,203,204,205,206,207,208,209,304), found 404
REQUEST	70		Login as a Client	1549237327877	1549237329082	OK	 
REQUEST	61		request_10	1549237329085	1549237329086	OK	 
REQUEST	61		request_10 Redirect 1	1549237329087	1549237329087	OK	 
REQUEST	65		Add Order	1549237329085	1549237329087	KO	status.find.in(200,201,202,203,204,205,206,207,208,209,304), found 415
REQUEST	61		request_10 Redirect 2	1549237329088	1549237329090	OK	 
USER	OrderTwoItems	61	END	1549237320854	1549237329090
REQUEST	62		request_10	1549237329597	1549237329598	OK	 
REQUEST	62		request_10 Redirect 1	1549237329599	1549237329600	OK	 
REQUEST	62		request_10 Redirect 2	1549237329601	1549237329603	OK	 
USER	OrderTwoItems	62	END	1549237321356	1549237329603
USER	OrderTwoItems	76	START	1549237329856	1549237329856
REQUEST	76		Open Main Page	1549237329857	1549237329859	OK	 
REQUEST	76		Open Main Page Redirect 1	1549237329860	1549237329862	KO	status.find.in(200,201,202,203,204,205,206,207,208,209,304), found 404
REQUEST	71		Login as a Client	1549237328876	1549237330084	KO	status.find.in(200,201,202,203,204,205,206,207,208,209,304), found 401
REQUEST	66		Add Order	1549237330084	1549237330086	OK	 
REQUEST	66		Add Order Redirect 1	1549237330086	1549237330088	KO	status.find.in(200,201,202,203,204,205,206,207,208,209,304), found 404
REQUEST	63		request_10	1549237330097	1549237330098	OK	 
REQUEST	63		request_10 Redirect 1	1549237330098	1549237330099	OK	 
REQUEST	63		request_10 Redirect 2	1549237330099	1549237330101	OK	 
USER	OrderTwoItems	63	END	1549237321856	1549237330101
USER	OrderTwoItems	77	START	1549237330356	1549237330356
REQUEST	77		Open Main Page	1549237330356	1549237330358	OK	 
REQUEST	77		Open Main Page Redirect 1	1549237330359	1549237330361	KO	status.find.in(200,201,202,203,204,205,206,207,208,209,304), found 404
REQUEST	72		Login as a Client	1549237329376	1549237330585	OK	 
REQUEST	67		Add Order	1549237330585	1549237330586	KO	status.find.in(200,201,202,203,204,205,206,207,208,209,304), found 415
REQUEST	64		request_10	1549237330594	1549237330595	OK	 
REQUEST	64		request_10 Redirect 1	1549237330595	1549237330596	OK	 
REQUEST	64		request_10 Redirect 2	1549237330597	1549237330599	OK	 
USER	OrderTwoItems	64	END	1549237322355	1549237330599
USER	OrderTwoItems	78	START	1549237330856	1549237330856
REQUEST	78		Open Main Page	1549237330857	1549237330859	OK	 
REQUEST	78		Open Main Page Redirect 1	1549237330859	1549237330861	KO	status.find.in(200,201,202,203,204,205,206,207,208,209,304), found 404
REQUEST	73		Login as a Client	1549237329876	1549237331082	KO	status.find.in(200,201,202,203,204,205,206,207,208,209,304), found 401
REQUEST	68		Add Order	1549237331096	1549237331098	OK	 
REQUEST	65		request_10	1549237331097	1549237331098	OK	 
REQUEST	65		request_10 Redirect 1	1549237331098	1549237331099	OK	 
REQUEST	68		Add Order Redirect 1	1549237331098	1549237331100	KO	status.find.in(200,201,202,203,204,205,206,207,208,209,304), found 404
REQUEST	65		request_10 Redirect 2	1549237331100	1549237331102	OK	 
USER	OrderTwoItems	65	END	1549237322856	1549237331102
USER	OrderTwoItems	79	START	1549237331356	1549237331356
REQUEST	79		Open Main Page	1549237331357	1549237331359	OK	 
REQUEST	79		Open Main Page Redirect 1	1549237331359	1549237331361	KO	status.find.in(200,201,202,203,204,205,206,207,208,209,304), found 404
REQUEST	74		Login as a Client	1549237330377	1549237331584	KO	status.find.in(200,201,202,203,204,205,206,207,208,209,304), found 401
REQUEST	69		Add Order	1549237331584	1549237331585	OK	 
REQUEST	69		Add Order Redirect 1	1549237331586	1549237331588	KO	status.find.in(200,201,202,203,204,205,206,207,208,209,304), found 404
USER	OrderTwoItems	80	START	1549237331854	1549237331854
REQUEST	80		Open Main Page	1549237331855	1549237331857	OK	 
REQUEST	80		Open Main Page Redirect 1	1549237331857	1549237331860	KO	status.find.in(200,201,202,203,204,205,206,207,208,209,304), found 404
REQUEST	75		Login as a Client	1549237330877	1549237332086	OK	 
REQUEST	70		Add Order	1549237332084	1549237332086	KO	status.find.in(200,201,202,203,204,205,206,207,208,209,304), found 415
REQUEST	66		request_10	1549237332097	1549237332098	OK	 
REQUEST	66		request_10 Redirect 1	1549237332098	1549237332099	OK	 
REQUEST	66		request_10 Redirect 2	1549237332100	1549237332102	OK	 
USER	OrderTwoItems	66	END	1549237323854	1549237332102
REQUEST	67		request_10	1549237332597	1549237332598	OK	 
REQUEST	67		request_10 Redirect 1	1549237332598	1549237332599	OK	 
REQUEST	67		request_10 Redirect 2	1549237332599	1549237332601	OK	 
USER	OrderTwoItems	67	END	1549237324356	1549237332602
USER	OrderTwoItems	81	START	1549237332856	1549237332856
REQUEST	81		Open Main Page	1549237332857	1549237332859	OK	 
REQUEST	81		Open Main Page Redirect 1	1549237332859	1549237332861	KO	status.find.in(200,201,202,203,204,205,206,207,208,209,304), found 404
REQUEST	76		Login as a Client	1549237331877	1549237333086	KO	status.find.in(200,201,202,203,204,205,206,207,208,209,304), found 401
REQUEST	68		request_10	1549237333094	1549237333095	OK	 
REQUEST	71		Add Order	1549237333094	1549237333095	OK	 
REQUEST	68		request_10 Redirect 1	1549237333095	1549237333096	OK	 
REQUEST	71		Add Order Redirect 1	1549237333095	1549237333097	KO	status.find.in(200,201,202,203,204,205,206,207,208,209,304), found 404
REQUEST	68		request_10 Redirect 2	1549237333096	1549237333098	OK	 
USER	OrderTwoItems	68	END	1549237324854	1549237333099
USER	OrderTwoItems	82	START	1549237333356	1549237333356
REQUEST	82		Open Main Page	1549237333356	1549237333359	OK	 
REQUEST	82		Open Main Page Redirect 1	1549237333359	1549237333361	KO	status.find.in(200,201,202,203,204,205,206,207,208,209,304), found 404
REQUEST	77		Login as a Client	1549237332376	1549237333585	OK	 
REQUEST	69		request_10	1549237333596	1549237333597	OK	 
REQUEST	69		request_10 Redirect 1	1549237333597	1549237333598	OK	 
REQUEST	72		Add Order	1549237333596	1549237333598	KO	status.find.in(200,201,202,203,204,205,206,207,208,209,304), found 415
REQUEST	69		request_10 Redirect 2	1549237333598	1549237333600	OK	 
USER	OrderTwoItems	69	END	1549237325354	1549237333601
USER	OrderTwoItems	83	START	1549237333855	1549237333855
REQUEST	83		Open Main Page	1549237333856	1549237333858	OK	 
REQUEST	83		Open Main Page Redirect 1	1549237333859	1549237333860	KO	status.find.in(200,201,202,203,204,205,206,207,208,209,304), found 404
REQUEST	78		Login as a Client	1549237332876	1549237334081	KO	status.find.in(200,201,202,203,204,205,206,207,208,209,304), found 401
REQUEST	73		Add Order	1549237334085	1549237334086	OK	 
REQUEST	73		Add Order Redirect 1	1549237334086	1549237334088	KO	status.find.in(200,201,202,203,204,205,206,207,208,209,304), found 404
REQUEST	70		request_10	1549237334094	1549237334095	OK	 
REQUEST	70		request_10 Redirect 1	1549237334095	1549237334096	OK	 
REQUEST	70		request_10 Redirect 2	1549237334097	1549237334099	OK	 
USER	OrderTwoItems	70	END	1549237325856	1549237334099
USER	OrderTwoItems	84	START	1549237334354	1549237334354
REQUEST	84		Open Main Page	1549237334355	1549237334357	OK	 
REQUEST	84		Open Main Page Redirect 1	1549237334357	1549237334359	KO	status.find.in(200,201,202,203,204,205,206,207,208,209,304), found 404
REQUEST	79		Login as a Client	1549237333376	1549237334580	KO	status.find.in(200,201,202,203,204,205,206,207,208,209,304), found 401
REQUEST	74		Add Order	1549237334595	1549237334596	OK	 
REQUEST	74		Add Order Redirect 1	1549237334596	1549237334599	KO	status.find.in(200,201,202,203,204,205,206,207,208,209,304), found 404
USER	OrderTwoItems	85	START	1549237334855	1549237334855
REQUEST	85		Open Main Page	1549237334856	1549237334858	OK	 
REQUEST	85		Open Main Page Redirect 1	1549237334858	1549237334861	KO	status.find.in(200,201,202,203,204,205,206,207,208,209,304), found 404
REQUEST	80		Login as a Client	1549237333876	1549237335086	OK	 
REQUEST	71		request_10	1549237335095	1549237335096	OK	 
REQUEST	71		request_10 Redirect 1	1549237335097	1549237335097	OK	 
REQUEST	75		Add Order	1549237335095	1549237335097	KO	status.find.in(200,201,202,203,204,205,206,207,208,209,304), found 415
REQUEST	71		request_10 Redirect 2	1549237335098	1549237335100	OK	 
USER	OrderTwoItems	71	END	1549237326856	1549237335100
REQUEST	72		request_10	1549237335595	1549237335596	OK	 
REQUEST	72		request_10 Redirect 1	1549237335597	1549237335597	OK	 
REQUEST	72		request_10 Redirect 2	1549237335598	1549237335599	OK	 
USER	OrderTwoItems	72	END	1549237327356	1549237335599
USER	OrderTwoItems	86	START	1549237335856	1549237335856
REQUEST	86		Open Main Page	1549237335856	1549237335858	OK	 
REQUEST	86		Open Main Page Redirect 1	1549237335859	1549237335861	KO	status.find.in(200,201,202,203,204,205,206,207,208,209,304), found 404
REQUEST	81		Login as a Client	1549237334876	1549237336082	KO	status.find.in(200,201,202,203,204,205,206,207,208,209,304), found 401
REQUEST	73		request_10	1549237336095	1549237336097	OK	 
REQUEST	76		Add Order	1549237336095	1549237336097	OK	 
REQUEST	73		request_10 Redirect 1	1549237336097	1549237336098	OK	 
REQUEST	76		Add Order Redirect 1	1549237336098	1549237336099	KO	status.find.in(200,201,202,203,204,205,206,207,208,209,304), found 404
REQUEST	73		request_10 Redirect 2	1549237336099	1549237336101	OK	 
USER	OrderTwoItems	73	END	1549237327856	1549237336101
USER	OrderTwoItems	87	START	1549237336357	1549237336357
REQUEST	87		Open Main Page	1549237336357	1549237336360	OK	 
REQUEST	87		Open Main Page Redirect 1	1549237336360	1549237336362	KO	status.find.in(200,201,202,203,204,205,206,207,208,209,304), found 404
REQUEST	82		Login as a Client	1549237335376	1549237336584	OK	 
REQUEST	74		request_10	1549237336594	1549237336595	OK	 
REQUEST	74		request_10 Redirect 1	1549237336595	1549237336596	OK	 
REQUEST	77		Add Order	1549237336594	1549237336596	KO	status.find.in(200,201,202,203,204,205,206,207,208,209,304), found 415
REQUEST	74		request_10 Redirect 2	1549237336597	1549237336598	OK	 
USER	OrderTwoItems	74	END	1549237328356	1549237336599
USER	OrderTwoItems	88	START	1549237336856	1549237336856
REQUEST	88		Open Main Page	1549237336857	1549237336859	OK	 
REQUEST	88		Open Main Page Redirect 1	1549237336859	1549237336861	KO	status.find.in(200,201,202,203,204,205,206,207,208,209,304), found 404
REQUEST	83		Login as a Client	1549237335876	1549237337082	KO	status.find.in(200,201,202,203,204,205,206,207,208,209,304), found 401
REQUEST	78		Add Order	1549237337084	1549237337085	OK	 
REQUEST	78		Add Order Redirect 1	1549237337085	1549237337087	KO	status.find.in(200,201,202,203,204,205,206,207,208,209,304), found 404
REQUEST	75		request_10	1549237337095	1549237337095	OK	 
REQUEST	75		request_10 Redirect 1	1549237337095	1549237337096	OK	 
REQUEST	75		request_10 Redirect 2	1549237337096	1549237337098	OK	 
USER	OrderTwoItems	75	END	1549237328856	1549237337098
USER	OrderTwoItems	89	START	1549237337355	1549237337355
REQUEST	89		Open Main Page	1549237337356	1549237337358	OK	 
REQUEST	89		Open Main Page Redirect 1	1549237337358	1549237337360	KO	status.find.in(200,201,202,203,204,205,206,207,208,209,304), found 404
REQUEST	84		Login as a Client	1549237336376	1549237337581	KO	status.find.in(200,201,202,203,204,205,206,207,208,209,304), found 401
REQUEST	79		Add Order	1549237337586	1549237337587	OK	 
REQUEST	79		Add Order Redirect 1	1549237337588	1549237337589	KO	status.find.in(200,201,202,203,204,205,206,207,208,209,304), found 404
USER	OrderTwoItems	90	START	1549237337855	1549237337855
REQUEST	90		Open Main Page	1549237337856	1549237337858	OK	 
REQUEST	90		Open Main Page Redirect 1	1549237337859	1549237337861	KO	status.find.in(200,201,202,203,204,205,206,207,208,209,304), found 404
REQUEST	85		Login as a Client	1549237336875	1549237338084	OK	 
REQUEST	76		request_10	1549237338094	1549237338095	OK	 
REQUEST	76		request_10 Redirect 1	1549237338095	1549237338096	OK	 
REQUEST	80		Add Order	1549237338094	1549237338096	KO	status.find.in(200,201,202,203,204,205,206,207,208,209,304), found 415
REQUEST	76		request_10 Redirect 2	1549237338096	1549237338098	OK	 
USER	OrderTwoItems	76	END	1549237329856	1549237338099
REQUEST	77		request_10	1549237338595	1549237338596	OK	 
REQUEST	77		request_10 Redirect 1	1549237338596	1549237338597	OK	 
REQUEST	77		request_10 Redirect 2	1549237338598	1549237338600	OK	 
USER	OrderTwoItems	77	END	1549237330356	1549237338600
USER	OrderTwoItems	91	START	1549237338856	1549237338856
REQUEST	91		Open Main Page	1549237338857	1549237338861	OK	 
REQUEST	91		Open Main Page Redirect 1	1549237338861	1549237338863	KO	status.find.in(200,201,202,203,204,205,206,207,208,209,304), found 404
REQUEST	86		Login as a Client	1549237337876	1549237339086	KO	status.find.in(200,201,202,203,204,205,206,207,208,209,304), found 401
REQUEST	81		Add Order	1549237339086	1549237339087	OK	 
REQUEST	81		Add Order Redirect 1	1549237339088	1549237339090	KO	status.find.in(200,201,202,203,204,205,206,207,208,209,304), found 404
REQUEST	78		request_10	1549237339094	1549237339095	OK	 
REQUEST	78		request_10 Redirect 1	1549237339095	1549237339095	OK	 
REQUEST	78		request_10 Redirect 2	1549237339096	1549237339097	OK	 
USER	OrderTwoItems	78	END	1549237330856	1549237339097
USER	OrderTwoItems	92	START	1549237339354	1549237339354
REQUEST	92		Open Main Page	1549237339354	1549237339356	OK	 
REQUEST	92		Open Main Page Redirect 1	1549237339356	1549237339358	KO	status.find.in(200,201,202,203,204,205,206,207,208,209,304), found 404
REQUEST	79		request_10	1549237339587	1549237339588	OK	 
REQUEST	87		Login as a Client	1549237338376	1549237339588	OK	 
REQUEST	79		request_10 Redirect 1	1549237339588	1549237339589	OK	 
REQUEST	82		Add Order	1549237339587	1549237339589	KO	status.find.in(200,201,202,203,204,205,206,207,208,209,304), found 415
REQUEST	79		request_10 Redirect 2	1549237339590	1549237339592	OK	 
USER	OrderTwoItems	79	END	1549237331356	1549237339592
USER	OrderTwoItems	93	START	1549237339856	1549237339856
REQUEST	93		Open Main Page	1549237339856	1549237339858	OK	 
REQUEST	93		Open Main Page Redirect 1	1549237339858	1549237339860	KO	status.find.in(200,201,202,203,204,205,206,207,208,209,304), found 404
REQUEST	88		Login as a Client	1549237338877	1549237340084	KO	status.find.in(200,201,202,203,204,205,206,207,208,209,304), found 401
REQUEST	83		Add Order	1549237340084	1549237340085	OK	 
REQUEST	83		Add Order Redirect 1	1549237340085	1549237340087	KO	status.find.in(200,201,202,203,204,205,206,207,208,209,304), found 404
REQUEST	80		request_10	1549237340097	1549237340098	OK	 
REQUEST	80		request_10 Redirect 1	1549237340098	1549237340099	OK	 
REQUEST	80		request_10 Redirect 2	1549237340100	1549237340102	OK	 
USER	OrderTwoItems	80	END	1549237331854	1549237340102
USER	OrderTwoItems	94	START	1549237340356	1549237340356
REQUEST	94		Open Main Page	1549237340357	1549237340359	OK	 
REQUEST	94		Open Main Page Redirect 1	1549237340359	1549237340361	KO	status.find.in(200,201,202,203,204,205,206,207,208,209,304), found 404
REQUEST	89		Login as a Client	1549237339374	1549237340581	KO	status.find.in(200,201,202,203,204,205,206,207,208,209,304), found 401
REQUEST	84		Add Order	1549237340587	1549237340588	OK	 
REQUEST	84		Add Order Redirect 1	1549237340588	1549237340590	KO	status.find.in(200,201,202,203,204,205,206,207,208,209,304), found 404
USER	OrderTwoItems	95	START	1549237340855	1549237340855
REQUEST	95		Open Main Page	1549237340855	1549237340857	OK	 
REQUEST	95		Open Main Page Redirect 1	1549237340858	1549237340859	KO	status.find.in(200,201,202,203,204,205,206,207,208,209,304), found 404
REQUEST	90		Login as a Client	1549237339874	1549237341084	OK	 
REQUEST	85		Add Order	1549237341084	1549237341086	KO	status.find.in(200,201,202,203,204,205,206,207,208,209,304), found 415
REQUEST	81		request_10	1549237341095	1549237341096	OK	 
REQUEST	81		request_10 Redirect 1	1549237341096	1549237341097	OK	 
REQUEST	81		request_10 Redirect 2	1549237341098	1549237341100	OK	 
USER	OrderTwoItems	81	END	1549237332856	1549237341100
REQUEST	82		request_10	1549237341596	1549237341597	OK	 
REQUEST	82		request_10 Redirect 1	1549237341598	1549237341599	OK	 
REQUEST	82		request_10 Redirect 2	1549237341599	1549237341604	OK	 
USER	OrderTwoItems	82	END	1549237333356	1549237341605
USER	OrderTwoItems	96	START	1549237341856	1549237341856
REQUEST	96		Open Main Page	1549237341857	1549237341859	OK	 
REQUEST	96		Open Main Page Redirect 1	1549237341860	1549237341861	KO	status.find.in(200,201,202,203,204,205,206,207,208,209,304), found 404
REQUEST	91		Login as a Client	1549237340877	1549237342082	KO	status.find.in(200,201,202,203,204,205,206,207,208,209,304), found 401
REQUEST	83		request_10	1549237342095	1549237342096	OK	 
REQUEST	86		Add Order	1549237342095	1549237342096	OK	 
REQUEST	83		request_10 Redirect 1	1549237342096	1549237342097	OK	 
REQUEST	86		Add Order Redirect 1	1549237342096	1549237342098	KO	status.find.in(200,201,202,203,204,205,206,207,208,209,304), found 404
REQUEST	83		request_10 Redirect 2	1549237342097	1549237342099	OK	 
USER	OrderTwoItems	83	END	1549237333855	1549237342100
USER	OrderTwoItems	97	START	1549237342356	1549237342356
REQUEST	97		Open Main Page	1549237342357	1549237342359	OK	 
REQUEST	97		Open Main Page Redirect 1	1549237342359	1549237342361	KO	status.find.in(200,201,202,203,204,205,206,207,208,209,304), found 404
REQUEST	84		request_10	1549237342586	1549237342587	OK	 
REQUEST	92		Login as a Client	1549237341375	1549237342587	OK	 
REQUEST	84		request_10 Redirect 1	1549237342587	1549237342588	OK	 
REQUEST	84		request_10 Redirect 2	1549237342589	1549237342591	OK	 
USER	OrderTwoItems	84	END	1549237334354	1549237342591
REQUEST	87		Add Order	1549237342595	1549237342596	KO	status.find.in(200,201,202,203,204,205,206,207,208,209,304), found 415
USER	OrderTwoItems	98	START	1549237342855	1549237342855
REQUEST	98		Open Main Page	1549237342856	1549237342858	OK	 
REQUEST	98		Open Main Page Redirect 1	1549237342858	1549237342860	KO	status.find.in(200,201,202,203,204,205,206,207,208,209,304), found 404
REQUEST	93		Login as a Client	1549237341876	1549237343084	KO	status.find.in(200,201,202,203,204,205,206,207,208,209,304), found 401
REQUEST	88		Add Order	1549237343096	1549237343098	OK	 
REQUEST	85		request_10	1549237343097	1549237343098	OK	 
REQUEST	85		request_10 Redirect 1	1549237343098	1549237343099	OK	 
REQUEST	88		Add Order Redirect 1	1549237343098	1549237343101	KO	status.find.in(200,201,202,203,204,205,206,207,208,209,304), found 404
REQUEST	85		request_10 Redirect 2	1549237343100	1549237343102	OK	 
USER	OrderTwoItems	85	END	1549237334855	1549237343102
USER	OrderTwoItems	99	START	1549237343355	1549237343355
REQUEST	99		Open Main Page	1549237343356	1549237343358	OK	 
REQUEST	99		Open Main Page Redirect 1	1549237343358	1549237343360	KO	status.find.in(200,201,202,203,204,205,206,207,208,209,304), found 404
REQUEST	94		Login as a Client	1549237342377	1549237343587	KO	status.find.in(200,201,202,203,204,205,206,207,208,209,304), found 401
REQUEST	89		Add Order	1549237343586	1549237343588	OK	 
REQUEST	89		Add Order Redirect 1	1549237343588	1549237343590	KO	status.find.in(200,201,202,203,204,205,206,207,208,209,304), found 404
USER	OrderTwoItems	100	START	1549237343856	1549237343856
REQUEST	100		Open Main Page	1549237343857	1549237343859	OK	 
REQUEST	100		Open Main Page Redirect 1	1549237343859	1549237343861	KO	status.find.in(200,201,202,203,204,205,206,207,208,209,304), found 404
REQUEST	95		Login as a Client	1549237342876	1549237344081	OK	 
REQUEST	86		request_10	1549237344094	1549237344095	OK	 
REQUEST	86		request_10 Redirect 1	1549237344095	1549237344096	OK	 
REQUEST	90		Add Order	1549237344094	1549237344096	KO	status.find.in(200,201,202,203,204,205,206,207,208,209,304), found 415
REQUEST	86		request_10 Redirect 2	1549237344096	1549237344098	OK	 
USER	OrderTwoItems	86	END	1549237335856	1549237344099
REQUEST	87		request_10	1549237344597	1549237344598	OK	 
REQUEST	87		request_10 Redirect 1	1549237344598	1549237344599	OK	 
REQUEST	87		request_10 Redirect 2	1549237344599	1549237344601	OK	 
USER	OrderTwoItems	87	END	1549237336357	1549237344601
REQUEST	96		Login as a Client	1549237343876	1549237345085	KO	status.find.in(200,201,202,203,204,205,206,207,208,209,304), found 401
REQUEST	91		Add Order	1549237345084	1549237345086	OK	 
REQUEST	91		Add Order Redirect 1	1549237345086	1549237345088	KO	status.find.in(200,201,202,203,204,205,206,207,208,209,304), found 404
REQUEST	88		request_10	1549237345095	1549237345096	OK	 
REQUEST	88		request_10 Redirect 1	1549237345096	1549237345097	OK	 
REQUEST	88		request_10 Redirect 2	1549237345097	1549237345099	OK	 
USER	OrderTwoItems	88	END	1549237336856	1549237345100
REQUEST	89		request_10	1549237345586	1549237345587	OK	 
REQUEST	97		Login as a Client	1549237344376	1549237345587	OK	 
REQUEST	89		request_10 Redirect 1	1549237345588	1549237345588	OK	 
REQUEST	89		request_10 Redirect 2	1549237345589	1549237345591	OK	 
USER	OrderTwoItems	89	END	1549237337355	1549237345591
REQUEST	92		Add Order	1549237345595	1549237345596	KO	status.find.in(200,201,202,203,204,205,206,207,208,209,304), found 415
REQUEST	98		Login as a Client	1549237344877	1549237346090	KO	status.find.in(200,201,202,203,204,205,206,207,208,209,304), found 401
REQUEST	93		Add Order	1549237346097	1549237346098	OK	 
REQUEST	90		request_10	1549237346097	1549237346097	OK	 
REQUEST	90		request_10 Redirect 1	1549237346098	1549237346099	OK	 
REQUEST	93		Add Order Redirect 1	1549237346098	1549237346100	KO	status.find.in(200,201,202,203,204,205,206,207,208,209,304), found 404
REQUEST	90		request_10 Redirect 2	1549237346099	1549237346101	OK	 
USER	OrderTwoItems	90	END	1549237337855	1549237346101
REQUEST	99		Login as a Client	1549237345376	1549237346583	KO	status.find.in(200,201,202,203,204,205,206,207,208,209,304), found 401
REQUEST	94		Add Order	1549237346597	1549237346598	OK	 
REQUEST	94		Add Order Redirect 1	1549237346599	1549237346601	KO	status.find.in(200,201,202,203,204,205,206,207,208,209,304), found 404
REQUEST	100		Login as a Client	1549237345876	1549237347085	OK	 
REQUEST	95		Add Order	1549237347084	1549237347087	KO	status.find.in(200,201,202,203,204,205,206,207,208,209,304), found 415
REQUEST	91		request_10	1549237347097	1549237347098	OK	 
REQUEST	91		request_10 Redirect 1	1549237347098	1549237347101	OK	 
REQUEST	91		request_10 Redirect 2	1549237347102	1549237347104	OK	 
USER	OrderTwoItems	91	END	1549237338856	1549237347104
REQUEST	92		request_10	1549237347597	1549237347598	OK	 
REQUEST	92		request_10 Redirect 1	1549237347598	1549237347599	OK	 
REQUEST	92		request_10 Redirect 2	1549237347600	1549237347602	OK	 
USER	OrderTwoItems	92	END	1549237339354	1549237347602
REQUEST	93		request_10	1549237348096	1549237348097	OK	 
REQUEST	96		Add Order	1549237348096	1549237348097	OK	 
REQUEST	93		request_10 Redirect 1	1549237348097	1549237348098	OK	 
REQUEST	96		Add Order Redirect 1	1549237348098	1549237348100	KO	status.find.in(200,201,202,203,204,205,206,207,208,209,304), found 404
REQUEST	93		request_10 Redirect 2	1549237348099	1549237348101	OK	 
USER	OrderTwoItems	93	END	1549237339856	1549237348101
REQUEST	94		request_10	1549237348596	1549237348597	OK	 
REQUEST	94		request_10 Redirect 1	1549237348597	1549237348598	OK	 
REQUEST	97		Add Order	1549237348596	1549237348598	KO	status.find.in(200,201,202,203,204,205,206,207,208,209,304), found 415
REQUEST	94		request_10 Redirect 2	1549237348598	1549237348600	OK	 
USER	OrderTwoItems	94	END	1549237340356	1549237348600
REQUEST	95		request_10	1549237349094	1549237349095	OK	 
REQUEST	98		Add Order	1549237349094	1549237349096	OK	 
REQUEST	95		request_10 Redirect 1	1549237349096	1549237349097	OK	 
REQUEST	98		Add Order Redirect 1	1549237349096	1549237349098	KO	status.find.in(200,201,202,203,204,205,206,207,208,209,304), found 404
REQUEST	95		request_10 Redirect 2	1549237349097	1549237349099	OK	 
USER	OrderTwoItems	95	END	1549237340855	1549237349099
REQUEST	99		Add Order	1549237349587	1549237349588	OK	 
REQUEST	99		Add Order Redirect 1	1549237349588	1549237349590	KO	status.find.in(200,201,202,203,204,205,206,207,208,209,304), found 404
REQUEST	96		request_10	1549237350094	1549237350095	OK	 
REQUEST	96		request_10 Redirect 1	1549237350095	1549237350096	OK	 
REQUEST	100		Add Order	1549237350094	1549237350096	KO	status.find.in(200,201,202,203,204,205,206,207,208,209,304), found 415
REQUEST	96		request_10 Redirect 2	1549237350096	1549237350097	OK	 
USER	OrderTwoItems	96	END	1549237341856	1549237350098
REQUEST	97		request_10	1549237350594	1549237350595	OK	 
REQUEST	97		request_10 Redirect 1	1549237350596	1549237350597	OK	 
REQUEST	97		request_10 Redirect 2	1549237350597	1549237350599	OK	 
USER	OrderTwoItems	97	END	1549237342356	1549237350599
REQUEST	98		request_10	1549237351106	1549237351106	OK	 
REQUEST	98		request_10 Redirect 1	1549237351107	1549237351122	OK	 
REQUEST	98		request_10 Redirect 2	1549237351122	1549237351124	OK	 
USER	OrderTwoItems	98	END	1549237342855	1549237351124
REQUEST	99		request_10	1549237351587	1549237351590	OK	 
REQUEST	99		request_10 Redirect 1	1549237351590	1549237351591	OK	 
REQUEST	99		request_10 Redirect 2	1549237351591	1549237351593	OK	 
USER	OrderTwoItems	99	END	1549237343355	1549237351593
REQUEST	100		request_10	1549237352095	1549237352096	OK	 
REQUEST	100		request_10 Redirect 1	1549237352096	1549237352097	OK	 
REQUEST	100		request_10 Redirect 2	1549237352097	1549237352101	OK	 
USER	OrderTwoItems	100	END	1549237343856	1549237352102
