RUN	OrderTwoItems	ordertwoitems	1549235764641	 	3.0.3
USER	OrderTwoItems	1	START	1549235765423	1549235765423
REQUEST	1		Open Main Page	1549235765448	1549235765477	OK	 
REQUEST	1		Open Main Page Redirect 1	1549235765487	1549235765490	KO	status.find.in(200,201,202,203,204,205,206,207,208,209,304), found 404
USER	OrderTwoItems	2	START	1549235765955	1549235765955
REQUEST	2		Open Main Page	1549235765956	1549235765971	OK	 
REQUEST	2		Open Main Page Redirect 1	1549235765972	1549235765974	KO	status.find.in(200,201,202,203,204,205,206,207,208,209,304), found 404
USER	OrderTwoItems	3	START	1549235766454	1549235766454
REQUEST	3		Open Main Page	1549235766455	1549235766469	OK	 
REQUEST	3		Open Main Page Redirect 1	1549235766470	1549235766472	KO	status.find.in(200,201,202,203,204,205,206,207,208,209,304), found 404
USER	OrderTwoItems	4	START	1549235766953	1549235766953
REQUEST	4		Open Main Page	1549235766954	1549235766969	OK	 
REQUEST	4		Open Main Page Redirect 1	1549235766970	1549235766972	KO	status.find.in(200,201,202,203,204,205,206,207,208,209,304), found 404
USER	OrderTwoItems	5	START	1549235767454	1549235767454
REQUEST	5		Open Main Page	1549235767455	1549235767470	OK	 
REQUEST	5		Open Main Page Redirect 1	1549235767471	1549235767473	KO	status.find.in(200,201,202,203,204,205,206,207,208,209,304), found 404
USER	OrderTwoItems	6	START	1549235768435	1549235768435
REQUEST	6		Open Main Page	1549235768436	1549235768450	OK	 
REQUEST	6		Open Main Page Redirect 1	1549235768451	1549235768453	KO	status.find.in(200,201,202,203,204,205,206,207,208,209,304), found 404
REQUEST	1		Login as a Client	1549235767521	1549235768732	KO	status.find.in(200,201,202,203,204,205,206,207,208,209,304), found 401
USER	OrderTwoItems	7	START	1549235768934	1549235768934
REQUEST	7		Open Main Page	1549235768935	1549235768950	OK	 
REQUEST	7		Open Main Page Redirect 1	1549235768951	1549235768953	KO	status.find.in(200,201,202,203,204,205,206,207,208,209,304), found 404
REQUEST	2		Login as a Client	1549235767995	1549235769207	OK	 
USER	OrderTwoItems	8	START	1549235769435	1549235769435
REQUEST	8		Open Main Page	1549235769436	1549235769451	OK	 
REQUEST	8		Open Main Page Redirect 1	1549235769452	1549235769453	KO	status.find.in(200,201,202,203,204,205,206,207,208,209,304), found 404
REQUEST	3		Login as a Client	1549235768493	1549235769707	KO	status.find.in(200,201,202,203,204,205,206,207,208,209,304), found 401
USER	OrderTwoItems	9	START	1549235769935	1549235769935
REQUEST	9		Open Main Page	1549235769936	1549235769940	OK	 
REQUEST	9		Open Main Page Redirect 1	1549235769941	1549235769943	KO	status.find.in(200,201,202,203,204,205,206,207,208,209,304), found 404
REQUEST	4		Login as a Client	1549235768994	1549235770207	KO	status.find.in(200,201,202,203,204,205,206,207,208,209,304), found 401
USER	OrderTwoItems	10	START	1549235770434	1549235770434
REQUEST	10		Open Main Page	1549235770435	1549235770439	OK	 
REQUEST	10		Open Main Page Redirect 1	1549235770440	1549235770443	KO	status.find.in(200,201,202,203,204,205,206,207,208,209,304), found 404
REQUEST	5		Login as a Client	1549235769483	1549235770699	OK	 
USER	OrderTwoItems	11	START	1549235771435	1549235771435
REQUEST	11		Open Main Page	1549235771436	1549235771440	OK	 
REQUEST	11		Open Main Page Redirect 1	1549235771441	1549235771444	KO	status.find.in(200,201,202,203,204,205,206,207,208,209,304), found 404
REQUEST	6		Login as a Client	1549235770465	1549235771675	KO	status.find.in(200,201,202,203,204,205,206,207,208,209,304), found 401
REQUEST	1		Add Order	1549235771738	1549235771742	OK	 
REQUEST	1		Add Order Redirect 1	1549235771742	1549235771745	KO	status.find.in(200,201,202,203,204,205,206,207,208,209,304), found 404
USER	OrderTwoItems	12	START	1549235771935	1549235771935
REQUEST	12		Open Main Page	1549235771936	1549235771940	OK	 
REQUEST	12		Open Main Page Redirect 1	1549235771941	1549235771943	KO	status.find.in(200,201,202,203,204,205,206,207,208,209,304), found 404
REQUEST	7		Login as a Client	1549235770964	1549235772174	OK	 
REQUEST	2		Add Order	1549235772218	1549235772222	KO	status.find.in(200,201,202,203,204,205,206,207,208,209,304), found 400
USER	OrderTwoItems	13	START	1549235772435	1549235772435
REQUEST	13		Open Main Page	1549235772436	1549235772440	OK	 
REQUEST	13		Open Main Page Redirect 1	1549235772440	1549235772443	KO	status.find.in(200,201,202,203,204,205,206,207,208,209,304), found 404
REQUEST	8		Login as a Client	1549235771474	1549235772685	KO	status.find.in(200,201,202,203,204,205,206,207,208,209,304), found 401
REQUEST	3		Add Order	1549235772704	1549235772707	OK	 
REQUEST	3		Add Order Redirect 1	1549235772707	1549235772710	KO	status.find.in(200,201,202,203,204,205,206,207,208,209,304), found 404
USER	OrderTwoItems	14	START	1549235772935	1549235772935
REQUEST	14		Open Main Page	1549235772935	1549235772940	OK	 
REQUEST	14		Open Main Page Redirect 1	1549235772940	1549235772943	KO	status.find.in(200,201,202,203,204,205,206,207,208,209,304), found 404
REQUEST	9		Login as a Client	1549235771965	1549235773175	KO	status.find.in(200,201,202,203,204,205,206,207,208,209,304), found 401
REQUEST	4		Add Order	1549235773206	1549235773208	OK	 
REQUEST	4		Add Order Redirect 1	1549235773209	1549235773212	KO	status.find.in(200,201,202,203,204,205,206,207,208,209,304), found 404
USER	OrderTwoItems	15	START	1549235773434	1549235773434
REQUEST	15		Open Main Page	1549235773435	1549235773439	OK	 
REQUEST	15		Open Main Page Redirect 1	1549235773440	1549235773443	KO	status.find.in(200,201,202,203,204,205,206,207,208,209,304), found 404
REQUEST	10		Login as a Client	1549235772465	1549235773678	OK	 
REQUEST	5		Add Order	1549235773705	1549235773709	KO	status.find.in(200,201,202,203,204,205,206,207,208,209,304), found 400
REQUEST	1		request_10	1549235773743	1549235773745	OK	 
REQUEST	1		request_10 Redirect 1	1549235773746	1549235773747	OK	 
REQUEST	1		request_10 Redirect 2	1549235773748	1549235773752	OK	 
USER	OrderTwoItems	1	END	1549235765423	1549235773755
REQUEST	2		request_10	1549235774216	1549235774219	OK	 
REQUEST	2		request_10 Redirect 1	1549235774220	1549235774221	OK	 
REQUEST	2		request_10 Redirect 2	1549235774222	1549235774224	OK	 
USER	OrderTwoItems	2	END	1549235765955	1549235774225
USER	OrderTwoItems	16	START	1549235774435	1549235774435
REQUEST	16		Open Main Page	1549235774436	1549235774439	OK	 
REQUEST	16		Open Main Page Redirect 1	1549235774439	1549235774442	KO	status.find.in(200,201,202,203,204,205,206,207,208,209,304), found 404
REQUEST	11		Login as a Client	1549235773465	1549235774675	KO	status.find.in(200,201,202,203,204,205,206,207,208,209,304), found 401
REQUEST	6		Add Order	1549235774685	1549235774687	OK	 
REQUEST	6		Add Order Redirect 1	1549235774688	1549235774690	KO	status.find.in(200,201,202,203,204,205,206,207,208,209,304), found 404
REQUEST	3		request_10	1549235774714	1549235774717	OK	 
REQUEST	3		request_10 Redirect 1	1549235774718	1549235774720	OK	 
REQUEST	3		request_10 Redirect 2	1549235774721	1549235774723	OK	 
USER	OrderTwoItems	3	END	1549235766454	1549235774723
USER	OrderTwoItems	17	START	1549235774934	1549235774934
REQUEST	17		Open Main Page	1549235774935	1549235774938	OK	 
REQUEST	17		Open Main Page Redirect 1	1549235774939	1549235774942	KO	status.find.in(200,201,202,203,204,205,206,207,208,209,304), found 404
REQUEST	12		Login as a Client	1549235773965	1549235775177	OK	 
REQUEST	7		Add Order	1549235775185	1549235775188	KO	status.find.in(200,201,202,203,204,205,206,207,208,209,304), found 400
REQUEST	4		request_10	1549235775215	1549235775218	OK	 
REQUEST	4		request_10 Redirect 1	1549235775219	1549235775220	OK	 
REQUEST	4		request_10 Redirect 2	1549235775221	1549235775222	OK	 
USER	OrderTwoItems	4	END	1549235766953	1549235775223
USER	OrderTwoItems	18	START	1549235775433	1549235775433
REQUEST	18		Open Main Page	1549235775434	1549235775437	OK	 
REQUEST	18		Open Main Page Redirect 1	1549235775437	1549235775440	KO	status.find.in(200,201,202,203,204,205,206,207,208,209,304), found 404
REQUEST	13		Login as a Client	1549235774466	1549235775677	KO	status.find.in(200,201,202,203,204,205,206,207,208,209,304), found 401
REQUEST	8		Add Order	1549235775684	1549235775686	OK	 
REQUEST	8		Add Order Redirect 1	1549235775686	1549235775688	KO	status.find.in(200,201,202,203,204,205,206,207,208,209,304), found 404
REQUEST	5		request_10	1549235775714	1549235775718	OK	 
REQUEST	5		request_10 Redirect 1	1549235775719	1549235775720	OK	 
REQUEST	5		request_10 Redirect 2	1549235775721	1549235775722	OK	 
USER	OrderTwoItems	5	END	1549235767454	1549235775723
USER	OrderTwoItems	19	START	1549235775933	1549235775933
REQUEST	19		Open Main Page	1549235775934	1549235775937	OK	 
REQUEST	19		Open Main Page Redirect 1	1549235775937	1549235775940	KO	status.find.in(200,201,202,203,204,205,206,207,208,209,304), found 404
REQUEST	14		Login as a Client	1549235774953	1549235776165	KO	status.find.in(200,201,202,203,204,205,206,207,208,209,304), found 401
REQUEST	9		Add Order	1549235776175	1549235776177	OK	 
REQUEST	9		Add Order Redirect 1	1549235776177	1549235776180	KO	status.find.in(200,201,202,203,204,205,206,207,208,209,304), found 404
USER	OrderTwoItems	20	START	1549235776433	1549235776433
REQUEST	20		Open Main Page	1549235776433	1549235776436	OK	 
REQUEST	20		Open Main Page Redirect 1	1549235776437	1549235776439	KO	status.find.in(200,201,202,203,204,205,206,207,208,209,304), found 404
REQUEST	15		Login as a Client	1549235775454	1549235776667	OK	 
REQUEST	10		Add Order	1549235776675	1549235776679	KO	status.find.in(200,201,202,203,204,205,206,207,208,209,304), found 400
REQUEST	6		request_10	1549235776683	1549235776684	OK	 
REQUEST	6		request_10 Redirect 1	1549235776684	1549235776686	OK	 
REQUEST	6		request_10 Redirect 2	1549235776686	1549235776688	OK	 
USER	OrderTwoItems	6	END	1549235768435	1549235776688
REQUEST	7		request_10	1549235777184	1549235777187	OK	 
REQUEST	7		request_10 Redirect 1	1549235777187	1549235777189	OK	 
REQUEST	7		request_10 Redirect 2	1549235777189	1549235777191	OK	 
USER	OrderTwoItems	7	END	1549235768934	1549235777192
USER	OrderTwoItems	21	START	1549235777433	1549235777433
REQUEST	21		Open Main Page	1549235777434	1549235777437	OK	 
REQUEST	21		Open Main Page Redirect 1	1549235777437	1549235777439	KO	status.find.in(200,201,202,203,204,205,206,207,208,209,304), found 404
REQUEST	11		Add Order	1549235777676	1549235777678	OK	 
REQUEST	16		Login as a Client	1549235776466	1549235777680	KO	status.find.in(200,201,202,203,204,205,206,207,208,209,304), found 401
REQUEST	11		Add Order Redirect 1	1549235777678	1549235777681	KO	status.find.in(200,201,202,203,204,205,206,207,208,209,304), found 404
REQUEST	8		request_10	1549235777695	1549235777696	OK	 
REQUEST	8		request_10 Redirect 1	1549235777696	1549235777698	OK	 
REQUEST	8		request_10 Redirect 2	1549235777698	1549235777700	OK	 
USER	OrderTwoItems	8	END	1549235769435	1549235777700
USER	OrderTwoItems	22	START	1549235777934	1549235777934
REQUEST	22		Open Main Page	1549235777934	1549235777937	OK	 
REQUEST	22		Open Main Page Redirect 1	1549235777938	1549235777940	KO	status.find.in(200,201,202,203,204,205,206,207,208,209,304), found 404
REQUEST	17		Login as a Client	1549235776954	1549235778166	OK	 
REQUEST	9		request_10	1549235778175	1549235778177	OK	 
REQUEST	9		request_10 Redirect 1	1549235778177	1549235778179	OK	 
REQUEST	12		Add Order	1549235778175	1549235778179	KO	status.find.in(200,201,202,203,204,205,206,207,208,209,304), found 400
REQUEST	9		request_10 Redirect 2	1549235778180	1549235778182	OK	 
USER	OrderTwoItems	9	END	1549235769935	1549235778183
USER	OrderTwoItems	23	START	1549235778433	1549235778433
REQUEST	23		Open Main Page	1549235778434	1549235778437	OK	 
REQUEST	23		Open Main Page Redirect 1	1549235778437	1549235778440	KO	status.find.in(200,201,202,203,204,205,206,207,208,209,304), found 404
REQUEST	18		Login as a Client	1549235777456	1549235778665	KO	status.find.in(200,201,202,203,204,205,206,207,208,209,304), found 401
REQUEST	13		Add Order	1549235778673	1549235778675	OK	 
REQUEST	13		Add Order Redirect 1	1549235778676	1549235778678	KO	status.find.in(200,201,202,203,204,205,206,207,208,209,304), found 404
REQUEST	10		request_10	1549235778684	1549235778686	OK	 
REQUEST	10		request_10 Redirect 1	1549235778687	1549235778687	OK	 
REQUEST	10		request_10 Redirect 2	1549235778688	1549235778689	OK	 
USER	OrderTwoItems	10	END	1549235770434	1549235778690
USER	OrderTwoItems	24	START	1549235778933	1549235778933
REQUEST	24		Open Main Page	1549235778934	1549235778936	OK	 
REQUEST	24		Open Main Page Redirect 1	1549235778937	1549235778939	KO	status.find.in(200,201,202,203,204,205,206,207,208,209,304), found 404
REQUEST	19		Login as a Client	1549235777953	1549235779161	KO	status.find.in(200,201,202,203,204,205,206,207,208,209,304), found 401
REQUEST	14		Add Order	1549235779175	1549235779177	OK	 
REQUEST	14		Add Order Redirect 1	1549235779178	1549235779181	KO	status.find.in(200,201,202,203,204,205,206,207,208,209,304), found 404
USER	OrderTwoItems	25	START	1549235779433	1549235779433
REQUEST	25		Open Main Page	1549235779434	1549235779440	OK	 
REQUEST	25		Open Main Page Redirect 1	1549235779441	1549235779443	KO	status.find.in(200,201,202,203,204,205,206,207,208,209,304), found 404
REQUEST	20		Login as a Client	1549235778453	1549235779667	OK	 
REQUEST	11		request_10	1549235779674	1549235779676	OK	 
REQUEST	11		request_10 Redirect 1	1549235779676	1549235779678	OK	 
REQUEST	15		Add Order	1549235779674	1549235779678	KO	status.find.in(200,201,202,203,204,205,206,207,208,209,304), found 400
REQUEST	11		request_10 Redirect 2	1549235779678	1549235779680	OK	 
USER	OrderTwoItems	11	END	1549235771435	1549235779681
REQUEST	12		request_10	1549235780174	1549235780176	OK	 
REQUEST	12		request_10 Redirect 1	1549235780177	1549235780178	OK	 
REQUEST	12		request_10 Redirect 2	1549235780179	1549235780181	OK	 
USER	OrderTwoItems	12	END	1549235771935	1549235780181
USER	OrderTwoItems	26	START	1549235780432	1549235780432
REQUEST	26		Open Main Page	1549235780433	1549235780436	OK	 
REQUEST	26		Open Main Page Redirect 1	1549235780436	1549235780438	KO	status.find.in(200,201,202,203,204,205,206,207,208,209,304), found 404
REQUEST	21		Login as a Client	1549235779454	1549235780665	KO	status.find.in(200,201,202,203,204,205,206,207,208,209,304), found 401
REQUEST	16		Add Order	1549235780675	1549235780677	OK	 
REQUEST	16		Add Order Redirect 1	1549235780678	1549235780680	KO	status.find.in(200,201,202,203,204,205,206,207,208,209,304), found 404
REQUEST	13		request_10	1549235780684	1549235780685	OK	 
REQUEST	13		request_10 Redirect 1	1549235780685	1549235780686	OK	 
REQUEST	13		request_10 Redirect 2	1549235780687	1549235780688	OK	 
USER	OrderTwoItems	13	END	1549235772435	1549235780689
USER	OrderTwoItems	27	START	1549235780934	1549235780934
REQUEST	27		Open Main Page	1549235780934	1549235780937	OK	 
REQUEST	27		Open Main Page Redirect 1	1549235780938	1549235780940	KO	status.find.in(200,201,202,203,204,205,206,207,208,209,304), found 404
REQUEST	22		Login as a Client	1549235779954	1549235781160	OK	 
REQUEST	14		request_10	1549235781175	1549235781177	OK	 
REQUEST	14		request_10 Redirect 1	1549235781177	1549235781179	OK	 
REQUEST	17		Add Order	1549235781176	1549235781179	KO	status.find.in(200,201,202,203,204,205,206,207,208,209,304), found 400
REQUEST	14		request_10 Redirect 2	1549235781180	1549235781182	OK	 
USER	OrderTwoItems	14	END	1549235772935	1549235781183
USER	OrderTwoItems	28	START	1549235781435	1549235781435
REQUEST	28		Open Main Page	1549235781436	1549235781438	OK	 
REQUEST	28		Open Main Page Redirect 1	1549235781439	1549235781441	KO	status.find.in(200,201,202,203,204,205,206,207,208,209,304), found 404
REQUEST	23		Login as a Client	1549235780456	1549235781662	KO	status.find.in(200,201,202,203,204,205,206,207,208,209,304), found 401
REQUEST	18		Add Order	1549235781674	1549235781676	OK	 
REQUEST	18		Add Order Redirect 1	1549235781676	1549235781679	KO	status.find.in(200,201,202,203,204,205,206,207,208,209,304), found 404
REQUEST	15		request_10	1549235781685	1549235781686	OK	 
REQUEST	15		request_10 Redirect 1	1549235781687	1549235781688	OK	 
REQUEST	15		request_10 Redirect 2	1549235781688	1549235781690	OK	 
USER	OrderTwoItems	15	END	1549235773434	1549235781690
USER	OrderTwoItems	29	START	1549235781933	1549235781933
REQUEST	29		Open Main Page	1549235781934	1549235781937	OK	 
REQUEST	29		Open Main Page Redirect 1	1549235781937	1549235781939	KO	status.find.in(200,201,202,203,204,205,206,207,208,209,304), found 404
REQUEST	24		Login as a Client	1549235780955	1549235782166	KO	status.find.in(200,201,202,203,204,205,206,207,208,209,304), found 401
REQUEST	19		Add Order	1549235782165	1549235782167	OK	 
REQUEST	19		Add Order Redirect 1	1549235782167	1549235782170	KO	status.find.in(200,201,202,203,204,205,206,207,208,209,304), found 404
USER	OrderTwoItems	30	START	1549235782433	1549235782433
REQUEST	30		Open Main Page	1549235782434	1549235782436	OK	 
REQUEST	30		Open Main Page Redirect 1	1549235782437	1549235782439	KO	status.find.in(200,201,202,203,204,205,206,207,208,209,304), found 404
REQUEST	25		Login as a Client	1549235781465	1549235782677	OK	 
REQUEST	20		Add Order	1549235782673	1549235782677	KO	status.find.in(200,201,202,203,204,205,206,207,208,209,304), found 400
REQUEST	16		request_10	1549235782686	1549235782687	OK	 
REQUEST	16		request_10 Redirect 1	1549235782687	1549235782689	OK	 
REQUEST	16		request_10 Redirect 2	1549235782689	1549235782691	OK	 
USER	OrderTwoItems	16	END	1549235774435	1549235782692
REQUEST	17		request_10	1549235783175	1549235783177	OK	 
REQUEST	17		request_10 Redirect 1	1549235783177	1549235783179	OK	 
REQUEST	17		request_10 Redirect 2	1549235783179	1549235783181	OK	 
USER	OrderTwoItems	17	END	1549235774934	1549235783182
USER	OrderTwoItems	31	START	1549235783434	1549235783434
REQUEST	31		Open Main Page	1549235783435	1549235783437	OK	 
REQUEST	31		Open Main Page Redirect 1	1549235783437	1549235783440	KO	status.find.in(200,201,202,203,204,205,206,207,208,209,304), found 404
REQUEST	26		Login as a Client	1549235782455	1549235783666	KO	status.find.in(200,201,202,203,204,205,206,207,208,209,304), found 401
REQUEST	18		request_10	1549235783674	1549235783675	OK	 
REQUEST	21		Add Order	1549235783674	1549235783675	OK	 
REQUEST	18		request_10 Redirect 1	1549235783675	1549235783676	OK	 
REQUEST	21		Add Order Redirect 1	1549235783676	1549235783678	KO	status.find.in(200,201,202,203,204,205,206,207,208,209,304), found 404
REQUEST	18		request_10 Redirect 2	1549235783677	1549235783678	OK	 
USER	OrderTwoItems	18	END	1549235775433	1549235783679
USER	OrderTwoItems	32	START	1549235783933	1549235783933
REQUEST	32		Open Main Page	1549235783934	1549235783937	OK	 
REQUEST	32		Open Main Page Redirect 1	1549235783937	1549235783939	KO	status.find.in(200,201,202,203,204,205,206,207,208,209,304), found 404
REQUEST	27		Login as a Client	1549235782955	1549235784164	OK	 
REQUEST	22		Add Order	1549235784163	1549235784167	KO	status.find.in(200,201,202,203,204,205,206,207,208,209,304), found 400
REQUEST	19		request_10	1549235784176	1549235784177	OK	 
REQUEST	19		request_10 Redirect 1	1549235784177	1549235784178	OK	 
REQUEST	19		request_10 Redirect 2	1549235784179	1549235784181	OK	 
USER	OrderTwoItems	19	END	1549235775933	1549235784182
USER	OrderTwoItems	33	START	1549235784434	1549235784434
REQUEST	33		Open Main Page	1549235784434	1549235784437	OK	 
REQUEST	33		Open Main Page Redirect 1	1549235784437	1549235784440	KO	status.find.in(200,201,202,203,204,205,206,207,208,209,304), found 404
REQUEST	28		Login as a Client	1549235783456	1549235784663	KO	status.find.in(200,201,202,203,204,205,206,207,208,209,304), found 401
REQUEST	23		Add Order	1549235784663	1549235784665	OK	 
REQUEST	23		Add Order Redirect 1	1549235784665	1549235784668	KO	status.find.in(200,201,202,203,204,205,206,207,208,209,304), found 404
REQUEST	20		request_10	1549235784676	1549235784678	OK	 
REQUEST	20		request_10 Redirect 1	1549235784679	1549235784680	OK	 
REQUEST	20		request_10 Redirect 2	1549235784681	1549235784683	OK	 
USER	OrderTwoItems	20	END	1549235776433	1549235784684
USER	OrderTwoItems	34	START	1549235784933	1549235784933
REQUEST	34		Open Main Page	1549235784934	1549235784937	OK	 
REQUEST	34		Open Main Page Redirect 1	1549235784937	1549235784939	KO	status.find.in(200,201,202,203,204,205,206,207,208,209,304), found 404
REQUEST	29		Login as a Client	1549235783955	1549235785164	KO	status.find.in(200,201,202,203,204,205,206,207,208,209,304), found 401
REQUEST	24		Add Order	1549235785173	1549235785175	OK	 
REQUEST	24		Add Order Redirect 1	1549235785175	1549235785177	KO	status.find.in(200,201,202,203,204,205,206,207,208,209,304), found 404
USER	OrderTwoItems	35	START	1549235785435	1549235785435
REQUEST	35		Open Main Page	1549235785436	1549235785439	OK	 
REQUEST	35		Open Main Page Redirect 1	1549235785439	1549235785441	KO	status.find.in(200,201,202,203,204,205,206,207,208,209,304), found 404
REQUEST	30		Login as a Client	1549235784455	1549235785661	OK	 
REQUEST	21		request_10	1549235785675	1549235785677	OK	 
REQUEST	21		request_10 Redirect 1	1549235785677	1549235785679	OK	 
REQUEST	25		Add Order	1549235785675	1549235785679	KO	status.find.in(200,201,202,203,204,205,206,207,208,209,304), found 400
REQUEST	21		request_10 Redirect 2	1549235785679	1549235785682	OK	 
USER	OrderTwoItems	21	END	1549235777433	1549235785682
REQUEST	22		request_10	1549235786173	1549235786175	OK	 
REQUEST	22		request_10 Redirect 1	1549235786176	1549235786177	OK	 
REQUEST	22		request_10 Redirect 2	1549235786177	1549235786180	OK	 
USER	OrderTwoItems	22	END	1549235777934	1549235786180
USER	OrderTwoItems	36	START	1549235786434	1549235786434
REQUEST	36		Open Main Page	1549235786435	1549235786437	OK	 
REQUEST	36		Open Main Page Redirect 1	1549235786438	1549235786440	KO	status.find.in(200,201,202,203,204,205,206,207,208,209,304), found 404
REQUEST	31		Login as a Client	1549235785453	1549235786662	KO	status.find.in(200,201,202,203,204,205,206,207,208,209,304), found 401
REQUEST	23		request_10	1549235786676	1549235786677	OK	 
REQUEST	26		Add Order	1549235786676	1549235786677	OK	 
REQUEST	23		request_10 Redirect 1	1549235786677	1549235786679	OK	 
REQUEST	26		Add Order Redirect 1	1549235786678	1549235786680	KO	status.find.in(200,201,202,203,204,205,206,207,208,209,304), found 404
REQUEST	23		request_10 Redirect 2	1549235786679	1549235786682	OK	 
USER	OrderTwoItems	23	END	1549235778433	1549235786682
USER	OrderTwoItems	37	START	1549235786932	1549235786932
REQUEST	37		Open Main Page	1549235786933	1549235786936	OK	 
REQUEST	37		Open Main Page Redirect 1	1549235786936	1549235786938	KO	status.find.in(200,201,202,203,204,205,206,207,208,209,304), found 404
REQUEST	32		Login as a Client	1549235785956	1549235787163	OK	 
REQUEST	24		request_10	1549235787174	1549235787175	OK	 
REQUEST	24		request_10 Redirect 1	1549235787176	1549235787177	OK	 
REQUEST	27		Add Order	1549235787174	1549235787177	KO	status.find.in(200,201,202,203,204,205,206,207,208,209,304), found 400
REQUEST	24		request_10 Redirect 2	1549235787177	1549235787179	OK	 
USER	OrderTwoItems	24	END	1549235778933	1549235787180
USER	OrderTwoItems	38	START	1549235787434	1549235787434
REQUEST	38		Open Main Page	1549235787435	1549235787438	OK	 
REQUEST	38		Open Main Page Redirect 1	1549235787438	1549235787440	KO	status.find.in(200,201,202,203,204,205,206,207,208,209,304), found 404
REQUEST	33		Login as a Client	1549235786455	1549235787664	KO	status.find.in(200,201,202,203,204,205,206,207,208,209,304), found 401
REQUEST	28		Add Order	1549235787675	1549235787677	OK	 
REQUEST	25		request_10	1549235787675	1549235787677	OK	 
REQUEST	25		request_10 Redirect 1	1549235787678	1549235787679	OK	 
REQUEST	28		Add Order Redirect 1	1549235787677	1549235787680	KO	status.find.in(200,201,202,203,204,205,206,207,208,209,304), found 404
REQUEST	25		request_10 Redirect 2	1549235787680	1549235787682	OK	 
USER	OrderTwoItems	25	END	1549235779433	1549235787683
USER	OrderTwoItems	39	START	1549235787933	1549235787933
REQUEST	39		Open Main Page	1549235787934	1549235787941	OK	 
REQUEST	39		Open Main Page Redirect 1	1549235787941	1549235787943	KO	status.find.in(200,201,202,203,204,205,206,207,208,209,304), found 404
REQUEST	34		Login as a Client	1549235786956	1549235788163	KO	status.find.in(200,201,202,203,204,205,206,207,208,209,304), found 401
REQUEST	29		Add Order	1549235788176	1549235788177	OK	 
REQUEST	29		Add Order Redirect 1	1549235788178	1549235788180	KO	status.find.in(200,201,202,203,204,205,206,207,208,209,304), found 404
USER	OrderTwoItems	40	START	1549235788434	1549235788434
REQUEST	40		Open Main Page	1549235788435	1549235788437	OK	 
REQUEST	40		Open Main Page Redirect 1	1549235788437	1549235788440	KO	status.find.in(200,201,202,203,204,205,206,207,208,209,304), found 404
REQUEST	35		Login as a Client	1549235787455	1549235788666	OK	 
REQUEST	30		Add Order	1549235788665	1549235788669	KO	status.find.in(200,201,202,203,204,205,206,207,208,209,304), found 400
REQUEST	26		request_10	1549235788675	1549235788676	OK	 
REQUEST	26		request_10 Redirect 1	1549235788676	1549235788677	OK	 
REQUEST	26		request_10 Redirect 2	1549235788677	1549235788679	OK	 
USER	OrderTwoItems	26	END	1549235780432	1549235788679
REQUEST	27		request_10	1549235789175	1549235789178	OK	 
REQUEST	27		request_10 Redirect 1	1549235789178	1549235789179	OK	 
REQUEST	27		request_10 Redirect 2	1549235789180	1549235789182	OK	 
USER	OrderTwoItems	27	END	1549235780934	1549235789182
USER	OrderTwoItems	41	START	1549235789433	1549235789433
REQUEST	41		Open Main Page	1549235789434	1549235789436	OK	 
REQUEST	41		Open Main Page Redirect 1	1549235789437	1549235789440	KO	status.find.in(200,201,202,203,204,205,206,207,208,209,304), found 404
REQUEST	31		Add Order	1549235789663	1549235789664	OK	 
REQUEST	36		Login as a Client	1549235788455	1549235789667	KO	status.find.in(200,201,202,203,204,205,206,207,208,209,304), found 401
REQUEST	31		Add Order Redirect 1	1549235789665	1549235789667	KO	status.find.in(200,201,202,203,204,205,206,207,208,209,304), found 404
REQUEST	28		request_10	1549235789673	1549235789674	OK	 
REQUEST	28		request_10 Redirect 1	1549235789675	1549235789676	OK	 
REQUEST	28		request_10 Redirect 2	1549235789676	1549235789678	OK	 
USER	OrderTwoItems	28	END	1549235781435	1549235789679
USER	OrderTwoItems	42	START	1549235789935	1549235789935
REQUEST	42		Open Main Page	1549235789936	1549235789939	OK	 
REQUEST	42		Open Main Page Redirect 1	1549235789939	1549235789942	KO	status.find.in(200,201,202,203,204,205,206,207,208,209,304), found 404
REQUEST	37		Login as a Client	1549235788956	1549235790161	OK	 
REQUEST	29		request_10	1549235790174	1549235790175	OK	 
REQUEST	29		request_10 Redirect 1	1549235790175	1549235790176	OK	 
REQUEST	32		Add Order	1549235790174	1549235790177	KO	status.find.in(200,201,202,203,204,205,206,207,208,209,304), found 400
REQUEST	29		request_10 Redirect 2	1549235790176	1549235790178	OK	 
USER	OrderTwoItems	29	END	1549235781933	1549235790178
USER	OrderTwoItems	43	START	1549235790435	1549235790435
REQUEST	43		Open Main Page	1549235790436	1549235790439	OK	 
REQUEST	43		Open Main Page Redirect 1	1549235790440	1549235790442	KO	status.find.in(200,201,202,203,204,205,206,207,208,209,304), found 404
REQUEST	38		Login as a Client	1549235789453	1549235790658	KO	status.find.in(200,201,202,203,204,205,206,207,208,209,304), found 401
REQUEST	30		request_10	1549235790663	1549235790665	OK	 
REQUEST	30		request_10 Redirect 1	1549235790665	1549235790666	OK	 
REQUEST	30		request_10 Redirect 2	1549235790667	1549235790668	OK	 
USER	OrderTwoItems	30	END	1549235782433	1549235790668
REQUEST	33		Add Order	1549235790675	1549235790676	OK	 
REQUEST	33		Add Order Redirect 1	1549235790677	1549235790679	KO	status.find.in(200,201,202,203,204,205,206,207,208,209,304), found 404
USER	OrderTwoItems	44	START	1549235790936	1549235790936
REQUEST	44		Open Main Page	1549235790936	1549235790939	OK	 
REQUEST	44		Open Main Page Redirect 1	1549235790939	1549235790941	KO	status.find.in(200,201,202,203,204,205,206,207,208,209,304), found 404
REQUEST	39		Login as a Client	1549235789965	1549235791175	KO	status.find.in(200,201,202,203,204,205,206,207,208,209,304), found 401
REQUEST	34		Add Order	1549235791175	1549235791177	OK	 
REQUEST	34		Add Order Redirect 1	1549235791177	1549235791194	KO	status.find.in(200,201,202,203,204,205,206,207,208,209,304), found 404
USER	OrderTwoItems	45	START	1549235791434	1549235791434
REQUEST	45		Open Main Page	1549235791435	1549235791437	OK	 
REQUEST	45		Open Main Page Redirect 1	1549235791438	1549235791440	KO	status.find.in(200,201,202,203,204,205,206,207,208,209,304), found 404
REQUEST	40		Login as a Client	1549235790455	1549235791665	OK	 
REQUEST	31		request_10	1549235791676	1549235791677	OK	 
REQUEST	31		request_10 Redirect 1	1549235791678	1549235791679	OK	 
REQUEST	35		Add Order	1549235791676	1549235791679	KO	status.find.in(200,201,202,203,204,205,206,207,208,209,304), found 400
REQUEST	31		request_10 Redirect 2	1549235791680	1549235791682	OK	 
USER	OrderTwoItems	31	END	1549235783434	1549235791682
REQUEST	32		request_10	1549235792176	1549235792178	OK	 
REQUEST	32		request_10 Redirect 1	1549235792178	1549235792180	OK	 
REQUEST	32		request_10 Redirect 2	1549235792180	1549235792182	OK	 
USER	OrderTwoItems	32	END	1549235783933	1549235792182
USER	OrderTwoItems	46	START	1549235792434	1549235792434
REQUEST	46		Open Main Page	1549235792435	1549235792437	OK	 
REQUEST	46		Open Main Page Redirect 1	1549235792438	1549235792440	KO	status.find.in(200,201,202,203,204,205,206,207,208,209,304), found 404
REQUEST	41		Login as a Client	1549235791455	1549235792669	KO	status.find.in(200,201,202,203,204,205,206,207,208,209,304), found 401
REQUEST	33		request_10	1549235792676	1549235792677	OK	 
REQUEST	36		Add Order	1549235792676	1549235792677	OK	 
REQUEST	33		request_10 Redirect 1	1549235792677	1549235792678	OK	 
REQUEST	36		Add Order Redirect 1	1549235792677	1549235792678	KO	status.find.in(200,201,202,203,204,205,206,207,208,209,304), found 404
REQUEST	33		request_10 Redirect 2	1549235792678	1549235792679	OK	 
USER	OrderTwoItems	33	END	1549235784434	1549235792679
USER	OrderTwoItems	47	START	1549235792934	1549235792934
REQUEST	47		Open Main Page	1549235792935	1549235792937	OK	 
REQUEST	47		Open Main Page Redirect 1	1549235792937	1549235792939	KO	status.find.in(200,201,202,203,204,205,206,207,208,209,304), found 404
REQUEST	42		Login as a Client	1549235791954	1549235793166	OK	 
REQUEST	37		Add Order	1549235793165	1549235793168	KO	status.find.in(200,201,202,203,204,205,206,207,208,209,304), found 400
REQUEST	34		request_10	1549235793194	1549235793195	OK	 
REQUEST	34		request_10 Redirect 1	1549235793196	1549235793196	OK	 
REQUEST	34		request_10 Redirect 2	1549235793197	1549235793198	OK	 
USER	OrderTwoItems	34	END	1549235784933	1549235793199
USER	OrderTwoItems	48	START	1549235793435	1549235793435
REQUEST	48		Open Main Page	1549235793436	1549235793438	OK	 
REQUEST	48		Open Main Page Redirect 1	1549235793438	1549235793440	KO	status.find.in(200,201,202,203,204,205,206,207,208,209,304), found 404
REQUEST	43		Login as a Client	1549235792456	1549235793661	KO	status.find.in(200,201,202,203,204,205,206,207,208,209,304), found 401
REQUEST	38		Add Order	1549235793666	1549235793667	OK	 
REQUEST	38		Add Order Redirect 1	1549235793668	1549235793670	KO	status.find.in(200,201,202,203,204,205,206,207,208,209,304), found 404
REQUEST	35		request_10	1549235793675	1549235793677	OK	 
REQUEST	35		request_10 Redirect 1	1549235793678	1549235793679	OK	 
REQUEST	35		request_10 Redirect 2	1549235793679	1549235793681	OK	 
USER	OrderTwoItems	35	END	1549235785435	1549235793681
USER	OrderTwoItems	49	START	1549235793933	1549235793933
REQUEST	49		Open Main Page	1549235793934	1549235793936	OK	 
REQUEST	49		Open Main Page Redirect 1	1549235793937	1549235793939	KO	status.find.in(200,201,202,203,204,205,206,207,208,209,304), found 404
REQUEST	44		Login as a Client	1549235792955	1549235794166	KO	status.find.in(200,201,202,203,204,205,206,207,208,209,304), found 401
REQUEST	39		Add Order	1549235794175	1549235794177	OK	 
REQUEST	39		Add Order Redirect 1	1549235794177	1549235794179	KO	status.find.in(200,201,202,203,204,205,206,207,208,209,304), found 404
USER	OrderTwoItems	50	START	1549235794434	1549235794434
REQUEST	50		Open Main Page	1549235794435	1549235794437	OK	 
REQUEST	50		Open Main Page Redirect 1	1549235794438	1549235794440	KO	status.find.in(200,201,202,203,204,205,206,207,208,209,304), found 404
REQUEST	45		Login as a Client	1549235793455	1549235794666	OK	 
REQUEST	36		request_10	1549235794674	1549235794675	OK	 
REQUEST	36		request_10 Redirect 1	1549235794676	1549235794677	OK	 
REQUEST	40		Add Order	1549235794675	1549235794677	KO	status.find.in(200,201,202,203,204,205,206,207,208,209,304), found 400
REQUEST	36		request_10 Redirect 2	1549235794677	1549235794679	OK	 
USER	OrderTwoItems	36	END	1549235786434	1549235794679
REQUEST	37		request_10	1549235795164	1549235795166	OK	 
REQUEST	37		request_10 Redirect 1	1549235795167	1549235795168	OK	 
REQUEST	37		request_10 Redirect 2	1549235795169	1549235795171	OK	 
USER	OrderTwoItems	37	END	1549235786932	1549235795171
USER	OrderTwoItems	51	START	1549235795433	1549235795433
REQUEST	51		Open Main Page	1549235795433	1549235795436	OK	 
REQUEST	51		Open Main Page Redirect 1	1549235795436	1549235795438	KO	status.find.in(200,201,202,203,204,205,206,207,208,209,304), found 404
REQUEST	38		request_10	1549235795663	1549235795664	OK	 
REQUEST	38		request_10 Redirect 1	1549235795665	1549235795665	OK	 
REQUEST	46		Login as a Client	1549235794453	1549235795666	KO	status.find.in(200,201,202,203,204,205,206,207,208,209,304), found 401
REQUEST	38		request_10 Redirect 2	1549235795666	1549235795667	OK	 
USER	OrderTwoItems	38	END	1549235787434	1549235795668
REQUEST	41		Add Order	1549235795675	1549235795676	OK	 
REQUEST	41		Add Order Redirect 1	1549235795677	1549235795679	KO	status.find.in(200,201,202,203,204,205,206,207,208,209,304), found 404
USER	OrderTwoItems	52	START	1549235795933	1549235795933
REQUEST	52		Open Main Page	1549235795934	1549235795939	OK	 
REQUEST	52		Open Main Page Redirect 1	1549235795939	1549235795941	KO	status.find.in(200,201,202,203,204,205,206,207,208,209,304), found 404
REQUEST	47		Login as a Client	1549235794955	1549235796161	OK	 
REQUEST	39		request_10	1549235796175	1549235796177	OK	 
REQUEST	39		request_10 Redirect 1	1549235796177	1549235796179	OK	 
REQUEST	42		Add Order	1549235796176	1549235796179	KO	status.find.in(200,201,202,203,204,205,206,207,208,209,304), found 400
REQUEST	39		request_10 Redirect 2	1549235796179	1549235796181	OK	 
USER	OrderTwoItems	39	END	1549235787933	1549235796181
USER	OrderTwoItems	53	START	1549235796434	1549235796434
REQUEST	53		Open Main Page	1549235796435	1549235796438	OK	 
REQUEST	53		Open Main Page Redirect 1	1549235796438	1549235796440	KO	status.find.in(200,201,202,203,204,205,206,207,208,209,304), found 404
REQUEST	48		Login as a Client	1549235795454	1549235796664	KO	status.find.in(200,201,202,203,204,205,206,207,208,209,304), found 401
REQUEST	43		Add Order	1549235796664	1549235796666	OK	 
REQUEST	43		Add Order Redirect 1	1549235796666	1549235796668	KO	status.find.in(200,201,202,203,204,205,206,207,208,209,304), found 404
REQUEST	40		request_10	1549235796676	1549235796678	OK	 
REQUEST	40		request_10 Redirect 1	1549235796679	1549235796680	OK	 
REQUEST	40		request_10 Redirect 2	1549235796680	1549235796682	OK	 
USER	OrderTwoItems	40	END	1549235788434	1549235796683
USER	OrderTwoItems	54	START	1549235796935	1549235796935
REQUEST	54		Open Main Page	1549235796936	1549235796938	OK	 
REQUEST	54		Open Main Page Redirect 1	1549235796938	1549235796940	KO	status.find.in(200,201,202,203,204,205,206,207,208,209,304), found 404
REQUEST	49		Login as a Client	1549235795953	1549235797164	KO	status.find.in(200,201,202,203,204,205,206,207,208,209,304), found 401
REQUEST	44		Add Order	1549235797173	1549235797175	OK	 
REQUEST	44		Add Order Redirect 1	1549235797175	1549235797177	KO	status.find.in(200,201,202,203,204,205,206,207,208,209,304), found 404
USER	OrderTwoItems	55	START	1549235797435	1549235797435
REQUEST	55		Open Main Page	1549235797436	1549235797438	OK	 
REQUEST	55		Open Main Page Redirect 1	1549235797438	1549235797440	KO	status.find.in(200,201,202,203,204,205,206,207,208,209,304), found 404
REQUEST	50		Login as a Client	1549235796454	1549235797662	OK	 
REQUEST	41		request_10	1549235797673	1549235797674	OK	 
REQUEST	41		request_10 Redirect 1	1549235797674	1549235797675	OK	 
REQUEST	45		Add Order	1549235797673	1549235797676	KO	status.find.in(200,201,202,203,204,205,206,207,208,209,304), found 400
REQUEST	41		request_10 Redirect 2	1549235797675	1549235797677	OK	 
USER	OrderTwoItems	41	END	1549235789433	1549235797677
REQUEST	42		request_10	1549235798175	1549235798177	OK	 
REQUEST	42		request_10 Redirect 1	1549235798178	1549235798179	OK	 
REQUEST	42		request_10 Redirect 2	1549235798179	1549235798181	OK	 
USER	OrderTwoItems	42	END	1549235789935	1549235798182
USER	OrderTwoItems	56	START	1549235798435	1549235798435
REQUEST	56		Open Main Page	1549235798436	1549235798438	OK	 
REQUEST	56		Open Main Page Redirect 1	1549235798438	1549235798440	KO	status.find.in(200,201,202,203,204,205,206,207,208,209,304), found 404
REQUEST	51		Login as a Client	1549235797455	1549235798665	KO	status.find.in(200,201,202,203,204,205,206,207,208,209,304), found 401
REQUEST	43		request_10	1549235798673	1549235798674	OK	 
REQUEST	46		Add Order	1549235798673	1549235798675	OK	 
REQUEST	43		request_10 Redirect 1	1549235798675	1549235798676	OK	 
REQUEST	46		Add Order Redirect 1	1549235798675	1549235798677	KO	status.find.in(200,201,202,203,204,205,206,207,208,209,304), found 404
REQUEST	43		request_10 Redirect 2	1549235798676	1549235798679	OK	 
USER	OrderTwoItems	43	END	1549235790435	1549235798679
USER	OrderTwoItems	57	START	1549235798934	1549235798934
REQUEST	57		Open Main Page	1549235798935	1549235798937	OK	 
REQUEST	57		Open Main Page Redirect 1	1549235798938	1549235798940	KO	status.find.in(200,201,202,203,204,205,206,207,208,209,304), found 404
REQUEST	52		Login as a Client	1549235797954	1549235799167	OK	 
REQUEST	47		Add Order	1549235799166	1549235799169	KO	status.find.in(200,201,202,203,204,205,206,207,208,209,304), found 400
REQUEST	44		request_10	1549235799174	1549235799175	OK	 
REQUEST	44		request_10 Redirect 1	1549235799175	1549235799176	OK	 
REQUEST	44		request_10 Redirect 2	1549235799176	1549235799178	OK	 
USER	OrderTwoItems	44	END	1549235790936	1549235799178
USER	OrderTwoItems	58	START	1549235799433	1549235799433
REQUEST	58		Open Main Page	1549235799439	1549235799441	OK	 
REQUEST	58		Open Main Page Redirect 1	1549235799441	1549235799443	KO	status.find.in(200,201,202,203,204,205,206,207,208,209,304), found 404
REQUEST	53		Login as a Client	1549235798456	1549235799665	KO	status.find.in(200,201,202,203,204,205,206,207,208,209,304), found 401
REQUEST	48		Add Order	1549235799675	1549235799677	OK	 
REQUEST	45		request_10	1549235799675	1549235799677	OK	 
REQUEST	45		request_10 Redirect 1	1549235799678	1549235799679	OK	 
REQUEST	48		Add Order Redirect 1	1549235799677	1549235799679	KO	status.find.in(200,201,202,203,204,205,206,207,208,209,304), found 404
REQUEST	45		request_10 Redirect 2	1549235799679	1549235799682	OK	 
USER	OrderTwoItems	45	END	1549235791434	1549235799682
USER	OrderTwoItems	59	START	1549235799932	1549235799932
REQUEST	59		Open Main Page	1549235799933	1549235799935	OK	 
REQUEST	59		Open Main Page Redirect 1	1549235799936	1549235799938	KO	status.find.in(200,201,202,203,204,205,206,207,208,209,304), found 404
REQUEST	54		Login as a Client	1549235798955	1549235800159	KO	status.find.in(200,201,202,203,204,205,206,207,208,209,304), found 401
REQUEST	49		Add Order	1549235800175	1549235800176	OK	 
REQUEST	49		Add Order Redirect 1	1549235800177	1549235800179	KO	status.find.in(200,201,202,203,204,205,206,207,208,209,304), found 404
USER	OrderTwoItems	60	START	1549235800436	1549235800436
REQUEST	60		Open Main Page	1549235800436	1549235800438	OK	 
REQUEST	60		Open Main Page Redirect 1	1549235800439	1549235800441	KO	status.find.in(200,201,202,203,204,205,206,207,208,209,304), found 404
REQUEST	55		Login as a Client	1549235799456	1549235800662	OK	 
REQUEST	50		Add Order	1549235800664	1549235800666	KO	status.find.in(200,201,202,203,204,205,206,207,208,209,304), found 400
REQUEST	46		request_10	1549235800675	1549235800676	OK	 
REQUEST	46		request_10 Redirect 1	1549235800677	1549235800678	OK	 
REQUEST	46		request_10 Redirect 2	1549235800678	1549235800680	OK	 
USER	OrderTwoItems	46	END	1549235792434	1549235800680
REQUEST	47		request_10	1549235801175	1549235801177	OK	 
REQUEST	47		request_10 Redirect 1	1549235801177	1549235801178	OK	 
REQUEST	47		request_10 Redirect 2	1549235801179	1549235801180	OK	 
USER	OrderTwoItems	47	END	1549235792934	1549235801181
USER	OrderTwoItems	61	START	1549235801435	1549235801435
REQUEST	61		Open Main Page	1549235801436	1549235801438	OK	 
REQUEST	61		Open Main Page Redirect 1	1549235801438	1549235801450	KO	status.find.in(200,201,202,203,204,205,206,207,208,209,304), found 404
REQUEST	56		Login as a Client	1549235800455	1549235801665	KO	status.find.in(200,201,202,203,204,205,206,207,208,209,304), found 401
REQUEST	48		request_10	1549235801675	1549235801676	OK	 
REQUEST	51		Add Order	1549235801675	1549235801677	OK	 
REQUEST	48		request_10 Redirect 1	1549235801677	1549235801678	OK	 
REQUEST	51		Add Order Redirect 1	1549235801677	1549235801679	KO	status.find.in(200,201,202,203,204,205,206,207,208,209,304), found 404
REQUEST	48		request_10 Redirect 2	1549235801678	1549235801680	OK	 
USER	OrderTwoItems	48	END	1549235793435	1549235801680
USER	OrderTwoItems	62	START	1549235801933	1549235801933
REQUEST	62		Open Main Page	1549235801934	1549235801936	OK	 
REQUEST	62		Open Main Page Redirect 1	1549235801936	1549235801939	KO	status.find.in(200,201,202,203,204,205,206,207,208,209,304), found 404
REQUEST	57		Login as a Client	1549235800956	1549235802168	OK	 
REQUEST	49		request_10	1549235802175	1549235802176	OK	 
REQUEST	49		request_10 Redirect 1	1549235802177	1549235802177	OK	 
REQUEST	52		Add Order	1549235802175	1549235802178	KO	status.find.in(200,201,202,203,204,205,206,207,208,209,304), found 400
REQUEST	49		request_10 Redirect 2	1549235802178	1549235802180	OK	 
USER	OrderTwoItems	49	END	1549235793933	1549235802180
USER	OrderTwoItems	63	START	1549235802435	1549235802435
REQUEST	63		Open Main Page	1549235802436	1549235802438	OK	 
REQUEST	63		Open Main Page Redirect 1	1549235802438	1549235802440	KO	status.find.in(200,201,202,203,204,205,206,207,208,209,304), found 404
REQUEST	58		Login as a Client	1549235801466	1549235802677	KO	status.find.in(200,201,202,203,204,205,206,207,208,209,304), found 401
REQUEST	53		Add Order	1549235802675	1549235802677	OK	 
REQUEST	50		request_10	1549235802675	1549235802677	OK	 
REQUEST	50		request_10 Redirect 1	1549235802678	1549235802679	OK	 
REQUEST	53		Add Order Redirect 1	1549235802677	1549235802680	KO	status.find.in(200,201,202,203,204,205,206,207,208,209,304), found 404
REQUEST	50		request_10 Redirect 2	1549235802679	1549235802681	OK	 
USER	OrderTwoItems	50	END	1549235794434	1549235802682
USER	OrderTwoItems	64	START	1549235802934	1549235802934
REQUEST	64		Open Main Page	1549235802935	1549235802937	OK	 
REQUEST	64		Open Main Page Redirect 1	1549235802937	1549235802939	KO	status.find.in(200,201,202,203,204,205,206,207,208,209,304), found 404
REQUEST	59		Login as a Client	1549235801956	1549235803166	KO	status.find.in(200,201,202,203,204,205,206,207,208,209,304), found 401
REQUEST	54		Add Order	1549235803165	1549235803167	OK	 
REQUEST	54		Add Order Redirect 1	1549235803167	1549235803169	KO	status.find.in(200,201,202,203,204,205,206,207,208,209,304), found 404
USER	OrderTwoItems	65	START	1549235803433	1549235803433
REQUEST	65		Open Main Page	1549235803434	1549235803436	OK	 
REQUEST	65		Open Main Page Redirect 1	1549235803436	1549235803438	KO	status.find.in(200,201,202,203,204,205,206,207,208,209,304), found 404
REQUEST	60		Login as a Client	1549235802454	1549235803666	OK	 
REQUEST	55		Add Order	1549235803665	1549235803668	KO	status.find.in(200,201,202,203,204,205,206,207,208,209,304), found 400
REQUEST	51		request_10	1549235803675	1549235803676	OK	 
REQUEST	51		request_10 Redirect 1	1549235803676	1549235803677	OK	 
REQUEST	51		request_10 Redirect 2	1549235803677	1549235803679	OK	 
USER	OrderTwoItems	51	END	1549235795433	1549235803680
REQUEST	52		request_10	1549235804175	1549235804177	OK	 
REQUEST	52		request_10 Redirect 1	1549235804178	1549235804179	OK	 
REQUEST	52		request_10 Redirect 2	1549235804179	1549235804181	OK	 
USER	OrderTwoItems	52	END	1549235795933	1549235804181
USER	OrderTwoItems	66	START	1549235804434	1549235804434
REQUEST	66		Open Main Page	1549235804435	1549235804437	OK	 
REQUEST	66		Open Main Page Redirect 1	1549235804437	1549235804439	KO	status.find.in(200,201,202,203,204,205,206,207,208,209,304), found 404
REQUEST	61		Login as a Client	1549235803462	1549235804672	KO	status.find.in(200,201,202,203,204,205,206,207,208,209,304), found 401
REQUEST	53		request_10	1549235804675	1549235804676	OK	 
REQUEST	56		Add Order	1549235804675	1549235804676	OK	 
REQUEST	53		request_10 Redirect 1	1549235804676	1549235804677	OK	 
REQUEST	56		Add Order Redirect 1	1549235804677	1549235804679	KO	status.find.in(200,201,202,203,204,205,206,207,208,209,304), found 404
REQUEST	53		request_10 Redirect 2	1549235804678	1549235804679	OK	 
USER	OrderTwoItems	53	END	1549235796434	1549235804680
USER	OrderTwoItems	67	START	1549235804934	1549235804934
REQUEST	67		Open Main Page	1549235804935	1549235804937	OK	 
REQUEST	67		Open Main Page Redirect 1	1549235804938	1549235804940	KO	status.find.in(200,201,202,203,204,205,206,207,208,209,304), found 404
REQUEST	54		request_10	1549235805164	1549235805165	OK	 
REQUEST	62		Login as a Client	1549235803955	1549235805166	OK	 
REQUEST	54		request_10 Redirect 1	1549235805166	1549235805167	OK	 
REQUEST	54		request_10 Redirect 2	1549235805167	1549235805169	OK	 
USER	OrderTwoItems	54	END	1549235796935	1549235805169
REQUEST	57		Add Order	1549235805175	1549235805178	KO	status.find.in(200,201,202,203,204,205,206,207,208,209,304), found 400
USER	OrderTwoItems	68	START	1549235805435	1549235805435
REQUEST	68		Open Main Page	1549235805436	1549235805438	OK	 
REQUEST	68		Open Main Page Redirect 1	1549235805438	1549235805440	KO	status.find.in(200,201,202,203,204,205,206,207,208,209,304), found 404
REQUEST	63		Login as a Client	1549235804455	1549235805660	KO	status.find.in(200,201,202,203,204,205,206,207,208,209,304), found 401
REQUEST	58		Add Order	1549235805675	1549235805676	OK	 
REQUEST	55		request_10	1549235805675	1549235805677	OK	 
REQUEST	55		request_10 Redirect 1	1549235805678	1549235805679	OK	 
REQUEST	58		Add Order Redirect 1	1549235805677	1549235805679	KO	status.find.in(200,201,202,203,204,205,206,207,208,209,304), found 404
REQUEST	55		request_10 Redirect 2	1549235805680	1549235805682	OK	 
USER	OrderTwoItems	55	END	1549235797435	1549235805682
USER	OrderTwoItems	69	START	1549235805933	1549235805933
REQUEST	69		Open Main Page	1549235805934	1549235805936	OK	 
REQUEST	69		Open Main Page Redirect 1	1549235805936	1549235805938	KO	status.find.in(200,201,202,203,204,205,206,207,208,209,304), found 404
REQUEST	64		Login as a Client	1549235804955	1549235806164	KO	status.find.in(200,201,202,203,204,205,206,207,208,209,304), found 401
REQUEST	59		Add Order	1549235806174	1549235806176	OK	 
REQUEST	59		Add Order Redirect 1	1549235806176	1549235806178	KO	status.find.in(200,201,202,203,204,205,206,207,208,209,304), found 404
USER	OrderTwoItems	70	START	1549235806432	1549235806432
REQUEST	70		Open Main Page	1549235806433	1549235806435	OK	 
REQUEST	70		Open Main Page Redirect 1	1549235806435	1549235806437	KO	status.find.in(200,201,202,203,204,205,206,207,208,209,304), found 404
REQUEST	65		Login as a Client	1549235805455	1549235806665	OK	 
REQUEST	56		request_10	1549235806674	1549235806675	OK	 
REQUEST	56		request_10 Redirect 1	1549235806676	1549235806677	OK	 
REQUEST	60		Add Order	1549235806674	1549235806678	KO	status.find.in(200,201,202,203,204,205,206,207,208,209,304), found 400
REQUEST	56		request_10 Redirect 2	1549235806677	1549235806679	OK	 
USER	OrderTwoItems	56	END	1549235798435	1549235806680
REQUEST	57		request_10	1549235807175	1549235807177	OK	 
REQUEST	57		request_10 Redirect 1	1549235807178	1549235807179	OK	 
REQUEST	57		request_10 Redirect 2	1549235807179	1549235807181	OK	 
USER	OrderTwoItems	57	END	1549235798934	1549235807182
USER	OrderTwoItems	71	START	1549235807433	1549235807433
REQUEST	71		Open Main Page	1549235807434	1549235807436	OK	 
REQUEST	71		Open Main Page Redirect 1	1549235807436	1549235807438	KO	status.find.in(200,201,202,203,204,205,206,207,208,209,304), found 404
REQUEST	66		Login as a Client	1549235806453	1549235807665	KO	status.find.in(200,201,202,203,204,205,206,207,208,209,304), found 401
REQUEST	58		request_10	1549235807675	1549235807676	OK	 
REQUEST	61		Add Order	1549235807675	1549235807676	OK	 
REQUEST	58		request_10 Redirect 1	1549235807676	1549235807677	OK	 
REQUEST	61		Add Order Redirect 1	1549235807676	1549235807678	KO	status.find.in(200,201,202,203,204,205,206,207,208,209,304), found 404
REQUEST	58		request_10 Redirect 2	1549235807677	1549235807679	OK	 
USER	OrderTwoItems	58	END	1549235799433	1549235807679
USER	OrderTwoItems	72	START	1549235807933	1549235807933
REQUEST	72		Open Main Page	1549235807934	1549235807936	OK	 
REQUEST	72		Open Main Page Redirect 1	1549235807936	1549235807938	KO	status.find.in(200,201,202,203,204,205,206,207,208,209,304), found 404
REQUEST	67		Login as a Client	1549235806955	1549235808163	OK	 
REQUEST	59		request_10	1549235808174	1549235808175	OK	 
REQUEST	59		request_10 Redirect 1	1549235808175	1549235808176	OK	 
REQUEST	62		Add Order	1549235808174	1549235808177	KO	status.find.in(200,201,202,203,204,205,206,207,208,209,304), found 400
REQUEST	59		request_10 Redirect 2	1549235808176	1549235808178	OK	 
USER	OrderTwoItems	59	END	1549235799932	1549235808178
USER	OrderTwoItems	73	START	1549235808433	1549235808433
REQUEST	73		Open Main Page	1549235808434	1549235808436	OK	 
REQUEST	73		Open Main Page Redirect 1	1549235808436	1549235808438	KO	status.find.in(200,201,202,203,204,205,206,207,208,209,304), found 404
REQUEST	63		Add Order	1549235808663	1549235808665	OK	 
REQUEST	68		Login as a Client	1549235807456	1549235808668	KO	status.find.in(200,201,202,203,204,205,206,207,208,209,304), found 401
REQUEST	63		Add Order Redirect 1	1549235808665	1549235808667	KO	status.find.in(200,201,202,203,204,205,206,207,208,209,304), found 404
REQUEST	60		request_10	1549235808673	1549235808675	OK	 
REQUEST	60		request_10 Redirect 1	1549235808675	1549235808676	OK	 
REQUEST	60		request_10 Redirect 2	1549235808676	1549235808678	OK	 
USER	OrderTwoItems	60	END	1549235800436	1549235808678
USER	OrderTwoItems	74	START	1549235808932	1549235808932
REQUEST	74		Open Main Page	1549235808933	1549235808935	OK	 
REQUEST	74		Open Main Page Redirect 1	1549235808936	1549235808937	KO	status.find.in(200,201,202,203,204,205,206,207,208,209,304), found 404
REQUEST	69		Login as a Client	1549235807955	1549235809166	KO	status.find.in(200,201,202,203,204,205,206,207,208,209,304), found 401
REQUEST	64		Add Order	1549235809173	1549235809174	OK	 
REQUEST	64		Add Order Redirect 1	1549235809175	1549235809177	KO	status.find.in(200,201,202,203,204,205,206,207,208,209,304), found 404
USER	OrderTwoItems	75	START	1549235809434	1549235809434
REQUEST	75		Open Main Page	1549235809435	1549235809437	OK	 
REQUEST	75		Open Main Page Redirect 1	1549235809437	1549235809439	KO	status.find.in(200,201,202,203,204,205,206,207,208,209,304), found 404
REQUEST	70		Login as a Client	1549235808454	1549235809664	OK	 
REQUEST	65		Add Order	1549235809675	1549235809678	KO	status.find.in(200,201,202,203,204,205,206,207,208,209,304), found 400
REQUEST	61		request_10	1549235809685	1549235809686	OK	 
REQUEST	61		request_10 Redirect 1	1549235809686	1549235809687	OK	 
REQUEST	61		request_10 Redirect 2	1549235809688	1549235809690	OK	 
USER	OrderTwoItems	61	END	1549235801435	1549235809690
REQUEST	62		request_10	1549235810175	1549235810177	OK	 
REQUEST	62		request_10 Redirect 1	1549235810177	1549235810179	OK	 
REQUEST	62		request_10 Redirect 2	1549235810180	1549235810181	OK	 
USER	OrderTwoItems	62	END	1549235801933	1549235810182
USER	OrderTwoItems	76	START	1549235810435	1549235810435
REQUEST	76		Open Main Page	1549235810436	1549235810437	OK	 
REQUEST	76		Open Main Page Redirect 1	1549235810438	1549235810439	KO	status.find.in(200,201,202,203,204,205,206,207,208,209,304), found 404
REQUEST	71		Login as a Client	1549235809455	1549235810665	KO	status.find.in(200,201,202,203,204,205,206,207,208,209,304), found 401
REQUEST	63		request_10	1549235810675	1549235810676	OK	 
REQUEST	66		Add Order	1549235810675	1549235810676	OK	 
REQUEST	63		request_10 Redirect 1	1549235810676	1549235810677	OK	 
REQUEST	66		Add Order Redirect 1	1549235810677	1549235810679	KO	status.find.in(200,201,202,203,204,205,206,207,208,209,304), found 404
REQUEST	63		request_10 Redirect 2	1549235810678	1549235810680	OK	 
USER	OrderTwoItems	63	END	1549235802435	1549235810680
USER	OrderTwoItems	77	START	1549235810934	1549235810934
REQUEST	77		Open Main Page	1549235810935	1549235810937	OK	 
REQUEST	77		Open Main Page Redirect 1	1549235810937	1549235810939	KO	status.find.in(200,201,202,203,204,205,206,207,208,209,304), found 404
REQUEST	72		Login as a Client	1549235809954	1549235811164	OK	 
REQUEST	64		request_10	1549235811175	1549235811176	OK	 
REQUEST	64		request_10 Redirect 1	1549235811177	1549235811178	OK	 
REQUEST	67		Add Order	1549235811175	1549235811178	KO	status.find.in(200,201,202,203,204,205,206,207,208,209,304), found 400
REQUEST	64		request_10 Redirect 2	1549235811178	1549235811180	OK	 
USER	OrderTwoItems	64	END	1549235802934	1549235811180
USER	OrderTwoItems	78	START	1549235811434	1549235811434
REQUEST	78		Open Main Page	1549235811435	1549235811437	OK	 
REQUEST	78		Open Main Page Redirect 1	1549235811438	1549235811440	KO	status.find.in(200,201,202,203,204,205,206,207,208,209,304), found 404
REQUEST	73		Login as a Client	1549235810453	1549235811660	KO	status.find.in(200,201,202,203,204,205,206,207,208,209,304), found 401
REQUEST	68		Add Order	1549235811675	1549235811676	OK	 
REQUEST	65		request_10	1549235811675	1549235811677	OK	 
REQUEST	65		request_10 Redirect 1	1549235811677	1549235811678	OK	 
REQUEST	68		Add Order Redirect 1	1549235811677	1549235811679	KO	status.find.in(200,201,202,203,204,205,206,207,208,209,304), found 404
REQUEST	65		request_10 Redirect 2	1549235811679	1549235811681	OK	 
USER	OrderTwoItems	65	END	1549235803433	1549235811681
USER	OrderTwoItems	79	START	1549235811933	1549235811933
REQUEST	79		Open Main Page	1549235811934	1549235811936	OK	 
REQUEST	79		Open Main Page Redirect 1	1549235811936	1549235811938	KO	status.find.in(200,201,202,203,204,205,206,207,208,209,304), found 404
REQUEST	74		Login as a Client	1549235810955	1549235812165	KO	status.find.in(200,201,202,203,204,205,206,207,208,209,304), found 401
REQUEST	69		Add Order	1549235812173	1549235812174	OK	 
REQUEST	69		Add Order Redirect 1	1549235812175	1549235812177	KO	status.find.in(200,201,202,203,204,205,206,207,208,209,304), found 404
USER	OrderTwoItems	80	START	1549235812433	1549235812433
REQUEST	80		Open Main Page	1549235812434	1549235812436	OK	 
REQUEST	80		Open Main Page Redirect 1	1549235812436	1549235812438	KO	status.find.in(200,201,202,203,204,205,206,207,208,209,304), found 404
REQUEST	75		Login as a Client	1549235811453	1549235812666	OK	 
REQUEST	66		request_10	1549235812673	1549235812674	OK	 
REQUEST	66		request_10 Redirect 1	1549235812674	1549235812674	OK	 
REQUEST	70		Add Order	1549235812673	1549235812675	KO	status.find.in(200,201,202,203,204,205,206,207,208,209,304), found 400
REQUEST	66		request_10 Redirect 2	1549235812675	1549235812676	OK	 
USER	OrderTwoItems	66	END	1549235804434	1549235812676
REQUEST	67		request_10	1549235813176	1549235813178	OK	 
REQUEST	67		request_10 Redirect 1	1549235813178	1549235813180	OK	 
REQUEST	67		request_10 Redirect 2	1549235813180	1549235813182	OK	 
USER	OrderTwoItems	67	END	1549235804934	1549235813182
USER	OrderTwoItems	81	START	1549235813433	1549235813433
REQUEST	81		Open Main Page	1549235813434	1549235813436	OK	 
REQUEST	81		Open Main Page Redirect 1	1549235813436	1549235813438	KO	status.find.in(200,201,202,203,204,205,206,207,208,209,304), found 404
REQUEST	76		Login as a Client	1549235812454	1549235813660	KO	status.find.in(200,201,202,203,204,205,206,207,208,209,304), found 401
REQUEST	68		request_10	1549235813676	1549235813677	OK	 
REQUEST	71		Add Order	1549235813676	1549235813677	OK	 
REQUEST	68		request_10 Redirect 1	1549235813677	1549235813678	OK	 
REQUEST	71		Add Order Redirect 1	1549235813677	1549235813680	KO	status.find.in(200,201,202,203,204,205,206,207,208,209,304), found 404
REQUEST	68		request_10 Redirect 2	1549235813678	1549235813681	OK	 
USER	OrderTwoItems	68	END	1549235805435	1549235813681
USER	OrderTwoItems	82	START	1549235813932	1549235813932
REQUEST	82		Open Main Page	1549235813933	1549235813935	OK	 
REQUEST	82		Open Main Page Redirect 1	1549235813935	1549235813937	KO	status.find.in(200,201,202,203,204,205,206,207,208,209,304), found 404
REQUEST	77		Login as a Client	1549235812953	1549235814164	OK	 
REQUEST	69		request_10	1549235814173	1549235814174	OK	 
REQUEST	69		request_10 Redirect 1	1549235814175	1549235814176	OK	 
REQUEST	72		Add Order	1549235814174	1549235814176	KO	status.find.in(200,201,202,203,204,205,206,207,208,209,304), found 400
REQUEST	69		request_10 Redirect 2	1549235814176	1549235814178	OK	 
USER	OrderTwoItems	69	END	1549235805933	1549235814179
USER	OrderTwoItems	83	START	1549235814434	1549235814434
REQUEST	83		Open Main Page	1549235814434	1549235814436	OK	 
REQUEST	83		Open Main Page Redirect 1	1549235814436	1549235814438	KO	status.find.in(200,201,202,203,204,205,206,207,208,209,304), found 404
REQUEST	78		Login as a Client	1549235813455	1549235814664	KO	status.find.in(200,201,202,203,204,205,206,207,208,209,304), found 401
REQUEST	73		Add Order	1549235814663	1549235814665	OK	 
REQUEST	73		Add Order Redirect 1	1549235814665	1549235814667	KO	status.find.in(200,201,202,203,204,205,206,207,208,209,304), found 404
REQUEST	70		request_10	1549235814673	1549235814674	OK	 
REQUEST	70		request_10 Redirect 1	1549235814674	1549235814675	OK	 
REQUEST	70		request_10 Redirect 2	1549235814675	1549235814676	OK	 
USER	OrderTwoItems	70	END	1549235806432	1549235814677
USER	OrderTwoItems	84	START	1549235814933	1549235814933
REQUEST	84		Open Main Page	1549235814933	1549235814935	OK	 
REQUEST	84		Open Main Page Redirect 1	1549235814935	1549235814937	KO	status.find.in(200,201,202,203,204,205,206,207,208,209,304), found 404
REQUEST	79		Login as a Client	1549235813955	1549235815165	KO	status.find.in(200,201,202,203,204,205,206,207,208,209,304), found 401
REQUEST	74		Add Order	1549235815174	1549235815175	OK	 
REQUEST	74		Add Order Redirect 1	1549235815175	1549235815177	KO	status.find.in(200,201,202,203,204,205,206,207,208,209,304), found 404
USER	OrderTwoItems	85	START	1549235815435	1549235815435
REQUEST	85		Open Main Page	1549235815436	1549235815438	OK	 
REQUEST	85		Open Main Page Redirect 1	1549235815438	1549235815440	KO	status.find.in(200,201,202,203,204,205,206,207,208,209,304), found 404
REQUEST	80		Login as a Client	1549235814453	1549235815662	OK	 
REQUEST	71		request_10	1549235815674	1549235815676	OK	 
REQUEST	71		request_10 Redirect 1	1549235815676	1549235815677	OK	 
REQUEST	75		Add Order	1549235815675	1549235815678	KO	status.find.in(200,201,202,203,204,205,206,207,208,209,304), found 400
REQUEST	71		request_10 Redirect 2	1549235815677	1549235815681	OK	 
USER	OrderTwoItems	71	END	1549235807433	1549235815681
REQUEST	72		request_10	1549235816175	1549235816177	OK	 
REQUEST	72		request_10 Redirect 1	1549235816177	1549235816178	OK	 
REQUEST	72		request_10 Redirect 2	1549235816179	1549235816180	OK	 
USER	OrderTwoItems	72	END	1549235807933	1549235816181
USER	OrderTwoItems	86	START	1549235816434	1549235816434
REQUEST	86		Open Main Page	1549235816435	1549235816437	OK	 
REQUEST	86		Open Main Page Redirect 1	1549235816437	1549235816439	KO	status.find.in(200,201,202,203,204,205,206,207,208,209,304), found 404
REQUEST	81		Login as a Client	1549235815455	1549235816663	KO	status.find.in(200,201,202,203,204,205,206,207,208,209,304), found 401
REQUEST	76		Add Order	1549235816663	1549235816664	OK	 
REQUEST	76		Add Order Redirect 1	1549235816664	1549235816666	KO	status.find.in(200,201,202,203,204,205,206,207,208,209,304), found 404
REQUEST	73		request_10	1549235816675	1549235816676	OK	 
REQUEST	73		request_10 Redirect 1	1549235816676	1549235816677	OK	 
REQUEST	73		request_10 Redirect 2	1549235816677	1549235816678	OK	 
USER	OrderTwoItems	73	END	1549235808433	1549235816679
USER	OrderTwoItems	87	START	1549235816934	1549235816934
REQUEST	87		Open Main Page	1549235816935	1549235816937	OK	 
REQUEST	87		Open Main Page Redirect 1	1549235816938	1549235816940	KO	status.find.in(200,201,202,203,204,205,206,207,208,209,304), found 404
REQUEST	82		Login as a Client	1549235815956	1549235817166	OK	 
REQUEST	74		request_10	1549235817175	1549235817176	OK	 
REQUEST	74		request_10 Redirect 1	1549235817176	1549235817177	OK	 
REQUEST	77		Add Order	1549235817175	1549235817178	KO	status.find.in(200,201,202,203,204,205,206,207,208,209,304), found 400
REQUEST	74		request_10 Redirect 2	1549235817178	1549235817180	OK	 
USER	OrderTwoItems	74	END	1549235808932	1549235817180
USER	OrderTwoItems	88	START	1549235817435	1549235817435
REQUEST	88		Open Main Page	1549235817436	1549235817438	OK	 
REQUEST	88		Open Main Page Redirect 1	1549235817438	1549235817441	KO	status.find.in(200,201,202,203,204,205,206,207,208,209,304), found 404
REQUEST	83		Login as a Client	1549235816456	1549235817665	KO	status.find.in(200,201,202,203,204,205,206,207,208,209,304), found 401
REQUEST	78		Add Order	1549235817675	1549235817676	OK	 
REQUEST	75		request_10	1549235817675	1549235817677	OK	 
REQUEST	75		request_10 Redirect 1	1549235817677	1549235817678	OK	 
REQUEST	78		Add Order Redirect 1	1549235817677	1549235817679	KO	status.find.in(200,201,202,203,204,205,206,207,208,209,304), found 404
REQUEST	75		request_10 Redirect 2	1549235817679	1549235817681	OK	 
USER	OrderTwoItems	75	END	1549235809434	1549235817681
USER	OrderTwoItems	89	START	1549235817933	1549235817933
REQUEST	89		Open Main Page	1549235817934	1549235817936	OK	 
REQUEST	89		Open Main Page Redirect 1	1549235817936	1549235817938	KO	status.find.in(200,201,202,203,204,205,206,207,208,209,304), found 404
REQUEST	84		Login as a Client	1549235816955	1549235818161	KO	status.find.in(200,201,202,203,204,205,206,207,208,209,304), found 401
REQUEST	79		Add Order	1549235818175	1549235818176	OK	 
REQUEST	79		Add Order Redirect 1	1549235818176	1549235818179	KO	status.find.in(200,201,202,203,204,205,206,207,208,209,304), found 404
USER	OrderTwoItems	90	START	1549235818435	1549235818435
REQUEST	90		Open Main Page	1549235818436	1549235818438	OK	 
REQUEST	90		Open Main Page Redirect 1	1549235818438	1549235818440	KO	status.find.in(200,201,202,203,204,205,206,207,208,209,304), found 404
REQUEST	85		Login as a Client	1549235817454	1549235818665	OK	 
REQUEST	80		Add Order	1549235818664	1549235818667	KO	status.find.in(200,201,202,203,204,205,206,207,208,209,304), found 400
REQUEST	76		request_10	1549235818674	1549235818675	OK	 
REQUEST	76		request_10 Redirect 1	1549235818675	1549235818676	OK	 
REQUEST	76		request_10 Redirect 2	1549235818677	1549235818678	OK	 
USER	OrderTwoItems	76	END	1549235810435	1549235818679
REQUEST	77		request_10	1549235819174	1549235819176	OK	 
REQUEST	77		request_10 Redirect 1	1549235819177	1549235819178	OK	 
REQUEST	77		request_10 Redirect 2	1549235819178	1549235819180	OK	 
USER	OrderTwoItems	77	END	1549235810934	1549235819180
USER	OrderTwoItems	91	START	1549235819435	1549235819435
REQUEST	91		Open Main Page	1549235819436	1549235819438	OK	 
REQUEST	91		Open Main Page Redirect 1	1549235819438	1549235819440	KO	status.find.in(200,201,202,203,204,205,206,207,208,209,304), found 404
REQUEST	86		Login as a Client	1549235818456	1549235819665	KO	status.find.in(200,201,202,203,204,205,206,207,208,209,304), found 401
REQUEST	78		request_10	1549235819674	1549235819675	OK	 
REQUEST	81		Add Order	1549235819674	1549235819675	OK	 
REQUEST	78		request_10 Redirect 1	1549235819675	1549235819676	OK	 
REQUEST	81		Add Order Redirect 1	1549235819675	1549235819677	KO	status.find.in(200,201,202,203,204,205,206,207,208,209,304), found 404
REQUEST	78		request_10 Redirect 2	1549235819676	1549235819678	OK	 
USER	OrderTwoItems	78	END	1549235811434	1549235819678
USER	OrderTwoItems	92	START	1549235819933	1549235819933
REQUEST	92		Open Main Page	1549235819934	1549235819936	OK	 
REQUEST	92		Open Main Page Redirect 1	1549235819936	1549235819938	KO	status.find.in(200,201,202,203,204,205,206,207,208,209,304), found 404
REQUEST	87		Login as a Client	1549235818954	1549235820163	OK	 
REQUEST	79		request_10	1549235820174	1549235820175	OK	 
REQUEST	79		request_10 Redirect 1	1549235820176	1549235820177	OK	 
REQUEST	82		Add Order	1549235820175	1549235820178	KO	status.find.in(200,201,202,203,204,205,206,207,208,209,304), found 400
REQUEST	79		request_10 Redirect 2	1549235820177	1549235820179	OK	 
USER	OrderTwoItems	79	END	1549235811933	1549235820180
USER	OrderTwoItems	93	START	1549235820432	1549235820432
REQUEST	93		Open Main Page	1549235820433	1549235820435	OK	 
REQUEST	93		Open Main Page Redirect 1	1549235820435	1549235820437	KO	status.find.in(200,201,202,203,204,205,206,207,208,209,304), found 404
REQUEST	88		Login as a Client	1549235819455	1549235820664	KO	status.find.in(200,201,202,203,204,205,206,207,208,209,304), found 401
REQUEST	83		Add Order	1549235820672	1549235820673	OK	 
REQUEST	80		request_10	1549235820672	1549235820674	OK	 
REQUEST	80		request_10 Redirect 1	1549235820674	1549235820675	OK	 
REQUEST	83		Add Order Redirect 1	1549235820674	1549235820675	KO	status.find.in(200,201,202,203,204,205,206,207,208,209,304), found 404
REQUEST	80		request_10 Redirect 2	1549235820675	1549235820677	OK	 
USER	OrderTwoItems	80	END	1549235812433	1549235820677
USER	OrderTwoItems	94	START	1549235820933	1549235820933
REQUEST	94		Open Main Page	1549235820933	1549235820935	OK	 
REQUEST	94		Open Main Page Redirect 1	1549235820935	1549235820937	KO	status.find.in(200,201,202,203,204,205,206,207,208,209,304), found 404
REQUEST	89		Login as a Client	1549235819955	1549235821165	KO	status.find.in(200,201,202,203,204,205,206,207,208,209,304), found 401
REQUEST	84		Add Order	1549235821165	1549235821166	OK	 
REQUEST	84		Add Order Redirect 1	1549235821166	1549235821168	KO	status.find.in(200,201,202,203,204,205,206,207,208,209,304), found 404
USER	OrderTwoItems	95	START	1549235821433	1549235821433
REQUEST	95		Open Main Page	1549235821434	1549235821436	OK	 
REQUEST	95		Open Main Page Redirect 1	1549235821436	1549235821438	KO	status.find.in(200,201,202,203,204,205,206,207,208,209,304), found 404
REQUEST	90		Login as a Client	1549235820455	1549235821664	OK	 
REQUEST	81		request_10	1549235821674	1549235821676	OK	 
REQUEST	81		request_10 Redirect 1	1549235821676	1549235821677	OK	 
REQUEST	85		Add Order	1549235821675	1549235821678	KO	status.find.in(200,201,202,203,204,205,206,207,208,209,304), found 400
REQUEST	81		request_10 Redirect 2	1549235821677	1549235821679	OK	 
USER	OrderTwoItems	81	END	1549235813433	1549235821680
REQUEST	82		request_10	1549235822174	1549235822176	OK	 
REQUEST	82		request_10 Redirect 1	1549235822177	1549235822178	OK	 
REQUEST	82		request_10 Redirect 2	1549235822178	1549235822180	OK	 
USER	OrderTwoItems	82	END	1549235813932	1549235822180
USER	OrderTwoItems	96	START	1549235822433	1549235822433
REQUEST	96		Open Main Page	1549235822433	1549235822435	OK	 
REQUEST	96		Open Main Page Redirect 1	1549235822435	1549235822437	KO	status.find.in(200,201,202,203,204,205,206,207,208,209,304), found 404
REQUEST	83		request_10	1549235822673	1549235822674	OK	 
REQUEST	86		Add Order	1549235822673	1549235822674	OK	 
REQUEST	83		request_10 Redirect 1	1549235822674	1549235822675	OK	 
REQUEST	86		Add Order Redirect 1	1549235822674	1549235822677	KO	status.find.in(200,201,202,203,204,205,206,207,208,209,304), found 404
REQUEST	83		request_10 Redirect 2	1549235822676	1549235822677	OK	 
USER	OrderTwoItems	83	END	1549235814434	1549235822678
REQUEST	91		Login as a Client	1549235821454	1549235822680	KO	status.find.in(200,201,202,203,204,205,206,207,208,209,304), found 401
USER	OrderTwoItems	97	START	1549235822935	1549235822935
REQUEST	97		Open Main Page	1549235822936	1549235822938	OK	 
REQUEST	97		Open Main Page Redirect 1	1549235822938	1549235822940	KO	status.find.in(200,201,202,203,204,205,206,207,208,209,304), found 404
REQUEST	84		request_10	1549235823163	1549235823164	OK	 
REQUEST	92		Login as a Client	1549235821953	1549235823164	OK	 
REQUEST	84		request_10 Redirect 1	1549235823164	1549235823165	OK	 
REQUEST	84		request_10 Redirect 2	1549235823165	1549235823167	OK	 
USER	OrderTwoItems	84	END	1549235814933	1549235823167
REQUEST	87		Add Order	1549235823175	1549235823177	KO	status.find.in(200,201,202,203,204,205,206,207,208,209,304), found 400
USER	OrderTwoItems	98	START	1549235823433	1549235823433
REQUEST	98		Open Main Page	1549235823434	1549235823436	OK	 
REQUEST	98		Open Main Page Redirect 1	1549235823437	1549235823439	KO	status.find.in(200,201,202,203,204,205,206,207,208,209,304), found 404
REQUEST	93		Login as a Client	1549235822455	1549235823663	KO	status.find.in(200,201,202,203,204,205,206,207,208,209,304), found 401
REQUEST	88		Add Order	1549235823675	1549235823676	OK	 
REQUEST	85		request_10	1549235823675	1549235823676	OK	 
REQUEST	85		request_10 Redirect 1	1549235823677	1549235823678	OK	 
REQUEST	88		Add Order Redirect 1	1549235823676	1549235823678	KO	status.find.in(200,201,202,203,204,205,206,207,208,209,304), found 404
REQUEST	85		request_10 Redirect 2	1549235823678	1549235823680	OK	 
USER	OrderTwoItems	85	END	1549235815435	1549235823680
USER	OrderTwoItems	99	START	1549235823933	1549235823933
REQUEST	99		Open Main Page	1549235823934	1549235823936	OK	 
REQUEST	99		Open Main Page Redirect 1	1549235823936	1549235823938	KO	status.find.in(200,201,202,203,204,205,206,207,208,209,304), found 404
REQUEST	94		Login as a Client	1549235822953	1549235824162	KO	status.find.in(200,201,202,203,204,205,206,207,208,209,304), found 401
REQUEST	89		Add Order	1549235824175	1549235824177	OK	 
REQUEST	89		Add Order Redirect 1	1549235824177	1549235824179	KO	status.find.in(200,201,202,203,204,205,206,207,208,209,304), found 404
USER	OrderTwoItems	100	START	1549235824433	1549235824433
REQUEST	100		Open Main Page	1549235824434	1549235824435	OK	 
REQUEST	100		Open Main Page Redirect 1	1549235824436	1549235824437	KO	status.find.in(200,201,202,203,204,205,206,207,208,209,304), found 404
REQUEST	95		Login as a Client	1549235823456	1549235824664	OK	 
REQUEST	86		request_10	1549235824675	1549235824676	OK	 
REQUEST	86		request_10 Redirect 1	1549235824676	1549235824677	OK	 
REQUEST	90		Add Order	1549235824675	1549235824678	KO	status.find.in(200,201,202,203,204,205,206,207,208,209,304), found 400
REQUEST	86		request_10 Redirect 2	1549235824678	1549235824680	OK	 
USER	OrderTwoItems	86	END	1549235816434	1549235824680
REQUEST	87		request_10	1549235825173	1549235825175	OK	 
REQUEST	87		request_10 Redirect 1	1549235825175	1549235825176	OK	 
REQUEST	87		request_10 Redirect 2	1549235825177	1549235825178	OK	 
USER	OrderTwoItems	87	END	1549235816934	1549235825179
REQUEST	96		Login as a Client	1549235824453	1549235825659	KO	status.find.in(200,201,202,203,204,205,206,207,208,209,304), found 401
REQUEST	88		request_10	1549235825675	1549235825676	OK	 
REQUEST	88		request_10 Redirect 1	1549235825676	1549235825677	OK	 
REQUEST	88		request_10 Redirect 2	1549235825678	1549235825679	OK	 
USER	OrderTwoItems	88	END	1549235817435	1549235825680
REQUEST	91		Add Order	1549235825685	1549235825686	OK	 
REQUEST	91		Add Order Redirect 1	1549235825687	1549235825688	KO	status.find.in(200,201,202,203,204,205,206,207,208,209,304), found 404
REQUEST	97		Login as a Client	1549235824955	1549235826164	OK	 
REQUEST	89		request_10	1549235826175	1549235826176	OK	 
REQUEST	89		request_10 Redirect 1	1549235826176	1549235826177	OK	 
REQUEST	92		Add Order	1549235826175	1549235826179	KO	status.find.in(200,201,202,203,204,205,206,207,208,209,304), found 400
REQUEST	89		request_10 Redirect 2	1549235826177	1549235826180	OK	 
USER	OrderTwoItems	89	END	1549235817933	1549235826180
REQUEST	98		Login as a Client	1549235825453	1549235826665	KO	status.find.in(200,201,202,203,204,205,206,207,208,209,304), found 401
REQUEST	93		Add Order	1549235826673	1549235826675	OK	 
REQUEST	90		request_10	1549235826673	1549235826676	OK	 
REQUEST	90		request_10 Redirect 1	1549235826677	1549235826677	OK	 
REQUEST	93		Add Order Redirect 1	1549235826675	1549235826677	KO	status.find.in(200,201,202,203,204,205,206,207,208,209,304), found 404
REQUEST	90		request_10 Redirect 2	1549235826678	1549235826680	OK	 
USER	OrderTwoItems	90	END	1549235818435	1549235826680
REQUEST	99		Login as a Client	1549235825954	1549235827163	KO	status.find.in(200,201,202,203,204,205,206,207,208,209,304), found 401
REQUEST	94		Add Order	1549235827176	1549235827177	OK	 
REQUEST	94		Add Order Redirect 1	1549235827178	1549235827180	KO	status.find.in(200,201,202,203,204,205,206,207,208,209,304), found 404
REQUEST	100		Login as a Client	1549235826453	1549235827661	OK	 
REQUEST	95		Add Order	1549235827673	1549235827676	KO	status.find.in(200,201,202,203,204,205,206,207,208,209,304), found 400
REQUEST	91		request_10	1549235827684	1549235827685	OK	 
REQUEST	91		request_10 Redirect 1	1549235827685	1549235827686	OK	 
REQUEST	91		request_10 Redirect 2	1549235827686	1549235827688	OK	 
USER	OrderTwoItems	91	END	1549235819435	1549235827688
REQUEST	92		request_10	1549235828175	1549235828177	OK	 
REQUEST	92		request_10 Redirect 1	1549235828177	1549235828178	OK	 
REQUEST	92		request_10 Redirect 2	1549235828178	1549235828180	OK	 
USER	OrderTwoItems	92	END	1549235819933	1549235828180
REQUEST	96		Add Order	1549235828664	1549235828665	OK	 
REQUEST	96		Add Order Redirect 1	1549235828666	1549235828670	KO	status.find.in(200,201,202,203,204,205,206,207,208,209,304), found 404
REQUEST	93		request_10	1549235828673	1549235828674	OK	 
REQUEST	93		request_10 Redirect 1	1549235828674	1549235828675	OK	 
REQUEST	93		request_10 Redirect 2	1549235828675	1549235828676	OK	 
USER	OrderTwoItems	93	END	1549235820432	1549235828676
REQUEST	94		request_10	1549235829163	1549235829164	OK	 
REQUEST	94		request_10 Redirect 1	1549235829164	1549235829165	OK	 
REQUEST	94		request_10 Redirect 2	1549235829165	1549235829167	OK	 
USER	OrderTwoItems	94	END	1549235820933	1549235829167
REQUEST	97		Add Order	1549235829175	1549235829178	KO	status.find.in(200,201,202,203,204,205,206,207,208,209,304), found 400
REQUEST	98		Add Order	1549235829673	1549235829674	OK	 
REQUEST	95		request_10	1549235829673	1549235829674	OK	 
REQUEST	95		request_10 Redirect 1	1549235829675	1549235829675	OK	 
REQUEST	98		Add Order Redirect 1	1549235829674	1549235829676	KO	status.find.in(200,201,202,203,204,205,206,207,208,209,304), found 404
REQUEST	95		request_10 Redirect 2	1549235829676	1549235829677	OK	 
USER	OrderTwoItems	95	END	1549235821433	1549235829678
REQUEST	99		Add Order	1549235830174	1549235830176	OK	 
REQUEST	99		Add Order Redirect 1	1549235830176	1549235830178	KO	status.find.in(200,201,202,203,204,205,206,207,208,209,304), found 404
REQUEST	100		Add Order	1549235830665	1549235830668	KO	status.find.in(200,201,202,203,204,205,206,207,208,209,304), found 400
REQUEST	96		request_10	1549235830674	1549235830675	OK	 
REQUEST	96		request_10 Redirect 1	1549235830675	1549235830676	OK	 
REQUEST	96		request_10 Redirect 2	1549235830676	1549235830678	OK	 
USER	OrderTwoItems	96	END	1549235822433	1549235830678
REQUEST	97		request_10	1549235831176	1549235831178	OK	 
REQUEST	97		request_10 Redirect 1	1549235831178	1549235831180	OK	 
REQUEST	97		request_10 Redirect 2	1549235831180	1549235831182	OK	 
USER	OrderTwoItems	97	END	1549235822935	1549235831182
REQUEST	98		request_10	1549235831675	1549235831676	OK	 
REQUEST	98		request_10 Redirect 1	1549235831676	1549235831677	OK	 
REQUEST	98		request_10 Redirect 2	1549235831677	1549235831680	OK	 
USER	OrderTwoItems	98	END	1549235823433	1549235831680
REQUEST	99		request_10	1549235832175	1549235832176	OK	 
REQUEST	99		request_10 Redirect 1	1549235832177	1549235832177	OK	 
REQUEST	99		request_10 Redirect 2	1549235832178	1549235832180	OK	 
USER	OrderTwoItems	99	END	1549235823933	1549235832180
REQUEST	100		request_10	1549235832673	1549235832675	OK	 
REQUEST	100		request_10 Redirect 1	1549235832675	1549235832676	OK	 
REQUEST	100		request_10 Redirect 2	1549235832676	1549235832678	OK	 
USER	OrderTwoItems	100	END	1549235824433	1549235832678
